{"timestamp": "2026-09-21T17:54:42.402+0000", "rule": {"level": 7, "description": "Web application attack detected.", "id": "61603", "firedtimes": 9, "mail": false, "groups": ["web", "attack", "ids"]}, "agent": {"id": "001", "name": "WIN-CLIENT-01", "ip": "10.0.0.21"}, "manager": {"name": "wazuh.manager"}, "decoder": {"name": "sshd"}, "location": "EventChannel", "id": "1790013282.000140", "full_log": "{\"srcip\":\"10.0.0.99\",\"dstport\":\"80\",\"url\":\"/login?user=admin\",\"http_method\":\"GET\"}", "data": {"srcip": "10.0.0.99", "dstport": "80", "url": "/login?user=admin", "http_method": "GET"}, "mitre": {"id": ["T1190"], "tactic": ["Initial Access"]}}
{"timestamp": "2026-09-27T11:15:42.402+0000", "rule": {"level": 5, "description": "File integrity monitoring: file modified.", "id": "554", "firedtimes": 7, "mail": false, "groups": ["syscheck", "file_integrity"]}, "agent": {"id": "002", "name": "WIN-CLIENT-02", "ip": "10.0.0.22"}, "manager": {"name": "wazuh.manager"}, "decoder": {"name": "json"}, "location": "EventChannel", "id": "1790507742.000141", "full_log": "{\"path\":\"/etc/ssh/sshd_config\",\"action\":\"modified\"}", "data": {"path": "/etc/ssh/sshd_config", "action": "modified"}, "mitre": {"id": ["T1566.001"], "tactic": ["Persistence"]}}
{"timestamp": "2026-09-24T12:08:42.402+0000", "rule": {"level": 12, "description": "Possible exploitation attempt detected.", "id": "80700", "firedtimes": 4, "mail": true, "groups": ["exploit", "attack"]}, "agent": {"id": "003", "name": "LINUX-SERVER-01", "ip": "10.0.0.31"}, "manager": {"name": "wazuh.manager"}, "decoder": {"name": "syscheck"}, "location": "EventChannel", "id": "1790251722.000142", "full_log": "{\"srcip\":\"10.0.0.10\",\"dstip\":\"10.0.0.31\",\"dstport\":\"443\"}", "data": {"srcip": "10.0.0.10", "dstip": "10.0.0.31", "dstport": "443"}, "mitre": {"id": ["T1059.001"], "tactic": ["Initial Access"]}}
{"timestamp": "2026-09-22T10:52:42.402+0000", "rule": {"level": 9, "description": "Suricata: IDS alert detected.", "id": "86601", "firedtimes": 1, "mail": false, "groups": ["ids", "suricata"]}, "agent": {"id": "004", "name": "WEB-SERVER-01", "ip": "10.0.0.41"}, "manager": {"name": "wazuh.manager"}, "decoder": {"name": "syscheck"}, "location": "sshd", "id": "1790074362.000143", "full_log": "{\"srcip\":\"10.0.0.99\",\"dstip\":\"10.0.0.41\",\"srcport\":60117,\"dstport\":8080,\"protocol\":\"UDP\"}", "data": {"srcip": "10.0.0.99", "dstip": "10.0.0.41", "srcport": 60117, "dstport": 8080, "protocol": "UDP"}, "mitre": {"id": ["T1059.001"], "tactic": ["Credential Access"]}}
{"timestamp": "2026-09-26T11:55:42.402+0000", "rule": {"level": 10, "description": "sshd: Attempt to login using a non-existent user.", "id": "5710", "firedtimes": 4, "mail": false, "groups": ["authentication_failed", "sshd"]}, "agent": {"id": "005", "name": "DB-SERVER-01", "ip": "10.0.0.51"}, "manager": {"name": "wazuh.manager"}, "decoder": {"name": "suricata"}, "location": "Security", "id": "1790423742.000144", "full_log": "{\"srcip\":\"10.0.0.10\",\"srcuser\":\"root\",\"dstuser\":\"root\",\"dstport\":\"22\",\"protocol\":\"ssh\"}", "data": {"srcip": "10.0.0.10", "srcuser": "root", "dstuser": "root", "dstport": "22", "protocol": "ssh"}, "mitre": {"id": ["T1110", "T1110.001"], "tactic": ["Initial Access"]}}
{"timestamp": "2026-09-24T02:15:42.402+0000", "rule": {"level": 10, "description": "sshd: brute force trying to get access to the system.", "id": "5763", "firedtimes": 4, "mail": false, "groups": ["authentication_failed", "sshd", "brute_force"]}, "agent": {"id": "001", "name": "WIN-CLIENT-01", "ip": "10.0.0.21"}, "manager": {"name": "wazuh.manager"}, "decoder": {"name": "json"}, "location": "suricata", "id": "1790216142.000145", "full_log": "{\"srcip\":\"10.0.0.15\",\"srcuser\":\"alice\",\"dstuser\":\"alice\",\"dstport\":\"22\",\"protocol\":\"ssh\"}", "data": {"srcip": "10.0.0.15", "srcuser": "alice", "dstuser": "alice", "dstport": "22", "protocol": "ssh"}, "mitre": {"id": ["T1059.001"], "tactic": ["Command and Control"]}}
{"timestamp": "2026-09-23T18:43:42.402+0000", "rule": {"level": 8, "description": "Windows Defender: Malware detected.", "id": "60122", "firedtimes": 10, "mail": false, "groups": ["windows", "windows_defender", "malware"]}, "agent": {"id": "002", "name": "WIN-CLIENT-02", "ip": "10.0.0.22"}, "manager": {"name": "wazuh.manager"}, "decoder": {"name": "json"}, "location": "sshd", "id": "1790189022.000146", "full_log": "{\"win\":{\"system\":{\"eventID\":1116},\"win_defender\":{\"threatName\":\"Trojan:Win32/TestThreat\",\"action\":\"Quarantine\"}}}", "data": {"win": {"system": {"eventID": 1116}, "win_defender": {"threatName": "Trojan:Win32/TestThreat", "action": "Quarantine"}}}, "mitre": {"id": ["T1547.001"], "tactic": ["Execution"]}}
{"timestamp": "2026-09-22T19:14:42.402+0000", "rule": {"level": 7, "description": "Windows PowerShell execution detected.", "id": "92032", "firedtimes": 2, "mail": false, "groups": ["windows", "powershell"]}, "agent": {"id": "003", "name": "LINUX-SERVER-01", "ip": "10.0.0.31"}, "manager": {"name": "wazuh.manager"}, "decoder": {"name": "json"}, "location": "syscheck", "id": "1790104482.000147", "full_log": "{\"win\":{\"system\":{\"eventID\":4688},\"eventdata\":{\"commandLine\":\"powershell.exe -Command whoami\",\"user\":\"svc-backup\"}}}", "data": {"win": {"system": {"eventID": 4688}, "eventdata": {"commandLine": "powershell.exe -Command whoami", "user": "svc-backup"}}}, "mitre": {"id": ["T1110", "T1110.001"], "tactic": ["Initial Access"]}}
{"timestamp": "2026-09-24T00:43:42.402+0000", "rule": {"level": 7, "description": "Web application attack detected.", "id": "61603", "firedtimes": 1, "mail": false, "groups": ["web", "attack", "ids"]}, "agent": {"id": "004", "name": "WEB-SERVER-01", "ip": "10.0.0.41"}, "manager": {"name": "wazuh.manager"}, "decoder": {"name": "sshd"}, "location": "EventChannel", "id": "1790210622.000148", "full_log": "{\"srcip\":\"192.168.1.55\",\"dstport\":\"80\",\"url\":\"/search?q=%27%20OR%201%3D1--\",\"http_method\":\"POST\"}", "data": {"srcip": "192.168.1.55", "dstport": "80", "url": "/search?q=%27%20OR%201%3D1--", "http_method": "POST"}, "mitre": {"id": ["T1566.001"], "tactic": ["Credential Access"]}}
{"timestamp": "2026-09-22T01:06:42.402+0000", "rule": {"level": 5, "description": "File integrity monitoring: file modified.", "id": "554", "firedtimes": 9, "mail": false, "groups": ["syscheck", "file_integrity"]}, "agent": {"id": "005", "name": "DB-SERVER-01", "ip": "10.0.0.51"}, "manager": {"name": "wazuh.manager"}, "decoder": {"name": "suricata"}, "location": "Security", "id": "1790039202.000149", "full_log": "{\"path\":\"/var/www/html/index.php\",\"action\":\"modified\"}", "data": {"path": "/var/www/html/index.php", "action": "modified"}, "mitre": {"id": ["T1190"], "tactic": ["Command and Control"]}}
{"timestamp": "2026-09-23T20:14:42.402+0000", "rule": {"level": 12, "description": "Possible exploitation attempt detected.", "id": "80700", "firedtimes": 11, "mail": true, "groups": ["exploit", "attack"]}, "agent": {"id": "001", "name": "WIN-CLIENT-01", "ip": "10.0.0.21"}, "manager": {"name": "wazuh.manager"}, "decoder": {"name": "suricata"}, "location": "sshd", "id": "1790194482.000150", "full_log": "{\"srcip\":\"192.168.1.55\",\"dstip\":\"10.0.0.21\",\"dstport\":\"8080\"}", "data": {"srcip": "192.168.1.55", "dstip": "10.0.0.21", "dstport": "8080"}, "mitre": {"id": ["T1190"], "tactic": ["Credential Access"]}}
{"timestamp": "2026-09-22T00:21:42.402+0000", "rule": {"level": 9, "description": "Suricata: IDS alert detected.", "id": "86601", "firedtimes": 8, "mail": false, "groups": ["ids", "suricata"]}, "agent": {"id": "002", "name": "WIN-CLIENT-02", "ip": "10.0.0.22"}, "manager": {"name": "wazuh.manager"}, "decoder": {"name": "syscheck"}, "location": "Security", "id": "1790036502.000151", "full_log": "{\"srcip\":\"172.16.0.25\",\"dstip\":\"10.0.0.22\",\"srcport\":28960,\"dstport\":8080,\"protocol\":\"TCP\"}", "data": {"srcip": "172.16.0.25", "dstip": "10.0.0.22", "srcport": 28960, "dstport": 8080, "protocol": "TCP"}, "mitre": {"id": ["T1110", "T1110.001"], "tactic": ["Initial Access"]}}
{"timestamp": "2026-09-28T05:51:42.402+0000", "rule": {"level": 10, "description": "sshd: Attempt to login using a non-existent user.", "id": "5710", "firedtimes": 3, "mail": false, "groups": ["authentication_failed", "sshd"]}, "agent": {"id": "003", "name": "LINUX-SERVER-01", "ip": "10.0.0.31"}, "manager": {"name": "wazuh.manager"}, "decoder": {"name": "windows"}, "location": "suricata", "id": "1790574702.000152", "full_log": "{\"srcip\":\"10.0.0.15\",\"srcuser\":\"administrator\",\"dstuser\":\"administrator\",\"dstport\":\"22\",\"protocol\":\"ssh\"}", "data": {"srcip": "10.0.0.15", "srcuser": "administrator", "dstuser": "administrator", "dstport": "22", "protocol": "ssh"}, "mitre": {"id": ["T1071.001"], "tactic": ["Command and Control"]}}
{"timestamp": "2026-09-27T13:29:42.402+0000", "rule": {"level": 10, "description": "sshd: brute force trying to get access to the system.", "id": "5763", "firedtimes": 10, "mail": false, "groups": ["authentication_failed", "sshd", "brute_force"]}, "agent": {"id": "004", "name": "WEB-SERVER-01", "ip": "10.0.0.41"}, "manager": {"name": "wazuh.manager"}, "decoder": {"name": "suricata"}, "location": "sshd", "id": "1790515782.000153", "full_log": "{\"srcip\":\"10.0.0.99\",\"srcuser\":\"john\",\"dstuser\":\"john\",\"dstport\":\"22\",\"protocol\":\"ssh\"}", "data": {"srcip": "10.0.0.99", "srcuser": "john", "dstuser": "john", "dstport": "22", "protocol": "ssh"}, "mitre": {"id": ["T1190"], "tactic": ["Command and Control"]}}
{"timestamp": "2026-09-28T05:04:42.402+0000", "rule": {"level": 8, "description": "Windows Defender: Malware detected.", "id": "60122", "firedtimes": 2, "mail": false, "groups": ["windows", "windows_defender", "malware"]}, "agent": {"id": "005", "name": "DB-SERVER-01", "ip": "10.0.0.51"}, "manager": {"name": "wazuh.manager"}, "decoder": {"name": "suricata"}, "location": "syscheck", "id": "1790571882.000154", "full_log": "{\"win\":{\"system\":{\"eventID\":1116},\"win_defender\":{\"threatName\":\"PUA:Win32/Example\",\"action\":\"Quarantine\"}}}", "data": {"win": {"system": {"eventID": 1116}, "win_defender": {"threatName": "PUA:Win32/Example", "action": "Quarantine"}}}, "mitre": {"id": ["T1190"], "tactic": ["Persistence"]}}
{"timestamp": "2026-09-23T22:08:42.402+0000", "rule": {"level": 7, "description": "Windows PowerShell execution detected.", "id": "92032", "firedtimes": 7, "mail": false, "groups": ["windows", "powershell"]}, "agent": {"id": "001", "name": "WIN-CLIENT-01", "ip": "10.0.0.21"}, "manager": {"name": "wazuh.manager"}, "decoder": {"name": "syscheck"}, "location": "Security", "id": "1790201322.000155", "full_log": "{\"win\":{\"system\":{\"eventID\":4688},\"eventdata\":{\"commandLine\":\"powershell.exe -NoProfile -Command ipconfig\",\"user\":\"svc-backup\"}}}", "data": {"win": {"system": {"eventID": 4688}, "eventdata": {"commandLine": "powershell.exe -NoProfile -Command ipconfig", "user": "svc-backup"}}}, "mitre": {"id": ["T1203"], "tactic": ["Persistence"]}}
{"timestamp": "2026-09-24T21:05:42.402+0000", "rule": {"level": 7, "description": "Web application attack detected.", "id": "61603", "firedtimes": 2, "mail": false, "groups": ["web", "attack", "ids"]}, "agent": {"id": "002", "name": "WIN-CLIENT-02", "ip": "10.0.0.22"}, "manager": {"name": "wazuh.manager"}, "decoder": {"name": "json"}, "location": "Security", "id": "1790283942.000156", "full_log": "{\"srcip\":\"10.0.0.99\",\"dstport\":\"80\",\"url\":\"/../../etc/passwd\",\"http_method\":\"GET\"}", "data": {"srcip": "10.0.0.99", "dstport": "80", "url": "/../../etc/passwd", "http_method": "GET"}, "mitre": {"id": ["T1190"], "tactic": ["Credential Access"]}}
{"timestamp": "2026-09-25T13:30:42.402+0000", "rule": {"level": 5, "description": "File integrity monitoring: file modified.", "id": "554", "firedtimes": 10, "mail": false, "groups": ["syscheck", "file_integrity"]}, "agent": {"id": "003", "name": "LINUX-SERVER-01", "ip": "10.0.0.31"}, "manager": {"name": "wazuh.manager"}, "decoder": {"name": "suricata"}, "location": "suricata", "id": "1790343042.000157", "full_log": "{\"path\":\"/etc/passwd\",\"action\":\"modified\"}", "data": {"path": "/etc/passwd", "action": "modified"}, "mitre": {"id": ["T1203"], "tactic": ["Credential Access"]}}
{"timestamp": "2026-09-25T23:55:42.402+0000", "rule": {"level": 12, "description": "Possible exploitation attempt detected.", "id": "80700", "firedtimes": 12, "mail": true, "groups": ["exploit", "attack"]}, "agent": {"id": "004", "name": "WEB-SERVER-01", "ip": "10.0.0.41"}, "manager": {"name": "wazuh.manager"}, "decoder": {"name": "json"}, "location": "sshd", "id": "1790380542.000158", "full_log": "{\"srcip\":\"10.0.0.99\",\"dstip\":\"10.0.0.41\",\"dstport\":\"445\"}", "data": {"srcip": "10.0.0.99", "dstip": "10.0.0.41", "dstport": "445"}, "mitre": {"id": ["T1566.001"], "tactic": ["Initial Access"]}}
{"timestamp": "2026-09-25T07:46:42.402+0000", "rule": {"level": 9, "description": "Suricata: IDS alert detected.", "id": "86601", "firedtimes": 11, "mail": false, "groups": ["ids", "suricata"]}, "agent": {"id": "005", "name": "DB-SERVER-01", "ip": "10.0.0.51"}, "manager": {"name": "wazuh.manager"}, "decoder": {"name": "syscheck"}, "location": "syscheck", "id": "1790322402.000159", "full_log": "{\"srcip\":\"10.0.0.10\",\"dstip\":\"10.0.0.51\",\"srcport\":34277,\"dstport\":80,\"protocol\":\"TCP\"}", "data": {"srcip": "10.0.0.10", "dstip": "10.0.0.51", "srcport": 34277, "dstport": 80, "protocol": "TCP"}, "mitre": {"id": ["T1547.001"], "tactic": ["Credential Access"]}}
{"timestamp": "2026-09-25T07:21:42.402+0000", "rule": {"level": 10, "description": "sshd: Attempt to login using a non-existent user.", "id": "5710", "firedtimes": 2, "mail": false, "groups": ["authentication_failed", "sshd"]}, "agent": {"id": "001", "name": "WIN-CLIENT-01", "ip": "10.0.0.21"}, "manager": {"name": "wazuh.manager"}, "decoder": {"name": "windows"}, "location": "suricata", "id": "1790320902.000160", "full_log": "{\"srcip\":\"192.168.1.55\",\"srcuser\":\"svc-backup\",\"dstuser\":\"svc-backup\",\"dstport\":\"22\",\"protocol\":\"ssh\"}", "data": {"srcip": "192.168.1.55", "srcuser": "svc-backup", "dstuser": "svc-backup", "dstport": "22", "protocol": "ssh"}, "mitre": {"id": ["T1059.001"], "tactic": ["Persistence"]}}
{"timestamp": "2026-09-27T16:55:42.402+0000", "rule": {"level": 10, "description": "sshd: brute force trying to get access to the system.", "id": "5763", "firedtimes": 11, "mail": false, "groups": ["authentication_failed", "sshd", "brute_force"]}, "agent": {"id": "002", "name": "WIN-CLIENT-02", "ip": "10.0.0.22"}, "manager": {"name": "wazuh.manager"}, "decoder": {"name": "suricata"}, "location": "Security", "id": "1790528142.000161", "full_log": "{\"srcip\":\"192.168.1.55\",\"srcuser\":\"alice\",\"dstuser\":\"alice\",\"dstport\":\"22\",\"protocol\":\"ssh\"}", "data": {"srcip": "192.168.1.55", "srcuser": "alice", "dstuser": "alice", "dstport": "22", "protocol": "ssh"}, "mitre": {"id": ["T1566.001"], "tactic": ["Initial Access"]}}
{"timestamp": "2026-09-21T15:39:42.402+0000", "rule": {"level": 8, "description": "Windows Defender: Malware detected.", "id": "60122", "firedtimes": 5, "mail": false, "groups": ["windows", "windows_defender", "malware"]}, "agent": {"id": "003", "name": "LINUX-SERVER-01", "ip": "10.0.0.31"}, "manager": {"name": "wazuh.manager"}, "decoder": {"name": "windows"}, "location": "sshd", "id": "1790005182.000162", "full_log": "{\"win\":{\"system\":{\"eventID\":1116},\"win_defender\":{\"threatName\":\"PUA:Win32/Example\",\"action\":\"Quarantine\"}}}", "data": {"win": {"system": {"eventID": 1116}, "win_defender": {"threatName": "PUA:Win32/Example", "action": "Quarantine"}}}, "mitre": {"id": ["T1110", "T1110.001"], "tactic": ["Execution"]}}
{"timestamp": "2026-09-22T22:52:42.402+0000", "rule": {"level": 7, "description": "Windows PowerShell execution detected.", "id": "92032", "firedtimes": 2, "mail": false, "groups": ["windows", "powershell"]}, "agent": {"id": "004", "name": "WEB-SERVER-01", "ip": "10.0.0.41"}, "manager": {"name": "wazuh.manager"}, "decoder": {"name": "sshd"}, "location": "Security", "id": "1790117562.000163", "full_log": "{\"win\":{\"system\":{\"eventID\":4688},\"eventdata\":{\"commandLine\":\"powershell.exe -NoProfile -Command ipconfig\",\"user\":\"root\"}}}", "data": {"win": {"system": {"eventID": 4688}, "eventdata": {"commandLine": "powershell.exe -NoProfile -Command ipconfig", "user": "root"}}}, "mitre": {"id": ["T1110", "T1110.001"], "tactic": ["Command and Control"]}}
{"timestamp": "2026-09-23T18:29:42.402+0000", "rule": {"level": 7, "description": "Web application attack detected.", "id": "61603", "firedtimes": 6, "mail": false, "groups": ["web", "attack", "ids"]}, "agent": {"id": "005", "name": "DB-SERVER-01", "ip": "10.0.0.51"}, "manager": {"name": "wazuh.manager"}, "decoder": {"name": "windows"}, "location": "sshd", "id": "1790188182.000164", "full_log": "{\"srcip\":\"172.16.0.25\",\"dstport\":\"443\",\"url\":\"/api/users/1\",\"http_method\":\"GET\"}", "data": {"srcip": "172.16.0.25", "dstport": "443", "url": "/api/users/1", "http_method": "GET"}, "mitre": {"id": ["T1547.001"], "tactic": ["Command and Control"]}}
{"timestamp": "2026-09-28T02:33:42.402+0000", "rule": {"level": 5, "description": "File integrity monitoring: file modified.", "id": "554", "firedtimes": 3, "mail": false, "groups": ["syscheck", "file_integrity"]}, "agent": {"id": "001", "name": "WIN-CLIENT-01", "ip": "10.0.0.21"}, "manager": {"name": "wazuh.manager"}, "decoder": {"name": "suricata"}, "location": "Security", "id": "1790562822.000165", "full_log": "{\"path\":\"/etc/ssh/sshd_config\",\"action\":\"modified\"}", "data": {"path": "/etc/ssh/sshd_config", "action": "modified"}, "mitre": {"id": ["T1071.001"], "tactic": ["Credential Access"]}}
{"timestamp": "2026-09-24T10:03:42.402+0000", "rule": {"level": 12, "description": "Possible exploitation attempt detected.", "id": "80700", "firedtimes": 8, "mail": true, "groups": ["exploit", "attack"]}, "agent": {"id": "002", "name": "WIN-CLIENT-02", "ip": "10.0.0.22"}, "manager": {"name": "wazuh.manager"}, "decoder": {"name": "suricata"}, "location": "EventChannel", "id": "1790244222.000166", "full_log": "{\"srcip\":\"172.16.0.25\",\"dstip\":\"10.0.0.22\",\"dstport\":\"445\"}", "data": {"srcip": "172.16.0.25", "dstip": "10.0.0.22", "dstport": "445"}, "mitre": {"id": ["T1190"], "tactic": ["Initial Access"]}}
{"timestamp": "2026-09-23T18:36:42.402+0000", "rule": {"level": 9, "description": "Suricata: IDS alert detected.", "id": "86601", "firedtimes": 5, "mail": false, "groups": ["ids", "suricata"]}, "agent": {"id": "003", "name": "LINUX-SERVER-01", "ip": "10.0.0.31"}, "manager": {"name": "wazuh.manager"}, "decoder": {"name": "suricata"}, "location": "EventChannel", "id": "1790188602.000167", "full_log": "{\"srcip\":\"192.168.1.55\",\"dstip\":\"10.0.0.31\",\"srcport\":23645,\"dstport\":445,\"protocol\":\"TCP\"}", "data": {"srcip": "192.168.1.55", "dstip": "10.0.0.31", "srcport": 23645, "dstport": 445, "protocol": "TCP"}, "mitre": {"id": ["T1566.001"], "tactic": ["Initial Access"]}}
{"timestamp": "2026-09-21T20:09:42.402+0000", "rule": {"level": 10, "description": "sshd: Attempt to login using a non-existent user.", "id": "5710", "firedtimes": 10, "mail": false, "groups": ["authentication_failed", "sshd"]}, "agent": {"id": "004", "name": "WEB-SERVER-01", "ip": "10.0.0.41"}, "manager": {"name": "wazuh.manager"}, "decoder": {"name": "json"}, "location": "Security", "id": "1790021382.000168", "full_log": "{\"srcip\":\"10.0.0.15\",\"srcuser\":\"john\",\"dstuser\":\"john\",\"dstport\":\"22\",\"protocol\":\"ssh\"}", "data": {"srcip": "10.0.0.15", "srcuser": "john", "dstuser": "john", "dstport": "22", "protocol": "ssh"}, "mitre": {"id": ["T1059.001"], "tactic": ["Initial Access"]}}
{"timestamp": "2026-09-23T17:25:42.402+0000", "rule": {"level": 10, "description": "sshd: brute force trying to get access to the system.", "id": "5763", "firedtimes": 5, "mail": false, "groups": ["authentication_failed", "sshd", "brute_force"]}, "agent": {"id": "005", "name": "DB-SERVER-01", "ip": "10.0.0.51"}, "manager": {"name": "wazuh.manager"}, "decoder": {"name": "windows"}, "location": "Security", "id": "1790184342.000169", "full_log": "{\"srcip\":\"10.0.0.15\",\"srcuser\":\"svc-backup\",\"dstuser\":\"svc-backup\",\"dstport\":\"22\",\"protocol\":\"ssh\"}", "data": {"srcip": "10.0.0.15", "srcuser": "svc-backup", "dstuser": "svc-backup", "dstport": "22", "protocol": "ssh"}, "mitre": {"id": ["T1110", "T1110.001"], "tactic": ["Persistence"]}}
{"timestamp": "2026-09-26T05:20:42.402+0000", "rule": {"level": 8, "description": "Windows Defender: Malware detected.", "id": "60122", "firedtimes": 9, "mail": false, "groups": ["windows", "windows_defender", "malware"]}, "agent": {"id": "001", "name": "WIN-CLIENT-01", "ip": "10.0.0.21"}, "manager": {"name": "wazuh.manager"}, "decoder": {"name": "sshd"}, "location": "suricata", "id": "1790400042.000170", "full_log": "{\"win\":{\"system\":{\"eventID\":1116},\"win_defender\":{\"threatName\":\"Backdoor:Win32/Sample\",\"action\":\"Quarantine\"}}}", "data": {"win": {"system": {"eventID": 1116}, "win_defender": {"threatName": "Backdoor:Win32/Sample", "action": "Quarantine"}}}, "mitre": {"id": ["T1566.001"], "tactic": ["Initial Access"]}}
{"timestamp": "2026-09-22T03:25:42.402+0000", "rule": {"level": 7, "description": "Windows PowerShell execution detected.", "id": "92032", "firedtimes": 7, "mail": false, "groups": ["windows", "powershell"]}, "agent": {"id": "002", "name": "WIN-CLIENT-02", "ip": "10.0.0.22"}, "manager": {"name": "wazuh.manager"}, "decoder": {"name": "json"}, "location": "EventChannel", "id": "1790047542.000171", "full_log": "{\"win\":{\"system\":{\"eventID\":4688},\"eventdata\":{\"commandLine\":\"powershell.exe -ExecutionPolicy Bypass -Command Get-Process\",\"user\":\"root\"}}}", "data": {"win": {"system": {"eventID": 4688}, "eventdata": {"commandLine": "powershell.exe -ExecutionPolicy Bypass -Command Get-Process", "user": "root"}}}, "mitre": {"id": ["T1110", "T1110.001"], "tactic": ["Initial Access"]}}
{"timestamp": "2026-09-27T20:58:42.402+0000", "rule": {"level": 7, "description": "Web application attack detected.", "id": "61603", "firedtimes": 2, "mail": false, "groups": ["web", "attack", "ids"]}, "agent": {"id": "003", "name": "LINUX-SERVER-01", "ip": "10.0.0.31"}, "manager": {"name": "wazuh.manager"}, "decoder": {"name": "syscheck"}, "location": "Security", "id": "1790542722.000172", "full_log": "{\"srcip\":\"172.16.0.25\",\"dstport\":\"443\",\"url\":\"/../../etc/passwd\",\"http_method\":\"POST\"}", "data": {"srcip": "172.16.0.25", "dstport": "443", "url": "/../../etc/passwd", "http_method": "POST"}, "mitre": {"id": ["T1203"], "tactic": ["Execution"]}}
{"timestamp": "2026-09-26T13:23:42.402+0000", "rule": {"level": 5, "description": "File integrity monitoring: file modified.", "id": "554", "firedtimes": 2, "mail": false, "groups": ["syscheck", "file_integrity"]}, "agent": {"id": "004", "name": "WEB-SERVER-01", "ip": "10.0.0.41"}, "manager": {"name": "wazuh.manager"}, "decoder": {"name": "sshd"}, "location": "EventChannel", "id": "1790429022.000173", "full_log": "{\"path\":\"/opt/app/config.yml\",\"action\":\"modified\"}", "data": {"path": "/opt/app/config.yml", "action": "modified"}, "mitre": {"id": ["T1566.001"], "tactic": ["Persistence"]}}
{"timestamp": "2026-09-27T06:49:42.402+0000", "rule": {"level": 12, "description": "Possible exploitation attempt detected.", "id": "80700", "firedtimes": 12, "mail": true, "groups": ["exploit", "attack"]}, "agent": {"id": "005", "name": "DB-SERVER-01", "ip": "10.0.0.51"}, "manager": {"name": "wazuh.manager"}, "decoder": {"name": "windows"}, "location": "syscheck", "id": "1790491782.000174", "full_log": "{\"srcip\":\"10.0.0.10\",\"dstip\":\"10.0.0.51\",\"dstport\":\"443\"}", "data": {"srcip": "10.0.0.10", "dstip": "10.0.0.51", "dstport": "443"}, "mitre": {"id": ["T1203"], "tactic": ["Execution"]}}
{"timestamp": "2026-09-22T04:36:42.402+0000", "rule": {"level": 9, "description": "Suricata: IDS alert detected.", "id": "86601", "firedtimes": 6, "mail": false, "groups": ["ids", "suricata"]}, "agent": {"id": "001", "name": "WIN-CLIENT-01", "ip": "10.0.0.21"}, "manager": {"name": "wazuh.manager"}, "decoder": {"name": "windows"}, "location": "syscheck", "id": "1790051802.000175", "full_log": "{\"srcip\":\"192.168.1.55\",\"dstip\":\"10.0.0.21\",\"srcport\":8496,\"dstport\":3389,\"protocol\":\"TCP\"}", "data": {"srcip": "192.168.1.55", "dstip": "10.0.0.21", "srcport": 8496, "dstport": 3389, "protocol": "TCP"}, "mitre": {"id": ["T1059.001"], "tactic": ["Credential Access"]}}
{"timestamp": "2026-09-22T23:44:42.402+0000", "rule": {"level": 10, "description": "sshd: Attempt to login using a non-existent user.", "id": "5710", "firedtimes": 3, "mail": false, "groups": ["authentication_failed", "sshd"]}, "agent": {"id": "002", "name": "WIN-CLIENT-02", "ip": "10.0.0.22"}, "manager": {"name": "wazuh.manager"}, "decoder": {"name": "suricata"}, "location": "syscheck", "id": "1790120682.000176", "full_log": "{\"srcip\":\"10.0.0.99\",\"srcuser\":\"admin\",\"dstuser\":\"admin\",\"dstport\":\"22\",\"protocol\":\"ssh\"}", "data": {"srcip": "10.0.0.99", "srcuser": "admin", "dstuser": "admin", "dstport": "22", "protocol": "ssh"}, "mitre": {"id": ["T1547.001"], "tactic": ["Credential Access"]}}
{"timestamp": "2026-09-23T08:07:42.402+0000", "rule": {"level": 10, "description": "sshd: brute force trying to get access to the system.", "id": "5763", "firedtimes": 10, "mail": false, "groups": ["authentication_failed", "sshd", "brute_force"]}, "agent": {"id": "003", "name": "LINUX-SERVER-01", "ip": "10.0.0.31"}, "manager": {"name": "wazuh.manager"}, "decoder": {"name": "suricata"}, "location": "EventChannel", "id": "1790150862.000177", "full_log": "{\"srcip\":\"172.16.0.25\",\"srcuser\":\"john\",\"dstuser\":\"john\",\"dstport\":\"22\",\"protocol\":\"ssh\"}", "data": {"srcip": "172.16.0.25", "srcuser": "john", "dstuser": "john", "dstport": "22", "protocol": "ssh"}, "mitre": {"id": ["T1071.001"], "tactic": ["Command and Control"]}}
{"timestamp": "2026-09-25T00:00:42.402+0000", "rule": {"level": 8, "description": "Windows Defender: Malware detected.", "id": "60122", "firedtimes": 2, "mail": false, "groups": ["windows", "windows_defender", "malware"]}, "agent": {"id": "004", "name": "WEB-SERVER-01", "ip": "10.0.0.41"}, "manager": {"name": "wazuh.manager"}, "decoder": {"name": "syscheck"}, "location": "EventChannel", "id": "1790294442.000178", "full_log": "{\"win\":{\"system\":{\"eventID\":1116},\"win_defender\":{\"threatName\":\"Backdoor:Win32/Sample\",\"action\":\"Quarantine\"}}}", "data": {"win": {"system": {"eventID": 1116}, "win_defender": {"threatName": "Backdoor:Win32/Sample", "action": "Quarantine"}}}, "mitre": {"id": ["T1071.001"], "tactic": ["Initial Access"]}}
{"timestamp": "2026-09-24T10:45:42.402+0000", "rule": {"level": 7, "description": "Windows PowerShell execution detected.", "id": "92032", "firedtimes": 9, "mail": false, "groups": ["windows", "powershell"]}, "agent": {"id": "005", "name": "DB-SERVER-01", "ip": "10.0.0.51"}, "manager": {"name": "wazuh.manager"}, "decoder": {"name": "json"}, "location": "sshd", "id": "1790246742.000179", "full_log": "{\"win\":{\"system\":{\"eventID\":4688},\"eventdata\":{\"commandLine\":\"powershell.exe -Command Get-Service\",\"user\":\"administrator\"}}}", "data": {"win": {"system": {"eventID": 4688}, "eventdata": {"commandLine": "powershell.exe -Command Get-Service", "user": "administrator"}}}, "mitre": {"id": ["T1190"], "tactic": ["Persistence"]}}
{"timestamp": "2026-09-21T18:01:42.402+0000", "rule": {"level": 7, "description": "Web application attack detected.", "id": "61603", "firedtimes": 10, "mail": false, "groups": ["web", "attack", "ids"]}, "agent": {"id": "001", "name": "WIN-CLIENT-01", "ip": "10.0.0.21"}, "manager": {"name": "wazuh.manager"}, "decoder": {"name": "suricata"}, "location": "suricata", "id": "1790013702.000180", "full_log": "{\"srcip\":\"10.0.0.10\",\"dstport\":\"443\",\"url\":\"/login?user=admin\",\"http_method\":\"GET\"}", "data": {"srcip": "10.0.0.10", "dstport": "443", "url": "/login?user=admin", "http_method": "GET"}, "mitre": {"id": ["T1190"], "tactic": ["Persistence"]}}
{"timestamp": "2026-09-27T22:13:42.402+0000", "rule": {"level": 5, "description": "File integrity monitoring: file modified.", "id": "554", "firedtimes": 8, "mail": false, "groups": ["syscheck", "file_integrity"]}, "agent": {"id": "002", "name": "WIN-CLIENT-02", "ip": "10.0.0.22"}, "manager": {"name": "wazuh.manager"}, "decoder": {"name": "suricata"}, "location": "syscheck", "id": "1790547222.000181", "full_log": "{\"path\":\"/etc/passwd\",\"action\":\"modified\"}", "data": {"path": "/etc/passwd", "action": "modified"}, "mitre": {"id": ["T1203"], "tactic": ["Command and Control"]}}
{"timestamp": "2026-09-26T17:37:42.402+0000", "rule": {"level": 12, "description": "Possible exploitation attempt detected.", "id": "80700", "firedtimes": 8, "mail": true, "groups": ["exploit", "attack"]}, "agent": {"id": "003", "name": "LINUX-SERVER-01", "ip": "10.0.0.31"}, "manager": {"name": "wazuh.manager"}, "decoder": {"name": "json"}, "location": "sshd", "id": "1790444262.000182", "full_log": "{\"srcip\":\"192.168.1.55\",\"dstip\":\"10.0.0.31\",\"dstport\":\"22\"}", "data": {"srcip": "192.168.1.55", "dstip": "10.0.0.31", "dstport": "22"}, "mitre": {"id": ["T1071.001"], "tactic": ["Credential Access"]}}
{"timestamp": "2026-09-27T01:31:42.402+0000", "rule": {"level": 9, "description": "Suricata: IDS alert detected.", "id": "86601", "firedtimes": 8, "mail": false, "groups": ["ids", "suricata"]}, "agent": {"id": "004", "name": "WEB-SERVER-01", "ip": "10.0.0.41"}, "manager": {"name": "wazuh.manager"}, "decoder": {"name": "suricata"}, "location": "suricata", "id": "1790472702.000183", "full_log": "{\"srcip\":\"10.0.0.15\",\"dstip\":\"10.0.0.41\",\"srcport\":17260,\"dstport\":8080,\"protocol\":\"UDP\"}", "data": {"srcip": "10.0.0.15", "dstip": "10.0.0.41", "srcport": 17260, "dstport": 8080, "protocol": "UDP"}, "mitre": {"id": ["T1566.001"], "tactic": ["Execution"]}}
{"timestamp": "2026-09-25T11:07:42.402+0000", "rule": {"level": 10, "description": "sshd: Attempt to login using a non-existent user.", "id": "5710", "firedtimes": 7, "mail": false, "groups": ["authentication_failed", "sshd"]}, "agent": {"id": "005", "name": "DB-SERVER-01", "ip": "10.0.0.51"}, "manager": {"name": "wazuh.manager"}, "decoder": {"name": "syscheck"}, "location": "sshd", "id": "1790334462.000184", "full_log": "{\"srcip\":\"10.0.0.99\",\"srcuser\":\"svc-backup\",\"dstuser\":\"svc-backup\",\"dstport\":\"22\",\"protocol\":\"ssh\"}", "data": {"srcip": "10.0.0.99", "srcuser": "svc-backup", "dstuser": "svc-backup", "dstport": "22", "protocol": "ssh"}, "mitre": {"id": ["T1071.001"], "tactic": ["Command and Control"]}}
{"timestamp": "2026-09-21T22:02:42.402+0000", "rule": {"level": 10, "description": "sshd: brute force trying to get access to the system.", "id": "5763", "firedtimes": 6, "mail": false, "groups": ["authentication_failed", "sshd", "brute_force"]}, "agent": {"id": "001", "name": "WIN-CLIENT-01", "ip": "10.0.0.21"}, "manager": {"name": "wazuh.manager"}, "decoder": {"name": "json"}, "location": "suricata", "id": "1790028162.000185", "full_log": "{\"srcip\":\"10.0.0.99\",\"srcuser\":\"administrator\",\"dstuser\":\"administrator\",\"dstport\":\"22\",\"protocol\":\"ssh\"}", "data": {"srcip": "10.0.0.99", "srcuser": "administrator", "dstuser": "administrator", "dstport": "22", "protocol": "ssh"}, "mitre": {"id": ["T1071.001"], "tactic": ["Persistence"]}}
{"timestamp": "2026-09-24T13:20:42.402+0000", "rule": {"level": 8, "description": "Windows Defender: Malware detected.", "id": "60122", "firedtimes": 10, "mail": false, "groups": ["windows", "windows_defender", "malware"]}, "agent": {"id": "002", "name": "WIN-CLIENT-02", "ip": "10.0.0.22"}, "manager": {"name": "wazuh.manager"}, "decoder": {"name": "sshd"}, "location": "sshd", "id": "1790256042.000186", "full_log": "{\"win\":{\"system\":{\"eventID\":1116},\"win_defender\":{\"threatName\":\"PUA:Win32/Example\",\"action\":\"Quarantine\"}}}", "data": {"win": {"system": {"eventID": 1116}, "win_defender": {"threatName": "PUA:Win32/Example", "action": "Quarantine"}}}, "mitre": {"id": ["T1110", "T1110.001"], "tactic": ["Command and Control"]}}
{"timestamp": "2026-09-22T22:22:42.402+0000", "rule": {"level": 7, "description": "Windows PowerShell execution detected.", "id": "92032", "firedtimes": 3, "mail": false, "groups": ["windows", "powershell"]}, "agent": {"id": "003", "name": "LINUX-SERVER-01", "ip": "10.0.0.31"}, "manager": {"name": "wazuh.manager"}, "decoder": {"name": "suricata"}, "location": "Security", "id": "1790115762.000187", "full_log": "{\"win\":{\"system\":{\"eventID\":4688},\"eventdata\":{\"commandLine\":\"powershell.exe -NoProfile -Command ipconfig\",\"user\":\"svc-backup\"}}}", "data": {"win": {"system": {"eventID": 4688}, "eventdata": {"commandLine": "powershell.exe -NoProfile -Command ipconfig", "user": "svc-backup"}}}, "mitre": {"id": ["T1203"], "tactic": ["Command and Control"]}}
{"timestamp": "2026-09-25T14:36:42.402+0000", "rule": {"level": 7, "description": "Web application attack detected.", "id": "61603", "firedtimes": 9, "mail": false, "groups": ["web", "attack", "ids"]}, "agent": {"id": "004", "name": "WEB-SERVER-01", "ip": "10.0.0.41"}, "manager": {"name": "wazuh.manager"}, "decoder": {"name": "windows"}, "location": "Security", "id": "1790347002.000188", "full_log": "{\"srcip\":\"10.0.0.99\",\"dstport\":\"8080\",\"url\":\"/login?user=admin\",\"http_method\":\"POST\"}", "data": {"srcip": "10.0.0.99", "dstport": "8080", "url": "/login?user=admin", "http_method": "POST"}, "mitre": {"id": ["T1203"], "tactic": ["Initial Access"]}}
{"timestamp": "2026-09-23T08:58:42.402+0000", "rule": {"level": 5, "description": "File integrity monitoring: file modified.", "id": "554", "firedtimes": 4, "mail": false, "groups": ["syscheck", "file_integrity"]}, "agent": {"id": "005", "name": "DB-SERVER-01", "ip": "10.0.0.51"}, "manager": {"name": "wazuh.manager"}, "decoder": {"name": "sshd"}, "location": "syscheck", "id": "1790153922.000189", "full_log": "{\"path\":\"/opt/app/config.yml\",\"action\":\"modified\"}", "data": {"path": "/opt/app/config.yml", "action": "modified"}, "mitre": {"id": ["T1059.001"], "tactic": ["Credential Access"]}}
{"timestamp": "2026-09-24T16:31:42.402+0000", "rule": {"level": 12, "description": "Possible exploitation attempt detected.", "id": "80700", "firedtimes": 12, "mail": true, "groups": ["exploit", "attack"]}, "agent": {"id": "001", "name": "WIN-CLIENT-01", "ip": "10.0.0.21"}, "manager": {"name": "wazuh.manager"}, "decoder": {"name": "suricata"}, "location": "Security", "id": "1790267502.000190", "full_log": "{\"srcip\":\"10.0.0.10\",\"dstip\":\"10.0.0.21\",\"dstport\":\"3389\"}", "data": {"srcip": "10.0.0.10", "dstip": "10.0.0.21", "dstport": "3389"}, "mitre": {"id": ["T1071.001"], "tactic": ["Initial Access"]}}
{"timestamp": "2026-09-22T19:32:42.402+0000", "rule": {"level": 9, "description": "Suricata: IDS alert detected.", "id": "86601", "firedtimes": 12, "mail": false, "groups": ["ids", "suricata"]}, "agent": {"id": "002", "name": "WIN-CLIENT-02", "ip": "10.0.0.22"}, "manager": {"name": "wazuh.manager"}, "decoder": {"name": "suricata"}, "location": "syscheck", "id": "1790105562.000191", "full_log": "{\"srcip\":\"192.168.1.55\",\"dstip\":\"10.0.0.22\",\"srcport\":11133,\"dstport\":80,\"protocol\":\"TCP\"}", "data": {"srcip": "192.168.1.55", "dstip": "10.0.0.22", "srcport": 11133, "dstport": 80, "protocol": "TCP"}, "mitre": {"id": ["T1071.001"], "tactic": ["Persistence"]}}
{"timestamp": "2026-09-21T19:40:42.402+0000", "rule": {"level": 10, "description": "sshd: Attempt to login using a non-existent user.", "id": "5710", "firedtimes": 11, "mail": false, "groups": ["authentication_failed", "sshd"]}, "agent": {"id": "003", "name": "LINUX-SERVER-01", "ip": "10.0.0.31"}, "manager": {"name": "wazuh.manager"}, "decoder": {"name": "sshd"}, "location": "EventChannel", "id": "1790019642.000192", "full_log": "{\"srcip\":\"172.16.0.25\",\"srcuser\":\"svc-backup\",\"dstuser\":\"svc-backup\",\"dstport\":\"22\",\"protocol\":\"ssh\"}", "data": {"srcip": "172.16.0.25", "srcuser": "svc-backup", "dstuser": "svc-backup", "dstport": "22", "protocol": "ssh"}, "mitre": {"id": ["T1566.001"], "tactic": ["Initial Access"]}}
{"timestamp": "2026-09-26T10:20:42.402+0000", "rule": {"level": 10, "description": "sshd: brute force trying to get access to the system.", "id": "5763", "firedtimes": 4, "mail": false, "groups": ["authentication_failed", "sshd", "brute_force"]}, "agent": {"id": "004", "name": "WEB-SERVER-01", "ip": "10.0.0.41"}, "manager": {"name": "wazuh.manager"}, "decoder": {"name": "windows"}, "location": "EventChannel", "id": "1790418042.000193", "full_log": "{\"srcip\":\"10.0.0.15\",\"srcuser\":\"alice\",\"dstuser\":\"alice\",\"dstport\":\"22\",\"protocol\":\"ssh\"}", "data": {"srcip": "10.0.0.15", "srcuser": "alice", "dstuser": "alice", "dstport": "22", "protocol": "ssh"}, "mitre": {"id": ["T1547.001"], "tactic": ["Execution"]}}
{"timestamp": "2026-09-25T12:11:42.402+0000", "rule": {"level": 8, "description": "Windows Defender: Malware detected.", "id": "60122", "firedtimes": 5, "mail": false, "groups": ["windows", "windows_defender", "malware"]}, "agent": {"id": "005", "name": "DB-SERVER-01", "ip": "10.0.0.51"}, "manager": {"name": "wazuh.manager"}, "decoder": {"name": "syscheck"}, "location": "suricata", "id": "1790338302.000194", "full_log": "{\"win\":{\"system\":{\"eventID\":1116},\"win_defender\":{\"threatName\":\"Backdoor:Win32/Sample\",\"action\":\"Quarantine\"}}}", "data": {"win": {"system": {"eventID": 1116}, "win_defender": {"threatName": "Backdoor:Win32/Sample", "action": "Quarantine"}}}, "mitre": {"id": ["T1566.001"], "tactic": ["Persistence"]}}
{"timestamp": "2026-09-23T04:00:42.402+0000", "rule": {"level": 7, "description": "Windows PowerShell execution detected.", "id": "92032", "firedtimes": 5, "mail": false, "groups": ["windows", "powershell"]}, "agent": {"id": "001", "name": "WIN-CLIENT-01", "ip": "10.0.0.21"}, "manager": {"name": "wazuh.manager"}, "decoder": {"name": "json"}, "location": "EventChannel", "id": "1790136042.000195", "full_log": "{\"win\":{\"system\":{\"eventID\":4688},\"eventdata\":{\"commandLine\":\"powershell.exe -Command whoami\",\"user\":\"alice\"}}}", "data": {"win": {"system": {"eventID": 4688}, "eventdata": {"commandLine": "powershell.exe -Command whoami", "user": "alice"}}}, "mitre": {"id": ["T1547.001"], "tactic": ["Initial Access"]}}
{"timestamp": "2026-09-27T15:10:42.402+0000", "rule": {"level": 7, "description": "Web application attack detected.", "id": "61603", "firedtimes": 2, "mail": false, "groups": ["web", "attack", "ids"]}, "agent": {"id": "002", "name": "WIN-CLIENT-02", "ip": "10.0.0.22"}, "manager": {"name": "wazuh.manager"}, "decoder": {"name": "sshd"}, "location": "sshd", "id": "1790521842.000196", "full_log": "{\"srcip\":\"10.0.0.10\",\"dstport\":\"8080\",\"url\":\"/login?user=admin\",\"http_method\":\"POST\"}", "data": {"srcip": "10.0.0.10", "dstport": "8080", "url": "/login?user=admin", "http_method": "POST"}, "mitre": {"id": ["T1190"], "tactic": ["Command and Control"]}}
{"timestamp": "2026-09-22T23:59:42.402+0000", "rule": {"level": 5, "description": "File integrity monitoring: file modified.", "id": "554", "firedtimes": 8, "mail": false, "groups": ["syscheck", "file_integrity"]}, "agent": {"id": "003", "name": "LINUX-SERVER-01", "ip": "10.0.0.31"}, "manager": {"name": "wazuh.manager"}, "decoder": {"name": "windows"}, "location": "Security", "id": "1790121582.000197", "full_log": "{\"path\":\"/etc/ssh/sshd_config\",\"action\":\"modified\"}", "data": {"path": "/etc/ssh/sshd_config", "action": "modified"}, "mitre": {"id": ["T1190"], "tactic": ["Credential Access"]}}
{"timestamp": "2026-09-25T20:00:42.402+0000", "rule": {"level": 12, "description": "Possible exploitation attempt detected.", "id": "80700", "firedtimes": 7, "mail": true, "groups": ["exploit", "attack"]}, "agent": {"id": "004", "name": "WEB-SERVER-01", "ip": "10.0.0.41"}, "manager": {"name": "wazuh.manager"}, "decoder": {"name": "json"}, "location": "sshd", "id": "1790366442.000198", "full_log": "{\"srcip\":\"192.168.1.55\",\"dstip\":\"10.0.0.41\",\"dstport\":\"80\"}", "data": {"srcip": "192.168.1.55", "dstip": "10.0.0.41", "dstport": "80"}, "mitre": {"id": ["T1059.001"], "tactic": ["Credential Access"]}}
{"timestamp": "2026-09-24T22:46:42.402+0000", "rule": {"level": 9, "description": "Suricata: IDS alert detected.", "id": "86601", "firedtimes": 3, "mail": false, "groups": ["ids", "suricata"]}, "agent": {"id": "005", "name": "DB-SERVER-01", "ip": "10.0.0.51"}, "manager": {"name": "wazuh.manager"}, "decoder": {"name": "json"}, "location": "sshd", "id": "1790290002.000199", "full_log": "{\"srcip\":\"10.0.0.10\",\"dstip\":\"10.0.0.51\",\"srcport\":43619,\"dstport\":443,\"protocol\":\"TCP\"}", "data": {"srcip": "10.0.0.10", "dstip": "10.0.0.51", "srcport": 43619, "dstport": 443, "protocol": "TCP"}, "mitre": {"id": ["T1547.001"], "tactic": ["Persistence"]}}
{"timestamp": "2026-09-22T21:38:42.402+0000", "rule": {"level": 10, "description": "sshd: Attempt to login using a non-existent user.", "id": "5710", "firedtimes": 10, "mail": false, "groups": ["authentication_failed", "sshd"]}, "agent": {"id": "001", "name": "WIN-CLIENT-01", "ip": "10.0.0.21"}, "manager": {"name": "wazuh.manager"}, "decoder": {"name": "json"}, "location": "Security", "id": "1790113122.000200", "full_log": "{\"srcip\":\"172.16.0.25\",\"srcuser\":\"john\",\"dstuser\":\"john\",\"dstport\":\"22\",\"protocol\":\"ssh\"}", "data": {"srcip": "172.16.0.25", "srcuser": "john", "dstuser": "john", "dstport": "22", "protocol": "ssh"}, "mitre": {"id": ["T1110", "T1110.001"], "tactic": ["Initial Access"]}}
{"timestamp": "2026-09-23T18:38:42.402+0000", "rule": {"level": 10, "description": "sshd: brute force trying to get access to the system.", "id": "5763", "firedtimes": 12, "mail": false, "groups": ["authentication_failed", "sshd", "brute_force"]}, "agent": {"id": "002", "name": "WIN-CLIENT-02", "ip": "10.0.0.22"}, "manager": {"name": "wazuh.manager"}, "decoder": {"name": "suricata"}, "location": "suricata", "id": "1790188722.000201", "full_log": "{\"srcip\":\"10.0.0.15\",\"srcuser\":\"alice\",\"dstuser\":\"alice\",\"dstport\":\"22\",\"protocol\":\"ssh\"}", "data": {"srcip": "10.0.0.15", "srcuser": "alice", "dstuser": "alice", "dstport": "22", "protocol": "ssh"}, "mitre": {"id": ["T1190"], "tactic": ["Credential Access"]}}
{"timestamp": "2026-09-24T14:25:42.402+0000", "rule": {"level": 8, "description": "Windows Defender: Malware detected.", "id": "60122", "firedtimes": 1, "mail": false, "groups": ["windows", "windows_defender", "malware"]}, "agent": {"id": "003", "name": "LINUX-SERVER-01", "ip": "10.0.0.31"}, "manager": {"name": "wazuh.manager"}, "decoder": {"name": "sshd"}, "location": "EventChannel", "id": "1790259942.000202", "full_log": "{\"win\":{\"system\":{\"eventID\":1116},\"win_defender\":{\"threatName\":\"Trojan:Win32/TestThreat\",\"action\":\"Quarantine\"}}}", "data": {"win": {"system": {"eventID": 1116}, "win_defender": {"threatName": "Trojan:Win32/TestThreat", "action": "Quarantine"}}}, "mitre": {"id": ["T1071.001"], "tactic": ["Command and Control"]}}
{"timestamp": "2026-09-26T12:34:42.402+0000", "rule": {"level": 7, "description": "Windows PowerShell execution detected.", "id": "92032", "firedtimes": 10, "mail": false, "groups": ["windows", "powershell"]}, "agent": {"id": "004", "name": "WEB-SERVER-01", "ip": "10.0.0.41"}, "manager": {"name": "wazuh.manager"}, "decoder": {"name": "suricata"}, "location": "Security", "id": "1790426082.000203", "full_log": "{\"win\":{\"system\":{\"eventID\":4688},\"eventdata\":{\"commandLine\":\"powershell.exe -NoProfile -Command ipconfig\",\"user\":\"administrator\"}}}", "data": {"win": {"system": {"eventID": 4688}, "eventdata": {"commandLine": "powershell.exe -NoProfile -Command ipconfig", "user": "administrator"}}}, "mitre": {"id": ["T1071.001"], "tactic": ["Command and Control"]}}
{"timestamp": "2026-09-27T20:46:42.402+0000", "rule": {"level": 7, "description": "Web application attack detected.", "id": "61603", "firedtimes": 1, "mail": false, "groups": ["web", "attack", "ids"]}, "agent": {"id": "005", "name": "DB-SERVER-01", "ip": "10.0.0.51"}, "manager": {"name": "wazuh.manager"}, "decoder": {"name": "suricata"}, "location": "sshd", "id": "1790542002.000204", "full_log": "{\"srcip\":\"10.0.0.15\",\"dstport\":\"80\",\"url\":\"/api/users/1\",\"http_method\":\"POST\"}", "data": {"srcip": "10.0.0.15", "dstport": "80", "url": "/api/users/1", "http_method": "POST"}, "mitre": {"id": ["T1059.001"], "tactic": ["Command and Control"]}}
{"timestamp": "2026-09-26T01:30:42.402+0000", "rule": {"level": 5, "description": "File integrity monitoring: file modified.", "id": "554", "firedtimes": 9, "mail": false, "groups": ["syscheck", "file_integrity"]}, "agent": {"id": "001", "name": "WIN-CLIENT-01", "ip": "10.0.0.21"}, "manager": {"name": "wazuh.manager"}, "decoder": {"name": "windows"}, "location": "Security", "id": "1790386242.000205", "full_log": "{\"path\":\"/etc/passwd\",\"action\":\"modified\"}", "data": {"path": "/etc/passwd", "action": "modified"}, "mitre": {"id": ["T1566.001"], "tactic": ["Command and Control"]}}
{"timestamp": "2026-09-27T02:17:42.402+0000", "rule": {"level": 12, "description": "Possible exploitation attempt detected.", "id": "80700", "firedtimes": 7, "mail": true, "groups": ["exploit", "attack"]}, "agent": {"id": "002", "name": "WIN-CLIENT-02", "ip": "10.0.0.22"}, "manager": {"name": "wazuh.manager"}, "decoder": {"name": "syscheck"}, "location": "Security", "id": "1790475462.000206", "full_log": "{\"srcip\":\"192.168.1.55\",\"dstip\":\"10.0.0.22\",\"dstport\":\"22\"}", "data": {"srcip": "192.168.1.55", "dstip": "10.0.0.22", "dstport": "22"}, "mitre": {"id": ["T1071.001"], "tactic": ["Persistence"]}}
{"timestamp": "2026-09-25T13:41:42.402+0000", "rule": {"level": 9, "description": "Suricata: IDS alert detected.", "id": "86601", "firedtimes": 6, "mail": false, "groups": ["ids", "suricata"]}, "agent": {"id": "003", "name": "LINUX-SERVER-01", "ip": "10.0.0.31"}, "manager": {"name": "wazuh.manager"}, "decoder": {"name": "sshd"}, "location": "Security", "id": "1790343702.000207", "full_log": "{\"srcip\":\"10.0.0.99\",\"dstip\":\"10.0.0.31\",\"srcport\":2088,\"dstport\":443,\"protocol\":\"TCP\"}", "data": {"srcip": "10.0.0.99", "dstip": "10.0.0.31", "srcport": 2088, "dstport": 443, "protocol": "TCP"}, "mitre": {"id": ["T1547.001"], "tactic": ["Command and Control"]}}
{"timestamp": "2026-09-25T02:32:42.402+0000", "rule": {"level": 10, "description": "sshd: Attempt to login using a non-existent user.", "id": "5710", "firedtimes": 6, "mail": false, "groups": ["authentication_failed", "sshd"]}, "agent": {"id": "004", "name": "WEB-SERVER-01", "ip": "10.0.0.41"}, "manager": {"name": "wazuh.manager"}, "decoder": {"name": "suricata"}, "location": "sshd", "id": "1790303562.000208", "full_log": "{\"srcip\":\"10.0.0.15\",\"srcuser\":\"administrator\",\"dstuser\":\"administrator\",\"dstport\":\"22\",\"protocol\":\"ssh\"}", "data": {"srcip": "10.0.0.15", "srcuser": "administrator", "dstuser": "administrator", "dstport": "22", "protocol": "ssh"}, "mitre": {"id": ["T1547.001"], "tactic": ["Execution"]}}
{"timestamp": "2026-09-26T14:37:42.402+0000", "rule": {"level": 10, "description": "sshd: brute force trying to get access to the system.", "id": "5763", "firedtimes": 3, "mail": false, "groups": ["authentication_failed", "sshd", "brute_force"]}, "agent": {"id": "005", "name": "DB-SERVER-01", "ip": "10.0.0.51"}, "manager": {"name": "wazuh.manager"}, "decoder": {"name": "sshd"}, "location": "Security", "id": "1790433462.000209", "full_log": "{\"srcip\":\"172.16.0.25\",\"srcuser\":\"root\",\"dstuser\":\"root\",\"dstport\":\"22\",\"protocol\":\"ssh\"}", "data": {"srcip": "172.16.0.25", "srcuser": "root", "dstuser": "root", "dstport": "22", "protocol": "ssh"}, "mitre": {"id": ["T1071.001"], "tactic": ["Persistence"]}}
{"timestamp": "2026-09-21T17:50:42.402+0000", "rule": {"level": 8, "description": "Windows Defender: Malware detected.", "id": "60122", "firedtimes": 4, "mail": false, "groups": ["windows", "windows_defender", "malware"]}, "agent": {"id": "001", "name": "WIN-CLIENT-01", "ip": "10.0.0.21"}, "manager": {"name": "wazuh.manager"}, "decoder": {"name": "json"}, "location": "sshd", "id": "1790013042.000210", "full_log": "{\"win\":{\"system\":{\"eventID\":1116},\"win_defender\":{\"threatName\":\"Trojan:Win32/TestThreat\",\"action\":\"Quarantine\"}}}", "data": {"win": {"system": {"eventID": 1116}, "win_defender": {"threatName": "Trojan:Win32/TestThreat", "action": "Quarantine"}}}, "mitre": {"id": ["T1203"], "tactic": ["Command and Control"]}}
{"timestamp": "2026-09-25T20:29:42.402+0000", "rule": {"level": 7, "description": "Windows PowerShell execution detected.", "id": "92032", "firedtimes": 1, "mail": false, "groups": ["windows", "powershell"]}, "agent": {"id": "002", "name": "WIN-CLIENT-02", "ip": "10.0.0.22"}, "manager": {"name": "wazuh.manager"}, "decoder": {"name": "sshd"}, "location": "sshd", "id": "1790368182.000211", "full_log": "{\"win\":{\"system\":{\"eventID\":4688},\"eventdata\":{\"commandLine\":\"powershell.exe -Command Get-Service\",\"user\":\"john\"}}}", "data": {"win": {"system": {"eventID": 4688}, "eventdata": {"commandLine": "powershell.exe -Command Get-Service", "user": "john"}}}, "mitre": {"id": ["T1203"], "tactic": ["Credential Access"]}}
