{"timestamp": "2026-09-23T08:11:42.402+0000", "rule": {"level": 7, "description": "Web application attack detected.", "id": "61603", "firedtimes": 2, "mail": false, "groups": ["web", "attack", "ids"]}, "agent": {"id": "002", "name": "WIN-CLIENT-02", "ip": "10.0.0.22"}, "manager": {"name": "wazuh.manager"}, "decoder": {"name": "windows"}, "location": "sshd", "id": "1790151102.000716", "full_log": "{\"srcip\":\"172.16.0.25\",\"dstport\":\"8080\",\"url\":\"/api/users/1\",\"http_method\":\"GET\"}", "data": {"srcip": "172.16.0.25", "dstport": "8080", "url": "/api/users/1", "http_method": "GET"}, "mitre": {"id": ["T1203"], "tactic": ["Persistence"]}}
{"timestamp": "2026-09-22T02:13:42.402+0000", "rule": {"level": 5, "description": "File integrity monitoring: file modified.", "id": "554", "firedtimes": 5, "mail": false, "groups": ["syscheck", "file_integrity"]}, "agent": {"id": "003", "name": "LINUX-SERVER-01", "ip": "10.0.0.31"}, "manager": {"name": "wazuh.manager"}, "decoder": {"name": "syscheck"}, "location": "syscheck", "id": "1790043222.000717", "full_log": "{\"path\":\"/etc/passwd\",\"action\":\"modified\"}", "data": {"path": "/etc/passwd", "action": "modified"}, "mitre": {"id": ["T1110", "T1110.001"], "tactic": ["Initial Access"]}}
{"timestamp": "2026-09-25T01:38:42.402+0000", "rule": {"level": 12, "description": "Possible exploitation attempt detected.", "id": "80700", "firedtimes": 4, "mail": true, "groups": ["exploit", "attack"]}, "agent": {"id": "004", "name": "WEB-SERVER-01", "ip": "10.0.0.41"}, "manager": {"name": "wazuh.manager"}, "decoder": {"name": "sshd"}, "location": "suricata", "id": "1790300322.000718", "full_log": "{\"srcip\":\"192.168.1.55\",\"dstip\":\"10.0.0.41\",\"dstport\":\"3389\"}", "data": {"srcip": "192.168.1.55", "dstip": "10.0.0.41", "dstport": "3389"}, "mitre": {"id": ["T1110", "T1110.001"], "tactic": ["Credential Access"]}}
{"timestamp": "2026-09-27T19:46:42.402+0000", "rule": {"level": 9, "description": "Suricata: IDS alert detected.", "id": "86601", "firedtimes": 7, "mail": false, "groups": ["ids", "suricata"]}, "agent": {"id": "005", "name": "DB-SERVER-01", "ip": "10.0.0.51"}, "manager": {"name": "wazuh.manager"}, "decoder": {"name": "suricata"}, "location": "sshd", "id": "1790538402.000719", "full_log": "{\"srcip\":\"192.168.1.55\",\"dstip\":\"10.0.0.51\",\"srcport\":32721,\"dstport\":8080,\"protocol\":\"UDP\"}", "data": {"srcip": "192.168.1.55", "dstip": "10.0.0.51", "srcport": 32721, "dstport": 8080, "protocol": "UDP"}, "mitre": {"id": ["T1203"], "tactic": ["Command and Control"]}}
{"timestamp": "2026-09-27T20:48:42.402+0000", "rule": {"level": 10, "description": "sshd: Attempt to login using a non-existent user.", "id": "5710", "firedtimes": 3, "mail": false, "groups": ["authentication_failed", "sshd"]}, "agent": {"id": "001", "name": "WIN-CLIENT-01", "ip": "10.0.0.21"}, "manager": {"name": "wazuh.manager"}, "decoder": {"name": "suricata"}, "location": "suricata", "id": "1790542122.000720", "full_log": "{\"srcip\":\"192.168.1.55\",\"srcuser\":\"svc-backup\",\"dstuser\":\"svc-backup\",\"dstport\":\"22\",\"protocol\":\"ssh\"}", "data": {"srcip": "192.168.1.55", "srcuser": "svc-backup", "dstuser": "svc-backup", "dstport": "22", "protocol": "ssh"}, "mitre": {"id": ["T1190"], "tactic": ["Command and Control"]}}
{"timestamp": "2026-09-26T23:39:42.402+0000", "rule": {"level": 10, "description": "sshd: brute force trying to get access to the system.", "id": "5763", "firedtimes": 10, "mail": false, "groups": ["authentication_failed", "sshd", "brute_force"]}, "agent": {"id": "002", "name": "WIN-CLIENT-02", "ip": "10.0.0.22"}, "manager": {"name": "wazuh.manager"}, "decoder": {"name": "sshd"}, "location": "sshd", "id": "1790465982.000721", "full_log": "{\"srcip\":\"172.16.0.25\",\"srcuser\":\"admin\",\"dstuser\":\"admin\",\"dstport\":\"22\",\"protocol\":\"ssh\"}", "data": {"srcip": "172.16.0.25", "srcuser": "admin", "dstuser": "admin", "dstport": "22", "protocol": "ssh"}, "mitre": {"id": ["T1059.001"], "tactic": ["Credential Access"]}}
{"timestamp": "2026-09-22T16:01:42.402+0000", "rule": {"level": 8, "description": "Windows Defender: Malware detected.", "id": "60122", "firedtimes": 2, "mail": false, "groups": ["windows", "windows_defender", "malware"]}, "agent": {"id": "003", "name": "LINUX-SERVER-01", "ip": "10.0.0.31"}, "manager": {"name": "wazuh.manager"}, "decoder": {"name": "sshd"}, "location": "suricata", "id": "1790092902.000722", "full_log": "{\"win\":{\"system\":{\"eventID\":1116},\"win_defender\":{\"threatName\":\"PUA:Win32/Example\",\"action\":\"Quarantine\"}}}", "data": {"win": {"system": {"eventID": 1116}, "win_defender": {"threatName": "PUA:Win32/Example", "action": "Quarantine"}}}, "mitre": {"id": ["T1190"], "tactic": ["Persistence"]}}
{"timestamp": "2026-09-21T20:10:42.402+0000", "rule": {"level": 7, "description": "Windows PowerShell execution detected.", "id": "92032", "firedtimes": 1, "mail": false, "groups": ["windows", "powershell"]}, "agent": {"id": "004", "name": "WEB-SERVER-01", "ip": "10.0.0.41"}, "manager": {"name": "wazuh.manager"}, "decoder": {"name": "sshd"}, "location": "sshd", "id": "1790021442.000723", "full_log": "{\"win\":{\"system\":{\"eventID\":4688},\"eventdata\":{\"commandLine\":\"powershell.exe -Command whoami\",\"user\":\"svc-backup\"}}}", "data": {"win": {"system": {"eventID": 4688}, "eventdata": {"commandLine": "powershell.exe -Command whoami", "user": "svc-backup"}}}, "mitre": {"id": ["T1203"], "tactic": ["Credential Access"]}}
{"timestamp": "2026-09-24T19:47:42.402+0000", "rule": {"level": 7, "description": "Web application attack detected.", "id": "61603", "firedtimes": 2, "mail": false, "groups": ["web", "attack", "ids"]}, "agent": {"id": "005", "name": "DB-SERVER-01", "ip": "10.0.0.51"}, "manager": {"name": "wazuh.manager"}, "decoder": {"name": "windows"}, "location": "sshd", "id": "1790279262.000724", "full_log": "{\"srcip\":\"10.0.0.99\",\"dstport\":\"8080\",\"url\":\"/api/users/1\",\"http_method\":\"GET\"}", "data": {"srcip": "10.0.0.99", "dstport": "8080", "url": "/api/users/1", "http_method": "GET"}, "mitre": {"id": ["T1190"], "tactic": ["Command and Control"]}}
{"timestamp": "2026-09-21T15:42:42.402+0000", "rule": {"level": 5, "description": "File integrity monitoring: file modified.", "id": "554", "firedtimes": 6, "mail": false, "groups": ["syscheck", "file_integrity"]}, "agent": {"id": "001", "name": "WIN-CLIENT-01", "ip": "10.0.0.21"}, "manager": {"name": "wazuh.manager"}, "decoder": {"name": "syscheck"}, "location": "EventChannel", "id": "1790005362.000725", "full_log": "{\"path\":\"/var/www/html/index.php\",\"action\":\"modified\"}", "data": {"path": "/var/www/html/index.php", "action": "modified"}, "mitre": {"id": ["T1547.001"], "tactic": ["Credential Access"]}}
{"timestamp": "2026-09-22T20:49:42.402+0000", "rule": {"level": 12, "description": "Possible exploitation attempt detected.", "id": "80700", "firedtimes": 8, "mail": true, "groups": ["exploit", "attack"]}, "agent": {"id": "002", "name": "WIN-CLIENT-02", "ip": "10.0.0.22"}, "manager": {"name": "wazuh.manager"}, "decoder": {"name": "suricata"}, "location": "sshd", "id": "1790110182.000726", "full_log": "{\"srcip\":\"172.16.0.25\",\"dstip\":\"10.0.0.22\",\"dstport\":\"8080\"}", "data": {"srcip": "172.16.0.25", "dstip": "10.0.0.22", "dstport": "8080"}, "mitre": {"id": ["T1190"], "tactic": ["Persistence"]}}
{"timestamp": "2026-09-21T23:02:42.402+0000", "rule": {"level": 9, "description": "Suricata: IDS alert detected.", "id": "86601", "firedtimes": 9, "mail": false, "groups": ["ids", "suricata"]}, "agent": {"id": "003", "name": "LINUX-SERVER-01", "ip": "10.0.0.31"}, "manager": {"name": "wazuh.manager"}, "decoder": {"name": "suricata"}, "location": "Security", "id": "1790031762.000727", "full_log": "{\"srcip\":\"192.168.1.55\",\"dstip\":\"10.0.0.31\",\"srcport\":38048,\"dstport\":8080,\"protocol\":\"UDP\"}", "data": {"srcip": "192.168.1.55", "dstip": "10.0.0.31", "srcport": 38048, "dstport": 8080, "protocol": "UDP"}, "mitre": {"id": ["T1059.001"], "tactic": ["Command and Control"]}}
{"timestamp": "2026-09-25T02:19:42.402+0000", "rule": {"level": 10, "description": "sshd: Attempt to login using a non-existent user.", "id": "5710", "firedtimes": 3, "mail": false, "groups": ["authentication_failed", "sshd"]}, "agent": {"id": "004", "name": "WEB-SERVER-01", "ip": "10.0.0.41"}, "manager": {"name": "wazuh.manager"}, "decoder": {"name": "windows"}, "location": "Security", "id": "1790302782.000728", "full_log": "{\"srcip\":\"10.0.0.99\",\"srcuser\":\"administrator\",\"dstuser\":\"administrator\",\"dstport\":\"22\",\"protocol\":\"ssh\"}", "data": {"srcip": "10.0.0.99", "srcuser": "administrator", "dstuser": "administrator", "dstport": "22", "protocol": "ssh"}, "mitre": {"id": ["T1203"], "tactic": ["Persistence"]}}
{"timestamp": "2026-09-27T09:38:42.402+0000", "rule": {"level": 10, "description": "sshd: brute force trying to get access to the system.", "id": "5763", "firedtimes": 10, "mail": false, "groups": ["authentication_failed", "sshd", "brute_force"]}, "agent": {"id": "005", "name": "DB-SERVER-01", "ip": "10.0.0.51"}, "manager": {"name": "wazuh.manager"}, "decoder": {"name": "syscheck"}, "location": "syscheck", "id": "1790501922.000729", "full_log": "{\"srcip\":\"10.0.0.15\",\"srcuser\":\"alice\",\"dstuser\":\"alice\",\"dstport\":\"22\",\"protocol\":\"ssh\"}", "data": {"srcip": "10.0.0.15", "srcuser": "alice", "dstuser": "alice", "dstport": "22", "protocol": "ssh"}, "mitre": {"id": ["T1566.001"], "tactic": ["Credential Access"]}}
{"timestamp": "2026-09-24T19:55:42.402+0000", "rule": {"level": 8, "description": "Windows Defender: Malware detected.", "id": "60122", "firedtimes": 5, "mail": false, "groups": ["windows", "windows_defender", "malware"]}, "agent": {"id": "001", "name": "WIN-CLIENT-01", "ip": "10.0.0.21"}, "manager": {"name": "wazuh.manager"}, "decoder": {"name": "syscheck"}, "location": "Security", "id": "1790279742.000730", "full_log": "{\"win\":{\"system\":{\"eventID\":1116},\"win_defender\":{\"threatName\":\"Trojan:Win32/TestThreat\",\"action\":\"Quarantine\"}}}", "data": {"win": {"system": {"eventID": 1116}, "win_defender": {"threatName": "Trojan:Win32/TestThreat", "action": "Quarantine"}}}, "mitre": {"id": ["T1190"], "tactic": ["Execution"]}}
{"timestamp": "2026-09-25T13:13:42.402+0000", "rule": {"level": 7, "description": "Windows PowerShell execution detected.", "id": "92032", "firedtimes": 9, "mail": false, "groups": ["windows", "powershell"]}, "agent": {"id": "002", "name": "WIN-CLIENT-02", "ip": "10.0.0.22"}, "manager": {"name": "wazuh.manager"}, "decoder": {"name": "windows"}, "location": "syscheck", "id": "1790342022.000731", "full_log": "{\"win\":{\"system\":{\"eventID\":4688},\"eventdata\":{\"commandLine\":\"powershell.exe -Command whoami\",\"user\":\"svc-backup\"}}}", "data": {"win": {"system": {"eventID": 4688}, "eventdata": {"commandLine": "powershell.exe -Command whoami", "user": "svc-backup"}}}, "mitre": {"id": ["T1110", "T1110.001"], "tactic": ["Initial Access"]}}
{"timestamp": "2026-09-21T17:57:42.402+0000", "rule": {"level": 7, "description": "Web application attack detected.", "id": "61603", "firedtimes": 9, "mail": false, "groups": ["web", "attack", "ids"]}, "agent": {"id": "003", "name": "LINUX-SERVER-01", "ip": "10.0.0.31"}, "manager": {"name": "wazuh.manager"}, "decoder": {"name": "sshd"}, "location": "syscheck", "id": "1790013462.000732", "full_log": "{\"srcip\":\"10.0.0.15\",\"dstport\":\"443\",\"url\":\"/login?user=admin\",\"http_method\":\"POST\"}", "data": {"srcip": "10.0.0.15", "dstport": "443", "url": "/login?user=admin", "http_method": "POST"}, "mitre": {"id": ["T1203"], "tactic": ["Persistence"]}}
{"timestamp": "2026-09-27T06:44:42.402+0000", "rule": {"level": 5, "description": "File integrity monitoring: file modified.", "id": "554", "firedtimes": 2, "mail": false, "groups": ["syscheck", "file_integrity"]}, "agent": {"id": "004", "name": "WEB-SERVER-01", "ip": "10.0.0.41"}, "manager": {"name": "wazuh.manager"}, "decoder": {"name": "suricata"}, "location": "syscheck", "id": "1790491482.000733", "full_log": "{\"path\":\"/etc/ssh/sshd_config\",\"action\":\"modified\"}", "data": {"path": "/etc/ssh/sshd_config", "action": "modified"}, "mitre": {"id": ["T1059.001"], "tactic": ["Credential Access"]}}
{"timestamp": "2026-09-26T13:11:42.402+0000", "rule": {"level": 12, "description": "Possible exploitation attempt detected.", "id": "80700", "firedtimes": 2, "mail": true, "groups": ["exploit", "attack"]}, "agent": {"id": "005", "name": "DB-SERVER-01", "ip": "10.0.0.51"}, "manager": {"name": "wazuh.manager"}, "decoder": {"name": "json"}, "location": "sshd", "id": "1790428302.000734", "full_log": "{\"srcip\":\"172.16.0.25\",\"dstip\":\"10.0.0.51\",\"dstport\":\"3389\"}", "data": {"srcip": "172.16.0.25", "dstip": "10.0.0.51", "dstport": "3389"}, "mitre": {"id": ["T1110", "T1110.001"], "tactic": ["Command and Control"]}}
{"timestamp": "2026-09-22T07:31:42.402+0000", "rule": {"level": 9, "description": "Suricata: IDS alert detected.", "id": "86601", "firedtimes": 9, "mail": false, "groups": ["ids", "suricata"]}, "agent": {"id": "001", "name": "WIN-CLIENT-01", "ip": "10.0.0.21"}, "manager": {"name": "wazuh.manager"}, "decoder": {"name": "windows"}, "location": "Security", "id": "1790062302.000735", "full_log": "{\"srcip\":\"10.0.0.99\",\"dstip\":\"10.0.0.21\",\"srcport\":59297,\"dstport\":22,\"protocol\":\"TCP\"}", "data": {"srcip": "10.0.0.99", "dstip": "10.0.0.21", "srcport": 59297, "dstport": 22, "protocol": "TCP"}, "mitre": {"id": ["T1566.001"], "tactic": ["Initial Access"]}}
{"timestamp": "2026-09-23T17:03:42.402+0000", "rule": {"level": 10, "description": "sshd: Attempt to login using a non-existent user.", "id": "5710", "firedtimes": 4, "mail": false, "groups": ["authentication_failed", "sshd"]}, "agent": {"id": "002", "name": "WIN-CLIENT-02", "ip": "10.0.0.22"}, "manager": {"name": "wazuh.manager"}, "decoder": {"name": "windows"}, "location": "sshd", "id": "1790183022.000736", "full_log": "{\"srcip\":\"10.0.0.99\",\"srcuser\":\"admin\",\"dstuser\":\"admin\",\"dstport\":\"22\",\"protocol\":\"ssh\"}", "data": {"srcip": "10.0.0.99", "srcuser": "admin", "dstuser": "admin", "dstport": "22", "protocol": "ssh"}, "mitre": {"id": ["T1566.001"], "tactic": ["Initial Access"]}}
{"timestamp": "2026-09-26T08:12:42.402+0000", "rule": {"level": 10, "description": "sshd: brute force trying to get access to the system.", "id": "5763", "firedtimes": 3, "mail": false, "groups": ["authentication_failed", "sshd", "brute_force"]}, "agent": {"id": "003", "name": "LINUX-SERVER-01", "ip": "10.0.0.31"}, "manager": {"name": "wazuh.manager"}, "decoder": {"name": "sshd"}, "location": "sshd", "id": "1790410362.000737", "full_log": "{\"srcip\":\"10.0.0.10\",\"srcuser\":\"svc-backup\",\"dstuser\":\"svc-backup\",\"dstport\":\"22\",\"protocol\":\"ssh\"}", "data": {"srcip": "10.0.0.10", "srcuser": "svc-backup", "dstuser": "svc-backup", "dstport": "22", "protocol": "ssh"}, "mitre": {"id": ["T1110", "T1110.001"], "tactic": ["Credential Access"]}}
{"timestamp": "2026-09-27T16:33:42.402+0000", "rule": {"level": 8, "description": "Windows Defender: Malware detected.", "id": "60122", "firedtimes": 9, "mail": false, "groups": ["windows", "windows_defender", "malware"]}, "agent": {"id": "004", "name": "WEB-SERVER-01", "ip": "10.0.0.41"}, "manager": {"name": "wazuh.manager"}, "decoder": {"name": "windows"}, "location": "suricata", "id": "1790526822.000738", "full_log": "{\"win\":{\"system\":{\"eventID\":1116},\"win_defender\":{\"threatName\":\"Trojan:Win32/TestThreat\",\"action\":\"Quarantine\"}}}", "data": {"win": {"system": {"eventID": 1116}, "win_defender": {"threatName": "Trojan:Win32/TestThreat", "action": "Quarantine"}}}, "mitre": {"id": ["T1203"], "tactic": ["Initial Access"]}}
{"timestamp": "2026-09-22T22:24:42.402+0000", "rule": {"level": 7, "description": "Windows PowerShell execution detected.", "id": "92032", "firedtimes": 3, "mail": false, "groups": ["windows", "powershell"]}, "agent": {"id": "005", "name": "DB-SERVER-01", "ip": "10.0.0.51"}, "manager": {"name": "wazuh.manager"}, "decoder": {"name": "json"}, "location": "sshd", "id": "1790115882.000739", "full_log": "{\"win\":{\"system\":{\"eventID\":4688},\"eventdata\":{\"commandLine\":\"powershell.exe -Command whoami\",\"user\":\"alice\"}}}", "data": {"win": {"system": {"eventID": 4688}, "eventdata": {"commandLine": "powershell.exe -Command whoami", "user": "alice"}}}, "mitre": {"id": ["T1566.001"], "tactic": ["Initial Access"]}}
{"timestamp": "2026-09-27T11:21:42.402+0000", "rule": {"level": 7, "description": "Web application attack detected.", "id": "61603", "firedtimes": 11, "mail": false, "groups": ["web", "attack", "ids"]}, "agent": {"id": "001", "name": "WIN-CLIENT-01", "ip": "10.0.0.21"}, "manager": {"name": "wazuh.manager"}, "decoder": {"name": "json"}, "location": "Security", "id": "1790508102.000740", "full_log": "{\"srcip\":\"172.16.0.25\",\"dstport\":\"80\",\"url\":\"/login?user=admin\",\"http_method\":\"POST\"}", "data": {"srcip": "172.16.0.25", "dstport": "80", "url": "/login?user=admin", "http_method": "POST"}, "mitre": {"id": ["T1190"], "tactic": ["Credential Access"]}}
{"timestamp": "2026-09-22T07:15:42.402+0000", "rule": {"level": 5, "description": "File integrity monitoring: file modified.", "id": "554", "firedtimes": 12, "mail": false, "groups": ["syscheck", "file_integrity"]}, "agent": {"id": "002", "name": "WIN-CLIENT-02", "ip": "10.0.0.22"}, "manager": {"name": "wazuh.manager"}, "decoder": {"name": "suricata"}, "location": "suricata", "id": "1790061342.000741", "full_log": "{\"path\":\"/etc/ssh/sshd_config\",\"action\":\"modified\"}", "data": {"path": "/etc/ssh/sshd_config", "action": "modified"}, "mitre": {"id": ["T1071.001"], "tactic": ["Persistence"]}}
{"timestamp": "2026-09-25T08:51:42.402+0000", "rule": {"level": 12, "description": "Possible exploitation attempt detected.", "id": "80700", "firedtimes": 12, "mail": true, "groups": ["exploit", "attack"]}, "agent": {"id": "003", "name": "LINUX-SERVER-01", "ip": "10.0.0.31"}, "manager": {"name": "wazuh.manager"}, "decoder": {"name": "suricata"}, "location": "Security", "id": "1790326302.000742", "full_log": "{\"srcip\":\"10.0.0.99\",\"dstip\":\"10.0.0.31\",\"dstport\":\"80\"}", "data": {"srcip": "10.0.0.99", "dstip": "10.0.0.31", "dstport": "80"}, "mitre": {"id": ["T1547.001"], "tactic": ["Persistence"]}}
{"timestamp": "2026-09-27T18:47:42.402+0000", "rule": {"level": 9, "description": "Suricata: IDS alert detected.", "id": "86601", "firedtimes": 2, "mail": false, "groups": ["ids", "suricata"]}, "agent": {"id": "004", "name": "WEB-SERVER-01", "ip": "10.0.0.41"}, "manager": {"name": "wazuh.manager"}, "decoder": {"name": "syscheck"}, "location": "sshd", "id": "1790534862.000743", "full_log": "{\"srcip\":\"10.0.0.15\",\"dstip\":\"10.0.0.41\",\"srcport\":54295,\"dstport\":8080,\"protocol\":\"UDP\"}", "data": {"srcip": "10.0.0.15", "dstip": "10.0.0.41", "srcport": 54295, "dstport": 8080, "protocol": "UDP"}, "mitre": {"id": ["T1071.001"], "tactic": ["Persistence"]}}
{"timestamp": "2026-09-26T16:14:42.402+0000", "rule": {"level": 10, "description": "sshd: Attempt to login using a non-existent user.", "id": "5710", "firedtimes": 3, "mail": false, "groups": ["authentication_failed", "sshd"]}, "agent": {"id": "005", "name": "DB-SERVER-01", "ip": "10.0.0.51"}, "manager": {"name": "wazuh.manager"}, "decoder": {"name": "suricata"}, "location": "sshd", "id": "1790439282.000744", "full_log": "{\"srcip\":\"10.0.0.15\",\"srcuser\":\"admin\",\"dstuser\":\"admin\",\"dstport\":\"22\",\"protocol\":\"ssh\"}", "data": {"srcip": "10.0.0.15", "srcuser": "admin", "dstuser": "admin", "dstport": "22", "protocol": "ssh"}, "mitre": {"id": ["T1203"], "tactic": ["Persistence"]}}
{"timestamp": "2026-09-23T09:49:42.402+0000", "rule": {"level": 10, "description": "sshd: brute force trying to get access to the system.", "id": "5763", "firedtimes": 8, "mail": false, "groups": ["authentication_failed", "sshd", "brute_force"]}, "agent": {"id": "001", "name": "WIN-CLIENT-01", "ip": "10.0.0.21"}, "manager": {"name": "wazuh.manager"}, "decoder": {"name": "syscheck"}, "location": "Security", "id": "1790156982.000745", "full_log": "{\"srcip\":\"10.0.0.99\",\"srcuser\":\"svc-backup\",\"dstuser\":\"svc-backup\",\"dstport\":\"22\",\"protocol\":\"ssh\"}", "data": {"srcip": "10.0.0.99", "srcuser": "svc-backup", "dstuser": "svc-backup", "dstport": "22", "protocol": "ssh"}, "mitre": {"id": ["T1110", "T1110.001"], "tactic": ["Persistence"]}}
{"timestamp": "2026-09-22T14:34:42.402+0000", "rule": {"level": 8, "description": "Windows Defender: Malware detected.", "id": "60122", "firedtimes": 3, "mail": false, "groups": ["windows", "windows_defender", "malware"]}, "agent": {"id": "002", "name": "WIN-CLIENT-02", "ip": "10.0.0.22"}, "manager": {"name": "wazuh.manager"}, "decoder": {"name": "windows"}, "location": "sshd", "id": "1790087682.000746", "full_log": "{\"win\":{\"system\":{\"eventID\":1116},\"win_defender\":{\"threatName\":\"Backdoor:Win32/Sample\",\"action\":\"Quarantine\"}}}", "data": {"win": {"system": {"eventID": 1116}, "win_defender": {"threatName": "Backdoor:Win32/Sample", "action": "Quarantine"}}}, "mitre": {"id": ["T1566.001"], "tactic": ["Command and Control"]}}
{"timestamp": "2026-09-22T18:32:42.402+0000", "rule": {"level": 7, "description": "Windows PowerShell execution detected.", "id": "92032", "firedtimes": 12, "mail": false, "groups": ["windows", "powershell"]}, "agent": {"id": "003", "name": "LINUX-SERVER-01", "ip": "10.0.0.31"}, "manager": {"name": "wazuh.manager"}, "decoder": {"name": "json"}, "location": "sshd", "id": "1790101962.000747", "full_log": "{\"win\":{\"system\":{\"eventID\":4688},\"eventdata\":{\"commandLine\":\"powershell.exe -NoProfile -Command ipconfig\",\"user\":\"administrator\"}}}", "data": {"win": {"system": {"eventID": 4688}, "eventdata": {"commandLine": "powershell.exe -NoProfile -Command ipconfig", "user": "administrator"}}}, "mitre": {"id": ["T1566.001"], "tactic": ["Credential Access"]}}
{"timestamp": "2026-09-24T18:14:42.402+0000", "rule": {"level": 7, "description": "Web application attack detected.", "id": "61603", "firedtimes": 10, "mail": false, "groups": ["web", "attack", "ids"]}, "agent": {"id": "004", "name": "WEB-SERVER-01", "ip": "10.0.0.41"}, "manager": {"name": "wazuh.manager"}, "decoder": {"name": "sshd"}, "location": "suricata", "id": "1790273682.000748", "full_log": "{\"srcip\":\"192.168.1.55\",\"dstport\":\"443\",\"url\":\"/../../etc/passwd\",\"http_method\":\"GET\"}", "data": {"srcip": "192.168.1.55", "dstport": "443", "url": "/../../etc/passwd", "http_method": "GET"}, "mitre": {"id": ["T1059.001"], "tactic": ["Persistence"]}}
{"timestamp": "2026-09-25T16:33:42.402+0000", "rule": {"level": 5, "description": "File integrity monitoring: file modified.", "id": "554", "firedtimes": 12, "mail": false, "groups": ["syscheck", "file_integrity"]}, "agent": {"id": "005", "name": "DB-SERVER-01", "ip": "10.0.0.51"}, "manager": {"name": "wazuh.manager"}, "decoder": {"name": "suricata"}, "location": "EventChannel", "id": "1790354022.000749", "full_log": "{\"path\":\"/etc/ssh/sshd_config\",\"action\":\"modified\"}", "data": {"path": "/etc/ssh/sshd_config", "action": "modified"}, "mitre": {"id": ["T1547.001"], "tactic": ["Persistence"]}}
{"timestamp": "2026-09-27T18:38:42.402+0000", "rule": {"level": 12, "description": "Possible exploitation attempt detected.", "id": "80700", "firedtimes": 4, "mail": true, "groups": ["exploit", "attack"]}, "agent": {"id": "001", "name": "WIN-CLIENT-01", "ip": "10.0.0.21"}, "manager": {"name": "wazuh.manager"}, "decoder": {"name": "sshd"}, "location": "Security", "id": "1790534322.000750", "full_log": "{\"srcip\":\"10.0.0.99\",\"dstip\":\"10.0.0.21\",\"dstport\":\"8080\"}", "data": {"srcip": "10.0.0.99", "dstip": "10.0.0.21", "dstport": "8080"}, "mitre": {"id": ["T1071.001"], "tactic": ["Command and Control"]}}
{"timestamp": "2026-09-26T20:37:42.402+0000", "rule": {"level": 9, "description": "Suricata: IDS alert detected.", "id": "86601", "firedtimes": 9, "mail": false, "groups": ["ids", "suricata"]}, "agent": {"id": "002", "name": "WIN-CLIENT-02", "ip": "10.0.0.22"}, "manager": {"name": "wazuh.manager"}, "decoder": {"name": "json"}, "location": "EventChannel", "id": "1790455062.000751", "full_log": "{\"srcip\":\"10.0.0.10\",\"dstip\":\"10.0.0.22\",\"srcport\":40088,\"dstport\":445,\"protocol\":\"UDP\"}", "data": {"srcip": "10.0.0.10", "dstip": "10.0.0.22", "srcport": 40088, "dstport": 445, "protocol": "UDP"}, "mitre": {"id": ["T1059.001"], "tactic": ["Initial Access"]}}
{"timestamp": "2026-09-25T22:33:42.402+0000", "rule": {"level": 10, "description": "sshd: Attempt to login using a non-existent user.", "id": "5710", "firedtimes": 2, "mail": false, "groups": ["authentication_failed", "sshd"]}, "agent": {"id": "003", "name": "LINUX-SERVER-01", "ip": "10.0.0.31"}, "manager": {"name": "wazuh.manager"}, "decoder": {"name": "suricata"}, "location": "EventChannel", "id": "1790375622.000752", "full_log": "{\"srcip\":\"10.0.0.10\",\"srcuser\":\"alice\",\"dstuser\":\"alice\",\"dstport\":\"22\",\"protocol\":\"ssh\"}", "data": {"srcip": "10.0.0.10", "srcuser": "alice", "dstuser": "alice", "dstport": "22", "protocol": "ssh"}, "mitre": {"id": ["T1203"], "tactic": ["Persistence"]}}
{"timestamp": "2026-09-22T00:32:42.402+0000", "rule": {"level": 10, "description": "sshd: brute force trying to get access to the system.", "id": "5763", "firedtimes": 3, "mail": false, "groups": ["authentication_failed", "sshd", "brute_force"]}, "agent": {"id": "004", "name": "WEB-SERVER-01", "ip": "10.0.0.41"}, "manager": {"name": "wazuh.manager"}, "decoder": {"name": "suricata"}, "location": "Security", "id": "1790037162.000753", "full_log": "{\"srcip\":\"10.0.0.10\",\"srcuser\":\"admin\",\"dstuser\":\"admin\",\"dstport\":\"22\",\"protocol\":\"ssh\"}", "data": {"srcip": "10.0.0.10", "srcuser": "admin", "dstuser": "admin", "dstport": "22", "protocol": "ssh"}, "mitre": {"id": ["T1547.001"], "tactic": ["Execution"]}}
{"timestamp": "2026-09-23T00:29:42.402+0000", "rule": {"level": 8, "description": "Windows Defender: Malware detected.", "id": "60122", "firedtimes": 7, "mail": false, "groups": ["windows", "windows_defender", "malware"]}, "agent": {"id": "005", "name": "DB-SERVER-01", "ip": "10.0.0.51"}, "manager": {"name": "wazuh.manager"}, "decoder": {"name": "suricata"}, "location": "suricata", "id": "1790123382.000754", "full_log": "{\"win\":{\"system\":{\"eventID\":1116},\"win_defender\":{\"threatName\":\"Backdoor:Win32/Sample\",\"action\":\"Quarantine\"}}}", "data": {"win": {"system": {"eventID": 1116}, "win_defender": {"threatName": "Backdoor:Win32/Sample", "action": "Quarantine"}}}, "mitre": {"id": ["T1190"], "tactic": ["Execution"]}}
{"timestamp": "2026-09-23T15:54:42.402+0000", "rule": {"level": 7, "description": "Windows PowerShell execution detected.", "id": "92032", "firedtimes": 7, "mail": false, "groups": ["windows", "powershell"]}, "agent": {"id": "001", "name": "WIN-CLIENT-01", "ip": "10.0.0.21"}, "manager": {"name": "wazuh.manager"}, "decoder": {"name": "windows"}, "location": "Security", "id": "1790178882.000755", "full_log": "{\"win\":{\"system\":{\"eventID\":4688},\"eventdata\":{\"commandLine\":\"powershell.exe -Command Get-Service\",\"user\":\"svc-backup\"}}}", "data": {"win": {"system": {"eventID": 4688}, "eventdata": {"commandLine": "powershell.exe -Command Get-Service", "user": "svc-backup"}}}, "mitre": {"id": ["T1566.001"], "tactic": ["Credential Access"]}}
{"timestamp": "2026-09-28T06:43:42.402+0000", "rule": {"level": 7, "description": "Web application attack detected.", "id": "61603", "firedtimes": 6, "mail": false, "groups": ["web", "attack", "ids"]}, "agent": {"id": "002", "name": "WIN-CLIENT-02", "ip": "10.0.0.22"}, "manager": {"name": "wazuh.manager"}, "decoder": {"name": "suricata"}, "location": "Security", "id": "1790577822.000756", "full_log": "{\"srcip\":\"192.168.1.55\",\"dstport\":\"80\",\"url\":\"/api/users/1\",\"http_method\":\"GET\"}", "data": {"srcip": "192.168.1.55", "dstport": "80", "url": "/api/users/1", "http_method": "GET"}, "mitre": {"id": ["T1110", "T1110.001"], "tactic": ["Command and Control"]}}
{"timestamp": "2026-09-25T09:50:42.402+0000", "rule": {"level": 5, "description": "File integrity monitoring: file modified.", "id": "554", "firedtimes": 4, "mail": false, "groups": ["syscheck", "file_integrity"]}, "agent": {"id": "003", "name": "LINUX-SERVER-01", "ip": "10.0.0.31"}, "manager": {"name": "wazuh.manager"}, "decoder": {"name": "syscheck"}, "location": "suricata", "id": "1790329842.000757", "full_log": "{\"path\":\"/etc/passwd\",\"action\":\"modified\"}", "data": {"path": "/etc/passwd", "action": "modified"}, "mitre": {"id": ["T1190"], "tactic": ["Initial Access"]}}
{"timestamp": "2026-09-25T16:16:42.402+0000", "rule": {"level": 12, "description": "Possible exploitation attempt detected.", "id": "80700", "firedtimes": 9, "mail": true, "groups": ["exploit", "attack"]}, "agent": {"id": "004", "name": "WEB-SERVER-01", "ip": "10.0.0.41"}, "manager": {"name": "wazuh.manager"}, "decoder": {"name": "sshd"}, "location": "syscheck", "id": "1790353002.000758", "full_log": "{\"srcip\":\"172.16.0.25\",\"dstip\":\"10.0.0.41\",\"dstport\":\"445\"}", "data": {"srcip": "172.16.0.25", "dstip": "10.0.0.41", "dstport": "445"}, "mitre": {"id": ["T1190"], "tactic": ["Execution"]}}
{"timestamp": "2026-09-23T11:08:42.402+0000", "rule": {"level": 9, "description": "Suricata: IDS alert detected.", "id": "86601", "firedtimes": 3, "mail": false, "groups": ["ids", "suricata"]}, "agent": {"id": "005", "name": "DB-SERVER-01", "ip": "10.0.0.51"}, "manager": {"name": "wazuh.manager"}, "decoder": {"name": "windows"}, "location": "syscheck", "id": "1790161722.000759", "full_log": "{\"srcip\":\"192.168.1.55\",\"dstip\":\"10.0.0.51\",\"srcport\":56292,\"dstport\":443,\"protocol\":\"UDP\"}", "data": {"srcip": "192.168.1.55", "dstip": "10.0.0.51", "srcport": 56292, "dstport": 443, "protocol": "UDP"}, "mitre": {"id": ["T1059.001"], "tactic": ["Credential Access"]}}
{"timestamp": "2026-09-22T03:20:42.402+0000", "rule": {"level": 10, "description": "sshd: Attempt to login using a non-existent user.", "id": "5710", "firedtimes": 12, "mail": false, "groups": ["authentication_failed", "sshd"]}, "agent": {"id": "001", "name": "WIN-CLIENT-01", "ip": "10.0.0.21"}, "manager": {"name": "wazuh.manager"}, "decoder": {"name": "syscheck"}, "location": "EventChannel", "id": "1790047242.000760", "full_log": "{\"srcip\":\"10.0.0.10\",\"srcuser\":\"admin\",\"dstuser\":\"admin\",\"dstport\":\"22\",\"protocol\":\"ssh\"}", "data": {"srcip": "10.0.0.10", "srcuser": "admin", "dstuser": "admin", "dstport": "22", "protocol": "ssh"}, "mitre": {"id": ["T1059.001"], "tactic": ["Credential Access"]}}
{"timestamp": "2026-09-22T21:13:42.402+0000", "rule": {"level": 10, "description": "sshd: brute force trying to get access to the system.", "id": "5763", "firedtimes": 12, "mail": false, "groups": ["authentication_failed", "sshd", "brute_force"]}, "agent": {"id": "002", "name": "WIN-CLIENT-02", "ip": "10.0.0.22"}, "manager": {"name": "wazuh.manager"}, "decoder": {"name": "suricata"}, "location": "EventChannel", "id": "1790111622.000761", "full_log": "{\"srcip\":\"172.16.0.25\",\"srcuser\":\"john\",\"dstuser\":\"john\",\"dstport\":\"22\",\"protocol\":\"ssh\"}", "data": {"srcip": "172.16.0.25", "srcuser": "john", "dstuser": "john", "dstport": "22", "protocol": "ssh"}, "mitre": {"id": ["T1566.001"], "tactic": ["Execution"]}}
{"timestamp": "2026-09-26T11:49:42.402+0000", "rule": {"level": 8, "description": "Windows Defender: Malware detected.", "id": "60122", "firedtimes": 8, "mail": false, "groups": ["windows", "windows_defender", "malware"]}, "agent": {"id": "003", "name": "LINUX-SERVER-01", "ip": "10.0.0.31"}, "manager": {"name": "wazuh.manager"}, "decoder": {"name": "syscheck"}, "location": "sshd", "id": "1790423382.000762", "full_log": "{\"win\":{\"system\":{\"eventID\":1116},\"win_defender\":{\"threatName\":\"PUA:Win32/Example\",\"action\":\"Quarantine\"}}}", "data": {"win": {"system": {"eventID": 1116}, "win_defender": {"threatName": "PUA:Win32/Example", "action": "Quarantine"}}}, "mitre": {"id": ["T1059.001"], "tactic": ["Execution"]}}
{"timestamp": "2026-09-26T03:44:42.402+0000", "rule": {"level": 7, "description": "Windows PowerShell execution detected.", "id": "92032", "firedtimes": 12, "mail": false, "groups": ["windows", "powershell"]}, "agent": {"id": "004", "name": "WEB-SERVER-01", "ip": "10.0.0.41"}, "manager": {"name": "wazuh.manager"}, "decoder": {"name": "sshd"}, "location": "suricata", "id": "1790394282.000763", "full_log": "{\"win\":{\"system\":{\"eventID\":4688},\"eventdata\":{\"commandLine\":\"powershell.exe -NoProfile -Command ipconfig\",\"user\":\"administrator\"}}}", "data": {"win": {"system": {"eventID": 4688}, "eventdata": {"commandLine": "powershell.exe -NoProfile -Command ipconfig", "user": "administrator"}}}, "mitre": {"id": ["T1203"], "tactic": ["Persistence"]}}
{"timestamp": "2026-09-27T12:53:42.402+0000", "rule": {"level": 7, "description": "Web application attack detected.", "id": "61603", "firedtimes": 12, "mail": false, "groups": ["web", "attack", "ids"]}, "agent": {"id": "005", "name": "DB-SERVER-01", "ip": "10.0.0.51"}, "manager": {"name": "wazuh.manager"}, "decoder": {"name": "windows"}, "location": "Security", "id": "1790513622.000764", "full_log": "{\"srcip\":\"192.168.1.55\",\"dstport\":\"80\",\"url\":\"/login?user=admin\",\"http_method\":\"POST\"}", "data": {"srcip": "192.168.1.55", "dstport": "80", "url": "/login?user=admin", "http_method": "POST"}, "mitre": {"id": ["T1566.001"], "tactic": ["Persistence"]}}
{"timestamp": "2026-09-22T05:36:42.402+0000", "rule": {"level": 5, "description": "File integrity monitoring: file modified.", "id": "554", "firedtimes": 8, "mail": false, "groups": ["syscheck", "file_integrity"]}, "agent": {"id": "001", "name": "WIN-CLIENT-01", "ip": "10.0.0.21"}, "manager": {"name": "wazuh.manager"}, "decoder": {"name": "suricata"}, "location": "Security", "id": "1790055402.000765", "full_log": "{\"path\":\"/var/www/html/index.php\",\"action\":\"modified\"}", "data": {"path": "/var/www/html/index.php", "action": "modified"}, "mitre": {"id": ["T1566.001"], "tactic": ["Command and Control"]}}
{"timestamp": "2026-09-22T07:54:42.402+0000", "rule": {"level": 12, "description": "Possible exploitation attempt detected.", "id": "80700", "firedtimes": 12, "mail": true, "groups": ["exploit", "attack"]}, "agent": {"id": "002", "name": "WIN-CLIENT-02", "ip": "10.0.0.22"}, "manager": {"name": "wazuh.manager"}, "decoder": {"name": "json"}, "location": "suricata", "id": "1790063682.000766", "full_log": "{\"srcip\":\"10.0.0.15\",\"dstip\":\"10.0.0.22\",\"dstport\":\"8080\"}", "data": {"srcip": "10.0.0.15", "dstip": "10.0.0.22", "dstport": "8080"}, "mitre": {"id": ["T1547.001"], "tactic": ["Command and Control"]}}
{"timestamp": "2026-09-24T21:04:42.402+0000", "rule": {"level": 9, "description": "Suricata: IDS alert detected.", "id": "86601", "firedtimes": 8, "mail": false, "groups": ["ids", "suricata"]}, "agent": {"id": "003", "name": "LINUX-SERVER-01", "ip": "10.0.0.31"}, "manager": {"name": "wazuh.manager"}, "decoder": {"name": "syscheck"}, "location": "suricata", "id": "1790283882.000767", "full_log": "{\"srcip\":\"192.168.1.55\",\"dstip\":\"10.0.0.31\",\"srcport\":60241,\"dstport\":443,\"protocol\":\"TCP\"}", "data": {"srcip": "192.168.1.55", "dstip": "10.0.0.31", "srcport": 60241, "dstport": 443, "protocol": "TCP"}, "mitre": {"id": ["T1190"], "tactic": ["Command and Control"]}}
{"timestamp": "2026-09-25T02:16:42.402+0000", "rule": {"level": 10, "description": "sshd: Attempt to login using a non-existent user.", "id": "5710", "firedtimes": 5, "mail": false, "groups": ["authentication_failed", "sshd"]}, "agent": {"id": "004", "name": "WEB-SERVER-01", "ip": "10.0.0.41"}, "manager": {"name": "wazuh.manager"}, "decoder": {"name": "windows"}, "location": "syscheck", "id": "1790302602.000768", "full_log": "{\"srcip\":\"172.16.0.25\",\"srcuser\":\"svc-backup\",\"dstuser\":\"svc-backup\",\"dstport\":\"22\",\"protocol\":\"ssh\"}", "data": {"srcip": "172.16.0.25", "srcuser": "svc-backup", "dstuser": "svc-backup", "dstport": "22", "protocol": "ssh"}, "mitre": {"id": ["T1110", "T1110.001"], "tactic": ["Command and Control"]}}
{"timestamp": "2026-09-24T18:46:42.402+0000", "rule": {"level": 10, "description": "sshd: brute force trying to get access to the system.", "id": "5763", "firedtimes": 1, "mail": false, "groups": ["authentication_failed", "sshd", "brute_force"]}, "agent": {"id": "005", "name": "DB-SERVER-01", "ip": "10.0.0.51"}, "manager": {"name": "wazuh.manager"}, "decoder": {"name": "syscheck"}, "location": "suricata", "id": "1790275602.000769", "full_log": "{\"srcip\":\"192.168.1.55\",\"srcuser\":\"svc-backup\",\"dstuser\":\"svc-backup\",\"dstport\":\"22\",\"protocol\":\"ssh\"}", "data": {"srcip": "192.168.1.55", "srcuser": "svc-backup", "dstuser": "svc-backup", "dstport": "22", "protocol": "ssh"}, "mitre": {"id": ["T1059.001"], "tactic": ["Command and Control"]}}
{"timestamp": "2026-09-21T21:50:42.402+0000", "rule": {"level": 8, "description": "Windows Defender: Malware detected.", "id": "60122", "firedtimes": 1, "mail": false, "groups": ["windows", "windows_defender", "malware"]}, "agent": {"id": "001", "name": "WIN-CLIENT-01", "ip": "10.0.0.21"}, "manager": {"name": "wazuh.manager"}, "decoder": {"name": "windows"}, "location": "EventChannel", "id": "1790027442.000770", "full_log": "{\"win\":{\"system\":{\"eventID\":1116},\"win_defender\":{\"threatName\":\"PUA:Win32/Example\",\"action\":\"Quarantine\"}}}", "data": {"win": {"system": {"eventID": 1116}, "win_defender": {"threatName": "PUA:Win32/Example", "action": "Quarantine"}}}, "mitre": {"id": ["T1110", "T1110.001"], "tactic": ["Execution"]}}
{"timestamp": "2026-09-27T01:48:42.402+0000", "rule": {"level": 7, "description": "Windows PowerShell execution detected.", "id": "92032", "firedtimes": 3, "mail": false, "groups": ["windows", "powershell"]}, "agent": {"id": "002", "name": "WIN-CLIENT-02", "ip": "10.0.0.22"}, "manager": {"name": "wazuh.manager"}, "decoder": {"name": "suricata"}, "location": "sshd", "id": "1790473722.000771", "full_log": "{\"win\":{\"system\":{\"eventID\":4688},\"eventdata\":{\"commandLine\":\"powershell.exe -Command Get-Service\",\"user\":\"svc-backup\"}}}", "data": {"win": {"system": {"eventID": 4688}, "eventdata": {"commandLine": "powershell.exe -Command Get-Service", "user": "svc-backup"}}}, "mitre": {"id": ["T1203"], "tactic": ["Initial Access"]}}
{"timestamp": "2026-09-21T11:37:42.402+0000", "rule": {"level": 7, "description": "Web application attack detected.", "id": "61603", "firedtimes": 6, "mail": false, "groups": ["web", "attack", "ids"]}, "agent": {"id": "003", "name": "LINUX-SERVER-01", "ip": "10.0.0.31"}, "manager": {"name": "wazuh.manager"}, "decoder": {"name": "sshd"}, "location": "sshd", "id": "1789990662.000772", "full_log": "{\"srcip\":\"10.0.0.10\",\"dstport\":\"80\",\"url\":\"/search?q=%27%20OR%201%3D1--\",\"http_method\":\"POST\"}", "data": {"srcip": "10.0.0.10", "dstport": "80", "url": "/search?q=%27%20OR%201%3D1--", "http_method": "POST"}, "mitre": {"id": ["T1547.001"], "tactic": ["Execution"]}}
{"timestamp": "2026-09-26T20:09:42.402+0000", "rule": {"level": 5, "description": "File integrity monitoring: file modified.", "id": "554", "firedtimes": 6, "mail": false, "groups": ["syscheck", "file_integrity"]}, "agent": {"id": "004", "name": "WEB-SERVER-01", "ip": "10.0.0.41"}, "manager": {"name": "wazuh.manager"}, "decoder": {"name": "json"}, "location": "syscheck", "id": "1790453382.000773", "full_log": "{\"path\":\"/etc/passwd\",\"action\":\"modified\"}", "data": {"path": "/etc/passwd", "action": "modified"}, "mitre": {"id": ["T1566.001"], "tactic": ["Execution"]}}
{"timestamp": "2026-09-26T23:10:42.402+0000", "rule": {"level": 12, "description": "Possible exploitation attempt detected.", "id": "80700", "firedtimes": 11, "mail": true, "groups": ["exploit", "attack"]}, "agent": {"id": "005", "name": "DB-SERVER-01", "ip": "10.0.0.51"}, "manager": {"name": "wazuh.manager"}, "decoder": {"name": "syscheck"}, "location": "syscheck", "id": "1790464242.000774", "full_log": "{\"srcip\":\"172.16.0.25\",\"dstip\":\"10.0.0.51\",\"dstport\":\"80\"}", "data": {"srcip": "172.16.0.25", "dstip": "10.0.0.51", "dstport": "80"}, "mitre": {"id": ["T1059.001"], "tactic": ["Command and Control"]}}
{"timestamp": "2026-09-25T05:58:42.402+0000", "rule": {"level": 9, "description": "Suricata: IDS alert detected.", "id": "86601", "firedtimes": 3, "mail": false, "groups": ["ids", "suricata"]}, "agent": {"id": "001", "name": "WIN-CLIENT-01", "ip": "10.0.0.21"}, "manager": {"name": "wazuh.manager"}, "decoder": {"name": "syscheck"}, "location": "EventChannel", "id": "1790315922.000775", "full_log": "{\"srcip\":\"10.0.0.10\",\"dstip\":\"10.0.0.21\",\"srcport\":18351,\"dstport\":22,\"protocol\":\"TCP\"}", "data": {"srcip": "10.0.0.10", "dstip": "10.0.0.21", "srcport": 18351, "dstport": 22, "protocol": "TCP"}, "mitre": {"id": ["T1190"], "tactic": ["Initial Access"]}}
{"timestamp": "2026-09-26T17:48:42.402+0000", "rule": {"level": 10, "description": "sshd: Attempt to login using a non-existent user.", "id": "5710", "firedtimes": 7, "mail": false, "groups": ["authentication_failed", "sshd"]}, "agent": {"id": "002", "name": "WIN-CLIENT-02", "ip": "10.0.0.22"}, "manager": {"name": "wazuh.manager"}, "decoder": {"name": "syscheck"}, "location": "EventChannel", "id": "1790444922.000776", "full_log": "{\"srcip\":\"192.168.1.55\",\"srcuser\":\"admin\",\"dstuser\":\"admin\",\"dstport\":\"22\",\"protocol\":\"ssh\"}", "data": {"srcip": "192.168.1.55", "srcuser": "admin", "dstuser": "admin", "dstport": "22", "protocol": "ssh"}, "mitre": {"id": ["T1203"], "tactic": ["Execution"]}}
{"timestamp": "2026-09-27T08:35:42.402+0000", "rule": {"level": 10, "description": "sshd: brute force trying to get access to the system.", "id": "5763", "firedtimes": 5, "mail": false, "groups": ["authentication_failed", "sshd", "brute_force"]}, "agent": {"id": "003", "name": "LINUX-SERVER-01", "ip": "10.0.0.31"}, "manager": {"name": "wazuh.manager"}, "decoder": {"name": "syscheck"}, "location": "EventChannel", "id": "1790498142.000777", "full_log": "{\"srcip\":\"172.16.0.25\",\"srcuser\":\"administrator\",\"dstuser\":\"administrator\",\"dstport\":\"22\",\"protocol\":\"ssh\"}", "data": {"srcip": "172.16.0.25", "srcuser": "administrator", "dstuser": "administrator", "dstport": "22", "protocol": "ssh"}, "mitre": {"id": ["T1071.001"], "tactic": ["Initial Access"]}}
{"timestamp": "2026-09-27T08:32:42.402+0000", "rule": {"level": 8, "description": "Windows Defender: Malware detected.", "id": "60122", "firedtimes": 11, "mail": false, "groups": ["windows", "windows_defender", "malware"]}, "agent": {"id": "004", "name": "WEB-SERVER-01", "ip": "10.0.0.41"}, "manager": {"name": "wazuh.manager"}, "decoder": {"name": "windows"}, "location": "EventChannel", "id": "1790497962.000778", "full_log": "{\"win\":{\"system\":{\"eventID\":1116},\"win_defender\":{\"threatName\":\"PUA:Win32/Example\",\"action\":\"Quarantine\"}}}", "data": {"win": {"system": {"eventID": 1116}, "win_defender": {"threatName": "PUA:Win32/Example", "action": "Quarantine"}}}, "mitre": {"id": ["T1566.001"], "tactic": ["Initial Access"]}}
{"timestamp": "2026-09-25T03:13:42.402+0000", "rule": {"level": 7, "description": "Windows PowerShell execution detected.", "id": "92032", "firedtimes": 5, "mail": false, "groups": ["windows", "powershell"]}, "agent": {"id": "005", "name": "DB-SERVER-01", "ip": "10.0.0.51"}, "manager": {"name": "wazuh.manager"}, "decoder": {"name": "suricata"}, "location": "EventChannel", "id": "1790306022.000779", "full_log": "{\"win\":{\"system\":{\"eventID\":4688},\"eventdata\":{\"commandLine\":\"powershell.exe -ExecutionPolicy Bypass -Command Get-Process\",\"user\":\"svc-backup\"}}}", "data": {"win": {"system": {"eventID": 4688}, "eventdata": {"commandLine": "powershell.exe -ExecutionPolicy Bypass -Command Get-Process", "user": "svc-backup"}}}, "mitre": {"id": ["T1190"], "tactic": ["Execution"]}}
{"timestamp": "2026-09-28T00:30:42.402+0000", "rule": {"level": 7, "description": "Web application attack detected.", "id": "61603", "firedtimes": 9, "mail": false, "groups": ["web", "attack", "ids"]}, "agent": {"id": "001", "name": "WIN-CLIENT-01", "ip": "10.0.0.21"}, "manager": {"name": "wazuh.manager"}, "decoder": {"name": "json"}, "location": "Security", "id": "1790555442.000780", "full_log": "{\"srcip\":\"10.0.0.15\",\"dstport\":\"443\",\"url\":\"/search?q=%27%20OR%201%3D1--\",\"http_method\":\"POST\"}", "data": {"srcip": "10.0.0.15", "dstport": "443", "url": "/search?q=%27%20OR%201%3D1--", "http_method": "POST"}, "mitre": {"id": ["T1547.001"], "tactic": ["Credential Access"]}}
{"timestamp": "2026-09-21T11:00:42.402+0000", "rule": {"level": 5, "description": "File integrity monitoring: file modified.", "id": "554", "firedtimes": 11, "mail": false, "groups": ["syscheck", "file_integrity"]}, "agent": {"id": "002", "name": "WIN-CLIENT-02", "ip": "10.0.0.22"}, "manager": {"name": "wazuh.manager"}, "decoder": {"name": "syscheck"}, "location": "sshd", "id": "1789988442.000781", "full_log": "{\"path\":\"/etc/passwd\",\"action\":\"modified\"}", "data": {"path": "/etc/passwd", "action": "modified"}, "mitre": {"id": ["T1059.001"], "tactic": ["Initial Access"]}}
{"timestamp": "2026-09-24T04:32:42.402+0000", "rule": {"level": 12, "description": "Possible exploitation attempt detected.", "id": "80700", "firedtimes": 10, "mail": true, "groups": ["exploit", "attack"]}, "agent": {"id": "003", "name": "LINUX-SERVER-01", "ip": "10.0.0.31"}, "manager": {"name": "wazuh.manager"}, "decoder": {"name": "json"}, "location": "Security", "id": "1790224362.000782", "full_log": "{\"srcip\":\"10.0.0.15\",\"dstip\":\"10.0.0.31\",\"dstport\":\"22\"}", "data": {"srcip": "10.0.0.15", "dstip": "10.0.0.31", "dstport": "22"}, "mitre": {"id": ["T1566.001"], "tactic": ["Execution"]}}
{"timestamp": "2026-09-28T03:25:42.402+0000", "rule": {"level": 9, "description": "Suricata: IDS alert detected.", "id": "86601", "firedtimes": 10, "mail": false, "groups": ["ids", "suricata"]}, "agent": {"id": "004", "name": "WEB-SERVER-01", "ip": "10.0.0.41"}, "manager": {"name": "wazuh.manager"}, "decoder": {"name": "sshd"}, "location": "EventChannel", "id": "1790565942.000783", "full_log": "{\"srcip\":\"10.0.0.10\",\"dstip\":\"10.0.0.41\",\"srcport\":63794,\"dstport\":22,\"protocol\":\"TCP\"}", "data": {"srcip": "10.0.0.10", "dstip": "10.0.0.41", "srcport": 63794, "dstport": 22, "protocol": "TCP"}, "mitre": {"id": ["T1071.001"], "tactic": ["Command and Control"]}}
{"timestamp": "2026-09-23T10:12:42.402+0000", "rule": {"level": 10, "description": "sshd: Attempt to login using a non-existent user.", "id": "5710", "firedtimes": 3, "mail": false, "groups": ["authentication_failed", "sshd"]}, "agent": {"id": "005", "name": "DB-SERVER-01", "ip": "10.0.0.51"}, "manager": {"name": "wazuh.manager"}, "decoder": {"name": "windows"}, "location": "sshd", "id": "1790158362.000784", "full_log": "{\"srcip\":\"10.0.0.10\",\"srcuser\":\"root\",\"dstuser\":\"root\",\"dstport\":\"22\",\"protocol\":\"ssh\"}", "data": {"srcip": "10.0.0.10", "srcuser": "root", "dstuser": "root", "dstport": "22", "protocol": "ssh"}, "mitre": {"id": ["T1190"], "tactic": ["Credential Access"]}}
{"timestamp": "2026-09-26T11:34:42.402+0000", "rule": {"level": 10, "description": "sshd: brute force trying to get access to the system.", "id": "5763", "firedtimes": 12, "mail": false, "groups": ["authentication_failed", "sshd", "brute_force"]}, "agent": {"id": "001", "name": "WIN-CLIENT-01", "ip": "10.0.0.21"}, "manager": {"name": "wazuh.manager"}, "decoder": {"name": "windows"}, "location": "sshd", "id": "1790422482.000785", "full_log": "{\"srcip\":\"10.0.0.99\",\"srcuser\":\"john\",\"dstuser\":\"john\",\"dstport\":\"22\",\"protocol\":\"ssh\"}", "data": {"srcip": "10.0.0.99", "srcuser": "john", "dstuser": "john", "dstport": "22", "protocol": "ssh"}, "mitre": {"id": ["T1059.001"], "tactic": ["Credential Access"]}}
{"timestamp": "2026-09-24T11:28:42.402+0000", "rule": {"level": 8, "description": "Windows Defender: Malware detected.", "id": "60122", "firedtimes": 6, "mail": false, "groups": ["windows", "windows_defender", "malware"]}, "agent": {"id": "002", "name": "WIN-CLIENT-02", "ip": "10.0.0.22"}, "manager": {"name": "wazuh.manager"}, "decoder": {"name": "json"}, "location": "sshd", "id": "1790249322.000786", "full_log": "{\"win\":{\"system\":{\"eventID\":1116},\"win_defender\":{\"threatName\":\"Backdoor:Win32/Sample\",\"action\":\"Quarantine\"}}}", "data": {"win": {"system": {"eventID": 1116}, "win_defender": {"threatName": "Backdoor:Win32/Sample", "action": "Quarantine"}}}, "mitre": {"id": ["T1547.001"], "tactic": ["Initial Access"]}}
{"timestamp": "2026-09-23T08:20:42.402+0000", "rule": {"level": 7, "description": "Windows PowerShell execution detected.", "id": "92032", "firedtimes": 4, "mail": false, "groups": ["windows", "powershell"]}, "agent": {"id": "003", "name": "LINUX-SERVER-01", "ip": "10.0.0.31"}, "manager": {"name": "wazuh.manager"}, "decoder": {"name": "suricata"}, "location": "EventChannel", "id": "1790151642.000787", "full_log": "{\"win\":{\"system\":{\"eventID\":4688},\"eventdata\":{\"commandLine\":\"powershell.exe -NoProfile -Command ipconfig\",\"user\":\"administrator\"}}}", "data": {"win": {"system": {"eventID": 4688}, "eventdata": {"commandLine": "powershell.exe -NoProfile -Command ipconfig", "user": "administrator"}}}, "mitre": {"id": ["T1059.001"], "tactic": ["Persistence"]}}
