{"timestamp": "2026-09-25T18:40:42.402+0000", "rule": {"level": 7, "description": "Web application attack detected.", "id": "61603", "firedtimes": 11, "mail": false, "groups": ["web", "attack", "ids"]}, "agent": {"id": "004", "name": "WEB-SERVER-01", "ip": "10.0.0.41"}, "manager": {"name": "wazuh.manager"}, "decoder": {"name": "suricata"}, "location": "Security", "id": "1790361642.000428", "full_log": "{\"srcip\":\"192.168.1.55\",\"dstport\":\"80\",\"url\":\"/api/users/1\",\"http_method\":\"GET\"}", "data": {"srcip": "192.168.1.55", "dstport": "80", "url": "/api/users/1", "http_method": "GET"}, "mitre": {"id": ["T1190"], "tactic": ["Execution"]}}
{"timestamp": "2026-09-25T02:10:42.402+0000", "rule": {"level": 5, "description": "File integrity monitoring: file modified.", "id": "554", "firedtimes": 6, "mail": false, "groups": ["syscheck", "file_integrity"]}, "agent": {"id": "005", "name": "DB-SERVER-01", "ip": "10.0.0.51"}, "manager": {"name": "wazuh.manager"}, "decoder": {"name": "sshd"}, "location": "Security", "id": "1790302242.000429", "full_log": "{\"path\":\"/var/www/html/index.php\",\"action\":\"modified\"}", "data": {"path": "/var/www/html/index.php", "action": "modified"}, "mitre": {"id": ["T1547.001"], "tactic": ["Initial Access"]}}
{"timestamp": "2026-09-26T09:42:42.402+0000", "rule": {"level": 12, "description": "Possible exploitation attempt detected.", "id": "80700", "firedtimes": 4, "mail": true, "groups": ["exploit", "attack"]}, "agent": {"id": "001", "name": "WIN-CLIENT-01", "ip": "10.0.0.21"}, "manager": {"name": "wazuh.manager"}, "decoder": {"name": "json"}, "location": "sshd", "id": "1790415762.000430", "full_log": "{\"srcip\":\"10.0.0.10\",\"dstip\":\"10.0.0.21\",\"dstport\":\"80\"}", "data": {"srcip": "10.0.0.10", "dstip": "10.0.0.21", "dstport": "80"}, "mitre": {"id": ["T1203"], "tactic": ["Credential Access"]}}
{"timestamp": "2026-09-21T08:05:42.402+0000", "rule": {"level": 9, "description": "Suricata: IDS alert detected.", "id": "86601", "firedtimes": 3, "mail": false, "groups": ["ids", "suricata"]}, "agent": {"id": "002", "name": "WIN-CLIENT-02", "ip": "10.0.0.22"}, "manager": {"name": "wazuh.manager"}, "decoder": {"name": "syscheck"}, "location": "EventChannel", "id": "1789977942.000431", "full_log": "{\"srcip\":\"10.0.0.10\",\"dstip\":\"10.0.0.22\",\"srcport\":29743,\"dstport\":8080,\"protocol\":\"UDP\"}", "data": {"srcip": "10.0.0.10", "dstip": "10.0.0.22", "srcport": 29743, "dstport": 8080, "protocol": "UDP"}, "mitre": {"id": ["T1190"], "tactic": ["Initial Access"]}}
{"timestamp": "2026-09-27T12:51:42.402+0000", "rule": {"level": 10, "description": "sshd: Attempt to login using a non-existent user.", "id": "5710", "firedtimes": 8, "mail": false, "groups": ["authentication_failed", "sshd"]}, "agent": {"id": "003", "name": "LINUX-SERVER-01", "ip": "10.0.0.31"}, "manager": {"name": "wazuh.manager"}, "decoder": {"name": "suricata"}, "location": "syscheck", "id": "1790513502.000432", "full_log": "{\"srcip\":\"172.16.0.25\",\"srcuser\":\"administrator\",\"dstuser\":\"administrator\",\"dstport\":\"22\",\"protocol\":\"ssh\"}", "data": {"srcip": "172.16.0.25", "srcuser": "administrator", "dstuser": "administrator", "dstport": "22", "protocol": "ssh"}, "mitre": {"id": ["T1059.001"], "tactic": ["Persistence"]}}
{"timestamp": "2026-09-22T03:52:42.402+0000", "rule": {"level": 10, "description": "sshd: brute force trying to get access to the system.", "id": "5763", "firedtimes": 1, "mail": false, "groups": ["authentication_failed", "sshd", "brute_force"]}, "agent": {"id": "004", "name": "WEB-SERVER-01", "ip": "10.0.0.41"}, "manager": {"name": "wazuh.manager"}, "decoder": {"name": "windows"}, "location": "sshd", "id": "1790049162.000433", "full_log": "{\"srcip\":\"10.0.0.10\",\"srcuser\":\"svc-backup\",\"dstuser\":\"svc-backup\",\"dstport\":\"22\",\"protocol\":\"ssh\"}", "data": {"srcip": "10.0.0.10", "srcuser": "svc-backup", "dstuser": "svc-backup", "dstport": "22", "protocol": "ssh"}, "mitre": {"id": ["T1110", "T1110.001"], "tactic": ["Credential Access"]}}
{"timestamp": "2026-09-25T05:05:42.402+0000", "rule": {"level": 8, "description": "Windows Defender: Malware detected.", "id": "60122", "firedtimes": 12, "mail": false, "groups": ["windows", "windows_defender", "malware"]}, "agent": {"id": "005", "name": "DB-SERVER-01", "ip": "10.0.0.51"}, "manager": {"name": "wazuh.manager"}, "decoder": {"name": "json"}, "location": "suricata", "id": "1790312742.000434", "full_log": "{\"win\":{\"system\":{\"eventID\":1116},\"win_defender\":{\"threatName\":\"Trojan:Win32/TestThreat\",\"action\":\"Quarantine\"}}}", "data": {"win": {"system": {"eventID": 1116}, "win_defender": {"threatName": "Trojan:Win32/TestThreat", "action": "Quarantine"}}}, "mitre": {"id": ["T1110", "T1110.001"], "tactic": ["Initial Access"]}}
{"timestamp": "2026-09-28T01:57:42.402+0000", "rule": {"level": 7, "description": "Windows PowerShell execution detected.", "id": "92032", "firedtimes": 7, "mail": false, "groups": ["windows", "powershell"]}, "agent": {"id": "001", "name": "WIN-CLIENT-01", "ip": "10.0.0.21"}, "manager": {"name": "wazuh.manager"}, "decoder": {"name": "sshd"}, "location": "suricata", "id": "1790560662.000435", "full_log": "{\"win\":{\"system\":{\"eventID\":4688},\"eventdata\":{\"commandLine\":\"powershell.exe -ExecutionPolicy Bypass -Command Get-Process\",\"user\":\"john\"}}}", "data": {"win": {"system": {"eventID": 4688}, "eventdata": {"commandLine": "powershell.exe -ExecutionPolicy Bypass -Command Get-Process", "user": "john"}}}, "mitre": {"id": ["T1190"], "tactic": ["Execution"]}}
{"timestamp": "2026-09-21T22:22:42.402+0000", "rule": {"level": 7, "description": "Web application attack detected.", "id": "61603", "firedtimes": 12, "mail": false, "groups": ["web", "attack", "ids"]}, "agent": {"id": "002", "name": "WIN-CLIENT-02", "ip": "10.0.0.22"}, "manager": {"name": "wazuh.manager"}, "decoder": {"name": "suricata"}, "location": "suricata", "id": "1790029362.000436", "full_log": "{\"srcip\":\"10.0.0.10\",\"dstport\":\"80\",\"url\":\"/search?q=%27%20OR%201%3D1--\",\"http_method\":\"POST\"}", "data": {"srcip": "10.0.0.10", "dstport": "80", "url": "/search?q=%27%20OR%201%3D1--", "http_method": "POST"}, "mitre": {"id": ["T1203"], "tactic": ["Initial Access"]}}
{"timestamp": "2026-09-24T16:57:42.402+0000", "rule": {"level": 5, "description": "File integrity monitoring: file modified.", "id": "554", "firedtimes": 7, "mail": false, "groups": ["syscheck", "file_integrity"]}, "agent": {"id": "003", "name": "LINUX-SERVER-01", "ip": "10.0.0.31"}, "manager": {"name": "wazuh.manager"}, "decoder": {"name": "suricata"}, "location": "suricata", "id": "1790269062.000437", "full_log": "{\"path\":\"/etc/passwd\",\"action\":\"modified\"}", "data": {"path": "/etc/passwd", "action": "modified"}, "mitre": {"id": ["T1547.001"], "tactic": ["Persistence"]}}
{"timestamp": "2026-09-23T01:41:42.402+0000", "rule": {"level": 12, "description": "Possible exploitation attempt detected.", "id": "80700", "firedtimes": 7, "mail": true, "groups": ["exploit", "attack"]}, "agent": {"id": "004", "name": "WEB-SERVER-01", "ip": "10.0.0.41"}, "manager": {"name": "wazuh.manager"}, "decoder": {"name": "json"}, "location": "sshd", "id": "1790127702.000438", "full_log": "{\"srcip\":\"10.0.0.10\",\"dstip\":\"10.0.0.41\",\"dstport\":\"22\"}", "data": {"srcip": "10.0.0.10", "dstip": "10.0.0.41", "dstport": "22"}, "mitre": {"id": ["T1547.001"], "tactic": ["Command and Control"]}}
{"timestamp": "2026-09-26T18:54:42.402+0000", "rule": {"level": 9, "description": "Suricata: IDS alert detected.", "id": "86601", "firedtimes": 11, "mail": false, "groups": ["ids", "suricata"]}, "agent": {"id": "005", "name": "DB-SERVER-01", "ip": "10.0.0.51"}, "manager": {"name": "wazuh.manager"}, "decoder": {"name": "windows"}, "location": "Security", "id": "1790448882.000439", "full_log": "{\"srcip\":\"10.0.0.15\",\"dstip\":\"10.0.0.51\",\"srcport\":2710,\"dstport\":80,\"protocol\":\"TCP\"}", "data": {"srcip": "10.0.0.15", "dstip": "10.0.0.51", "srcport": 2710, "dstport": 80, "protocol": "TCP"}, "mitre": {"id": ["T1190"], "tactic": ["Credential Access"]}}
{"timestamp": "2026-09-24T19:57:42.402+0000", "rule": {"level": 10, "description": "sshd: Attempt to login using a non-existent user.", "id": "5710", "firedtimes": 8, "mail": false, "groups": ["authentication_failed", "sshd"]}, "agent": {"id": "001", "name": "WIN-CLIENT-01", "ip": "10.0.0.21"}, "manager": {"name": "wazuh.manager"}, "decoder": {"name": "windows"}, "location": "Security", "id": "1790279862.000440", "full_log": "{\"srcip\":\"172.16.0.25\",\"srcuser\":\"john\",\"dstuser\":\"john\",\"dstport\":\"22\",\"protocol\":\"ssh\"}", "data": {"srcip": "172.16.0.25", "srcuser": "john", "dstuser": "john", "dstport": "22", "protocol": "ssh"}, "mitre": {"id": ["T1071.001"], "tactic": ["Command and Control"]}}
{"timestamp": "2026-09-25T17:34:42.402+0000", "rule": {"level": 10, "description": "sshd: brute force trying to get access to the system.", "id": "5763", "firedtimes": 7, "mail": false, "groups": ["authentication_failed", "sshd", "brute_force"]}, "agent": {"id": "002", "name": "WIN-CLIENT-02", "ip": "10.0.0.22"}, "manager": {"name": "wazuh.manager"}, "decoder": {"name": "windows"}, "location": "syscheck", "id": "1790357682.000441", "full_log": "{\"srcip\":\"10.0.0.15\",\"srcuser\":\"svc-backup\",\"dstuser\":\"svc-backup\",\"dstport\":\"22\",\"protocol\":\"ssh\"}", "data": {"srcip": "10.0.0.15", "srcuser": "svc-backup", "dstuser": "svc-backup", "dstport": "22", "protocol": "ssh"}, "mitre": {"id": ["T1190"], "tactic": ["Credential Access"]}}
{"timestamp": "2026-09-24T07:38:42.402+0000", "rule": {"level": 8, "description": "Windows Defender: Malware detected.", "id": "60122", "firedtimes": 4, "mail": false, "groups": ["windows", "windows_defender", "malware"]}, "agent": {"id": "003", "name": "LINUX-SERVER-01", "ip": "10.0.0.31"}, "manager": {"name": "wazuh.manager"}, "decoder": {"name": "windows"}, "location": "suricata", "id": "1790235522.000442", "full_log": "{\"win\":{\"system\":{\"eventID\":1116},\"win_defender\":{\"threatName\":\"Backdoor:Win32/Sample\",\"action\":\"Quarantine\"}}}", "data": {"win": {"system": {"eventID": 1116}, "win_defender": {"threatName": "Backdoor:Win32/Sample", "action": "Quarantine"}}}, "mitre": {"id": ["T1110", "T1110.001"], "tactic": ["Execution"]}}
{"timestamp": "2026-09-22T10:09:42.402+0000", "rule": {"level": 7, "description": "Windows PowerShell execution detected.", "id": "92032", "firedtimes": 9, "mail": false, "groups": ["windows", "powershell"]}, "agent": {"id": "004", "name": "WEB-SERVER-01", "ip": "10.0.0.41"}, "manager": {"name": "wazuh.manager"}, "decoder": {"name": "syscheck"}, "location": "suricata", "id": "1790071782.000443", "full_log": "{\"win\":{\"system\":{\"eventID\":4688},\"eventdata\":{\"commandLine\":\"powershell.exe -Command Get-Service\",\"user\":\"root\"}}}", "data": {"win": {"system": {"eventID": 4688}, "eventdata": {"commandLine": "powershell.exe -Command Get-Service", "user": "root"}}}, "mitre": {"id": ["T1059.001"], "tactic": ["Command and Control"]}}
{"timestamp": "2026-09-22T00:24:42.402+0000", "rule": {"level": 7, "description": "Web application attack detected.", "id": "61603", "firedtimes": 8, "mail": false, "groups": ["web", "attack", "ids"]}, "agent": {"id": "005", "name": "DB-SERVER-01", "ip": "10.0.0.51"}, "manager": {"name": "wazuh.manager"}, "decoder": {"name": "windows"}, "location": "Security", "id": "1790036682.000444", "full_log": "{\"srcip\":\"172.16.0.25\",\"dstport\":\"443\",\"url\":\"/../../etc/passwd\",\"http_method\":\"GET\"}", "data": {"srcip": "172.16.0.25", "dstport": "443", "url": "/../../etc/passwd", "http_method": "GET"}, "mitre": {"id": ["T1190"], "tactic": ["Credential Access"]}}
{"timestamp": "2026-09-27T00:51:42.402+0000", "rule": {"level": 5, "description": "File integrity monitoring: file modified.", "id": "554", "firedtimes": 2, "mail": false, "groups": ["syscheck", "file_integrity"]}, "agent": {"id": "001", "name": "WIN-CLIENT-01", "ip": "10.0.0.21"}, "manager": {"name": "wazuh.manager"}, "decoder": {"name": "syscheck"}, "location": "syscheck", "id": "1790470302.000445", "full_log": "{\"path\":\"/etc/ssh/sshd_config\",\"action\":\"modified\"}", "data": {"path": "/etc/ssh/sshd_config", "action": "modified"}, "mitre": {"id": ["T1059.001"], "tactic": ["Execution"]}}
{"timestamp": "2026-09-23T12:22:42.402+0000", "rule": {"level": 12, "description": "Possible exploitation attempt detected.", "id": "80700", "firedtimes": 2, "mail": true, "groups": ["exploit", "attack"]}, "agent": {"id": "002", "name": "WIN-CLIENT-02", "ip": "10.0.0.22"}, "manager": {"name": "wazuh.manager"}, "decoder": {"name": "syscheck"}, "location": "syscheck", "id": "1790166162.000446", "full_log": "{\"srcip\":\"10.0.0.15\",\"dstip\":\"10.0.0.22\",\"dstport\":\"445\"}", "data": {"srcip": "10.0.0.15", "dstip": "10.0.0.22", "dstport": "445"}, "mitre": {"id": ["T1547.001"], "tactic": ["Execution"]}}
{"timestamp": "2026-09-28T02:14:42.402+0000", "rule": {"level": 9, "description": "Suricata: IDS alert detected.", "id": "86601", "firedtimes": 2, "mail": false, "groups": ["ids", "suricata"]}, "agent": {"id": "003", "name": "LINUX-SERVER-01", "ip": "10.0.0.31"}, "manager": {"name": "wazuh.manager"}, "decoder": {"name": "syscheck"}, "location": "suricata", "id": "1790561682.000447", "full_log": "{\"srcip\":\"10.0.0.99\",\"dstip\":\"10.0.0.31\",\"srcport\":60714,\"dstport\":8080,\"protocol\":\"TCP\"}", "data": {"srcip": "10.0.0.99", "dstip": "10.0.0.31", "srcport": 60714, "dstport": 8080, "protocol": "TCP"}, "mitre": {"id": ["T1190"], "tactic": ["Command and Control"]}}
{"timestamp": "2026-09-25T00:48:42.402+0000", "rule": {"level": 10, "description": "sshd: Attempt to login using a non-existent user.", "id": "5710", "firedtimes": 8, "mail": false, "groups": ["authentication_failed", "sshd"]}, "agent": {"id": "004", "name": "WEB-SERVER-01", "ip": "10.0.0.41"}, "manager": {"name": "wazuh.manager"}, "decoder": {"name": "json"}, "location": "suricata", "id": "1790297322.000448", "full_log": "{\"srcip\":\"10.0.0.99\",\"srcuser\":\"alice\",\"dstuser\":\"alice\",\"dstport\":\"22\",\"protocol\":\"ssh\"}", "data": {"srcip": "10.0.0.99", "srcuser": "alice", "dstuser": "alice", "dstport": "22", "protocol": "ssh"}, "mitre": {"id": ["T1566.001"], "tactic": ["Command and Control"]}}
{"timestamp": "2026-09-26T02:19:42.402+0000", "rule": {"level": 10, "description": "sshd: brute force trying to get access to the system.", "id": "5763", "firedtimes": 3, "mail": false, "groups": ["authentication_failed", "sshd", "brute_force"]}, "agent": {"id": "005", "name": "DB-SERVER-01", "ip": "10.0.0.51"}, "manager": {"name": "wazuh.manager"}, "decoder": {"name": "sshd"}, "location": "suricata", "id": "1790389182.000449", "full_log": "{\"srcip\":\"10.0.0.10\",\"srcuser\":\"john\",\"dstuser\":\"john\",\"dstport\":\"22\",\"protocol\":\"ssh\"}", "data": {"srcip": "10.0.0.10", "srcuser": "john", "dstuser": "john", "dstport": "22", "protocol": "ssh"}, "mitre": {"id": ["T1566.001"], "tactic": ["Command and Control"]}}
{"timestamp": "2026-09-22T11:06:42.402+0000", "rule": {"level": 8, "description": "Windows Defender: Malware detected.", "id": "60122", "firedtimes": 5, "mail": false, "groups": ["windows", "windows_defender", "malware"]}, "agent": {"id": "001", "name": "WIN-CLIENT-01", "ip": "10.0.0.21"}, "manager": {"name": "wazuh.manager"}, "decoder": {"name": "suricata"}, "location": "sshd", "id": "1790075202.000450", "full_log": "{\"win\":{\"system\":{\"eventID\":1116},\"win_defender\":{\"threatName\":\"Trojan:Win32/TestThreat\",\"action\":\"Quarantine\"}}}", "data": {"win": {"system": {"eventID": 1116}, "win_defender": {"threatName": "Trojan:Win32/TestThreat", "action": "Quarantine"}}}, "mitre": {"id": ["T1190"], "tactic": ["Initial Access"]}}
{"timestamp": "2026-09-25T16:20:42.402+0000", "rule": {"level": 7, "description": "Windows PowerShell execution detected.", "id": "92032", "firedtimes": 1, "mail": false, "groups": ["windows", "powershell"]}, "agent": {"id": "002", "name": "WIN-CLIENT-02", "ip": "10.0.0.22"}, "manager": {"name": "wazuh.manager"}, "decoder": {"name": "sshd"}, "location": "sshd", "id": "1790353242.000451", "full_log": "{\"win\":{\"system\":{\"eventID\":4688},\"eventdata\":{\"commandLine\":\"powershell.exe -NoProfile -Command ipconfig\",\"user\":\"alice\"}}}", "data": {"win": {"system": {"eventID": 4688}, "eventdata": {"commandLine": "powershell.exe -NoProfile -Command ipconfig", "user": "alice"}}}, "mitre": {"id": ["T1190"], "tactic": ["Execution"]}}
{"timestamp": "2026-09-28T05:57:42.402+0000", "rule": {"level": 7, "description": "Web application attack detected.", "id": "61603", "firedtimes": 1, "mail": false, "groups": ["web", "attack", "ids"]}, "agent": {"id": "003", "name": "LINUX-SERVER-01", "ip": "10.0.0.31"}, "manager": {"name": "wazuh.manager"}, "decoder": {"name": "syscheck"}, "location": "sshd", "id": "1790575062.000452", "full_log": "{\"srcip\":\"172.16.0.25\",\"dstport\":\"443\",\"url\":\"/api/users/1\",\"http_method\":\"GET\"}", "data": {"srcip": "172.16.0.25", "dstport": "443", "url": "/api/users/1", "http_method": "GET"}, "mitre": {"id": ["T1203"], "tactic": ["Credential Access"]}}
{"timestamp": "2026-09-25T04:00:42.402+0000", "rule": {"level": 5, "description": "File integrity monitoring: file modified.", "id": "554", "firedtimes": 8, "mail": false, "groups": ["syscheck", "file_integrity"]}, "agent": {"id": "004", "name": "WEB-SERVER-01", "ip": "10.0.0.41"}, "manager": {"name": "wazuh.manager"}, "decoder": {"name": "json"}, "location": "syscheck", "id": "1790308842.000453", "full_log": "{\"path\":\"/var/www/html/index.php\",\"action\":\"modified\"}", "data": {"path": "/var/www/html/index.php", "action": "modified"}, "mitre": {"id": ["T1059.001"], "tactic": ["Initial Access"]}}
{"timestamp": "2026-09-26T08:44:42.402+0000", "rule": {"level": 12, "description": "Possible exploitation attempt detected.", "id": "80700", "firedtimes": 7, "mail": true, "groups": ["exploit", "attack"]}, "agent": {"id": "005", "name": "DB-SERVER-01", "ip": "10.0.0.51"}, "manager": {"name": "wazuh.manager"}, "decoder": {"name": "suricata"}, "location": "Security", "id": "1790412282.000454", "full_log": "{\"srcip\":\"10.0.0.99\",\"dstip\":\"10.0.0.51\",\"dstport\":\"8080\"}", "data": {"srcip": "10.0.0.99", "dstip": "10.0.0.51", "dstport": "8080"}, "mitre": {"id": ["T1059.001"], "tactic": ["Persistence"]}}
{"timestamp": "2026-09-23T17:28:42.402+0000", "rule": {"level": 9, "description": "Suricata: IDS alert detected.", "id": "86601", "firedtimes": 1, "mail": false, "groups": ["ids", "suricata"]}, "agent": {"id": "001", "name": "WIN-CLIENT-01", "ip": "10.0.0.21"}, "manager": {"name": "wazuh.manager"}, "decoder": {"name": "suricata"}, "location": "syscheck", "id": "1790184522.000455", "full_log": "{\"srcip\":\"172.16.0.25\",\"dstip\":\"10.0.0.21\",\"srcport\":32773,\"dstport\":3389,\"protocol\":\"UDP\"}", "data": {"srcip": "172.16.0.25", "dstip": "10.0.0.21", "srcport": 32773, "dstport": 3389, "protocol": "UDP"}, "mitre": {"id": ["T1110", "T1110.001"], "tactic": ["Initial Access"]}}
{"timestamp": "2026-09-27T02:08:42.402+0000", "rule": {"level": 10, "description": "sshd: Attempt to login using a non-existent user.", "id": "5710", "firedtimes": 9, "mail": false, "groups": ["authentication_failed", "sshd"]}, "agent": {"id": "002", "name": "WIN-CLIENT-02", "ip": "10.0.0.22"}, "manager": {"name": "wazuh.manager"}, "decoder": {"name": "suricata"}, "location": "Security", "id": "1790474922.000456", "full_log": "{\"srcip\":\"172.16.0.25\",\"srcuser\":\"admin\",\"dstuser\":\"admin\",\"dstport\":\"22\",\"protocol\":\"ssh\"}", "data": {"srcip": "172.16.0.25", "srcuser": "admin", "dstuser": "admin", "dstport": "22", "protocol": "ssh"}, "mitre": {"id": ["T1059.001"], "tactic": ["Execution"]}}
{"timestamp": "2026-09-23T14:33:42.402+0000", "rule": {"level": 10, "description": "sshd: brute force trying to get access to the system.", "id": "5763", "firedtimes": 1, "mail": false, "groups": ["authentication_failed", "sshd", "brute_force"]}, "agent": {"id": "003", "name": "LINUX-SERVER-01", "ip": "10.0.0.31"}, "manager": {"name": "wazuh.manager"}, "decoder": {"name": "syscheck"}, "location": "Security", "id": "1790174022.000457", "full_log": "{\"srcip\":\"10.0.0.10\",\"srcuser\":\"admin\",\"dstuser\":\"admin\",\"dstport\":\"22\",\"protocol\":\"ssh\"}", "data": {"srcip": "10.0.0.10", "srcuser": "admin", "dstuser": "admin", "dstport": "22", "protocol": "ssh"}, "mitre": {"id": ["T1203"], "tactic": ["Execution"]}}
{"timestamp": "2026-09-24T10:33:42.402+0000", "rule": {"level": 8, "description": "Windows Defender: Malware detected.", "id": "60122", "firedtimes": 7, "mail": false, "groups": ["windows", "windows_defender", "malware"]}, "agent": {"id": "004", "name": "WEB-SERVER-01", "ip": "10.0.0.41"}, "manager": {"name": "wazuh.manager"}, "decoder": {"name": "json"}, "location": "Security", "id": "1790246022.000458", "full_log": "{\"win\":{\"system\":{\"eventID\":1116},\"win_defender\":{\"threatName\":\"PUA:Win32/Example\",\"action\":\"Quarantine\"}}}", "data": {"win": {"system": {"eventID": 1116}, "win_defender": {"threatName": "PUA:Win32/Example", "action": "Quarantine"}}}, "mitre": {"id": ["T1059.001"], "tactic": ["Initial Access"]}}
{"timestamp": "2026-09-26T21:13:42.402+0000", "rule": {"level": 7, "description": "Windows PowerShell execution detected.", "id": "92032", "firedtimes": 8, "mail": false, "groups": ["windows", "powershell"]}, "agent": {"id": "005", "name": "DB-SERVER-01", "ip": "10.0.0.51"}, "manager": {"name": "wazuh.manager"}, "decoder": {"name": "suricata"}, "location": "suricata", "id": "1790457222.000459", "full_log": "{\"win\":{\"system\":{\"eventID\":4688},\"eventdata\":{\"commandLine\":\"powershell.exe -Command whoami\",\"user\":\"john\"}}}", "data": {"win": {"system": {"eventID": 4688}, "eventdata": {"commandLine": "powershell.exe -Command whoami", "user": "john"}}}, "mitre": {"id": ["T1203"], "tactic": ["Initial Access"]}}
{"timestamp": "2026-09-23T04:24:42.402+0000", "rule": {"level": 7, "description": "Web application attack detected.", "id": "61603", "firedtimes": 1, "mail": false, "groups": ["web", "attack", "ids"]}, "agent": {"id": "001", "name": "WIN-CLIENT-01", "ip": "10.0.0.21"}, "manager": {"name": "wazuh.manager"}, "decoder": {"name": "syscheck"}, "location": "Security", "id": "1790137482.000460", "full_log": "{\"srcip\":\"10.0.0.99\",\"dstport\":\"8080\",\"url\":\"/login?user=admin\",\"http_method\":\"POST\"}", "data": {"srcip": "10.0.0.99", "dstport": "8080", "url": "/login?user=admin", "http_method": "POST"}, "mitre": {"id": ["T1059.001"], "tactic": ["Command and Control"]}}
{"timestamp": "2026-09-23T18:16:42.402+0000", "rule": {"level": 5, "description": "File integrity monitoring: file modified.", "id": "554", "firedtimes": 11, "mail": false, "groups": ["syscheck", "file_integrity"]}, "agent": {"id": "002", "name": "WIN-CLIENT-02", "ip": "10.0.0.22"}, "manager": {"name": "wazuh.manager"}, "decoder": {"name": "sshd"}, "location": "sshd", "id": "1790187402.000461", "full_log": "{\"path\":\"/etc/ssh/sshd_config\",\"action\":\"modified\"}", "data": {"path": "/etc/ssh/sshd_config", "action": "modified"}, "mitre": {"id": ["T1071.001"], "tactic": ["Persistence"]}}
{"timestamp": "2026-09-27T03:54:42.402+0000", "rule": {"level": 12, "description": "Possible exploitation attempt detected.", "id": "80700", "firedtimes": 8, "mail": true, "groups": ["exploit", "attack"]}, "agent": {"id": "003", "name": "LINUX-SERVER-01", "ip": "10.0.0.31"}, "manager": {"name": "wazuh.manager"}, "decoder": {"name": "sshd"}, "location": "syscheck", "id": "1790481282.000462", "full_log": "{\"srcip\":\"10.0.0.10\",\"dstip\":\"10.0.0.31\",\"dstport\":\"22\"}", "data": {"srcip": "10.0.0.10", "dstip": "10.0.0.31", "dstport": "22"}, "mitre": {"id": ["T1566.001"], "tactic": ["Credential Access"]}}
{"timestamp": "2026-09-23T20:51:42.402+0000", "rule": {"level": 9, "description": "Suricata: IDS alert detected.", "id": "86601", "firedtimes": 7, "mail": false, "groups": ["ids", "suricata"]}, "agent": {"id": "004", "name": "WEB-SERVER-01", "ip": "10.0.0.41"}, "manager": {"name": "wazuh.manager"}, "decoder": {"name": "syscheck"}, "location": "sshd", "id": "1790196702.000463", "full_log": "{\"srcip\":\"10.0.0.99\",\"dstip\":\"10.0.0.41\",\"srcport\":53786,\"dstport\":443,\"protocol\":\"UDP\"}", "data": {"srcip": "10.0.0.99", "dstip": "10.0.0.41", "srcport": 53786, "dstport": 443, "protocol": "UDP"}, "mitre": {"id": ["T1190"], "tactic": ["Initial Access"]}}
{"timestamp": "2026-09-23T19:20:42.402+0000", "rule": {"level": 10, "description": "sshd: Attempt to login using a non-existent user.", "id": "5710", "firedtimes": 11, "mail": false, "groups": ["authentication_failed", "sshd"]}, "agent": {"id": "005", "name": "DB-SERVER-01", "ip": "10.0.0.51"}, "manager": {"name": "wazuh.manager"}, "decoder": {"name": "suricata"}, "location": "suricata", "id": "1790191242.000464", "full_log": "{\"srcip\":\"172.16.0.25\",\"srcuser\":\"svc-backup\",\"dstuser\":\"svc-backup\",\"dstport\":\"22\",\"protocol\":\"ssh\"}", "data": {"srcip": "172.16.0.25", "srcuser": "svc-backup", "dstuser": "svc-backup", "dstport": "22", "protocol": "ssh"}, "mitre": {"id": ["T1190"], "tactic": ["Command and Control"]}}
{"timestamp": "2026-09-22T11:41:42.402+0000", "rule": {"level": 10, "description": "sshd: brute force trying to get access to the system.", "id": "5763", "firedtimes": 11, "mail": false, "groups": ["authentication_failed", "sshd", "brute_force"]}, "agent": {"id": "001", "name": "WIN-CLIENT-01", "ip": "10.0.0.21"}, "manager": {"name": "wazuh.manager"}, "decoder": {"name": "windows"}, "location": "suricata", "id": "1790077302.000465", "full_log": "{\"srcip\":\"10.0.0.10\",\"srcuser\":\"alice\",\"dstuser\":\"alice\",\"dstport\":\"22\",\"protocol\":\"ssh\"}", "data": {"srcip": "10.0.0.10", "srcuser": "alice", "dstuser": "alice", "dstport": "22", "protocol": "ssh"}, "mitre": {"id": ["T1071.001"], "tactic": ["Command and Control"]}}
{"timestamp": "2026-09-28T06:03:42.402+0000", "rule": {"level": 8, "description": "Windows Defender: Malware detected.", "id": "60122", "firedtimes": 2, "mail": false, "groups": ["windows", "windows_defender", "malware"]}, "agent": {"id": "002", "name": "WIN-CLIENT-02", "ip": "10.0.0.22"}, "manager": {"name": "wazuh.manager"}, "decoder": {"name": "syscheck"}, "location": "Security", "id": "1790575422.000466", "full_log": "{\"win\":{\"system\":{\"eventID\":1116},\"win_defender\":{\"threatName\":\"PUA:Win32/Example\",\"action\":\"Quarantine\"}}}", "data": {"win": {"system": {"eventID": 1116}, "win_defender": {"threatName": "PUA:Win32/Example", "action": "Quarantine"}}}, "mitre": {"id": ["T1203"], "tactic": ["Initial Access"]}}
{"timestamp": "2026-09-25T00:32:42.402+0000", "rule": {"level": 7, "description": "Windows PowerShell execution detected.", "id": "92032", "firedtimes": 4, "mail": false, "groups": ["windows", "powershell"]}, "agent": {"id": "003", "name": "LINUX-SERVER-01", "ip": "10.0.0.31"}, "manager": {"name": "wazuh.manager"}, "decoder": {"name": "sshd"}, "location": "suricata", "id": "1790296362.000467", "full_log": "{\"win\":{\"system\":{\"eventID\":4688},\"eventdata\":{\"commandLine\":\"powershell.exe -Command Get-Service\",\"user\":\"svc-backup\"}}}", "data": {"win": {"system": {"eventID": 4688}, "eventdata": {"commandLine": "powershell.exe -Command Get-Service", "user": "svc-backup"}}}, "mitre": {"id": ["T1547.001"], "tactic": ["Execution"]}}
{"timestamp": "2026-09-21T23:15:42.402+0000", "rule": {"level": 7, "description": "Web application attack detected.", "id": "61603", "firedtimes": 12, "mail": false, "groups": ["web", "attack", "ids"]}, "agent": {"id": "004", "name": "WEB-SERVER-01", "ip": "10.0.0.41"}, "manager": {"name": "wazuh.manager"}, "decoder": {"name": "json"}, "location": "EventChannel", "id": "1790032542.000468", "full_log": "{\"srcip\":\"192.168.1.55\",\"dstport\":\"8080\",\"url\":\"/api/users/1\",\"http_method\":\"GET\"}", "data": {"srcip": "192.168.1.55", "dstport": "8080", "url": "/api/users/1", "http_method": "GET"}, "mitre": {"id": ["T1203"], "tactic": ["Initial Access"]}}
{"timestamp": "2026-09-26T02:02:42.402+0000", "rule": {"level": 5, "description": "File integrity monitoring: file modified.", "id": "554", "firedtimes": 10, "mail": false, "groups": ["syscheck", "file_integrity"]}, "agent": {"id": "005", "name": "DB-SERVER-01", "ip": "10.0.0.51"}, "manager": {"name": "wazuh.manager"}, "decoder": {"name": "suricata"}, "location": "syscheck", "id": "1790388162.000469", "full_log": "{\"path\":\"/etc/passwd\",\"action\":\"modified\"}", "data": {"path": "/etc/passwd", "action": "modified"}, "mitre": {"id": ["T1203"], "tactic": ["Execution"]}}
{"timestamp": "2026-09-27T09:44:42.402+0000", "rule": {"level": 12, "description": "Possible exploitation attempt detected.", "id": "80700", "firedtimes": 9, "mail": true, "groups": ["exploit", "attack"]}, "agent": {"id": "001", "name": "WIN-CLIENT-01", "ip": "10.0.0.21"}, "manager": {"name": "wazuh.manager"}, "decoder": {"name": "windows"}, "location": "syscheck", "id": "1790502282.000470", "full_log": "{\"srcip\":\"172.16.0.25\",\"dstip\":\"10.0.0.21\",\"dstport\":\"443\"}", "data": {"srcip": "172.16.0.25", "dstip": "10.0.0.21", "dstport": "443"}, "mitre": {"id": ["T1547.001"], "tactic": ["Command and Control"]}}
{"timestamp": "2026-09-23T09:12:42.402+0000", "rule": {"level": 9, "description": "Suricata: IDS alert detected.", "id": "86601", "firedtimes": 12, "mail": false, "groups": ["ids", "suricata"]}, "agent": {"id": "002", "name": "WIN-CLIENT-02", "ip": "10.0.0.22"}, "manager": {"name": "wazuh.manager"}, "decoder": {"name": "suricata"}, "location": "syscheck", "id": "1790154762.000471", "full_log": "{\"srcip\":\"10.0.0.99\",\"dstip\":\"10.0.0.22\",\"srcport\":31877,\"dstport\":80,\"protocol\":\"UDP\"}", "data": {"srcip": "10.0.0.99", "dstip": "10.0.0.22", "srcport": 31877, "dstport": 80, "protocol": "UDP"}, "mitre": {"id": ["T1071.001"], "tactic": ["Initial Access"]}}
{"timestamp": "2026-09-22T08:08:42.402+0000", "rule": {"level": 10, "description": "sshd: Attempt to login using a non-existent user.", "id": "5710", "firedtimes": 4, "mail": false, "groups": ["authentication_failed", "sshd"]}, "agent": {"id": "003", "name": "LINUX-SERVER-01", "ip": "10.0.0.31"}, "manager": {"name": "wazuh.manager"}, "decoder": {"name": "windows"}, "location": "EventChannel", "id": "1790064522.000472", "full_log": "{\"srcip\":\"10.0.0.15\",\"srcuser\":\"svc-backup\",\"dstuser\":\"svc-backup\",\"dstport\":\"22\",\"protocol\":\"ssh\"}", "data": {"srcip": "10.0.0.15", "srcuser": "svc-backup", "dstuser": "svc-backup", "dstport": "22", "protocol": "ssh"}, "mitre": {"id": ["T1547.001"], "tactic": ["Initial Access"]}}
{"timestamp": "2026-09-25T13:14:42.402+0000", "rule": {"level": 10, "description": "sshd: brute force trying to get access to the system.", "id": "5763", "firedtimes": 5, "mail": false, "groups": ["authentication_failed", "sshd", "brute_force"]}, "agent": {"id": "004", "name": "WEB-SERVER-01", "ip": "10.0.0.41"}, "manager": {"name": "wazuh.manager"}, "decoder": {"name": "syscheck"}, "location": "Security", "id": "1790342082.000473", "full_log": "{\"srcip\":\"10.0.0.99\",\"srcuser\":\"alice\",\"dstuser\":\"alice\",\"dstport\":\"22\",\"protocol\":\"ssh\"}", "data": {"srcip": "10.0.0.99", "srcuser": "alice", "dstuser": "alice", "dstport": "22", "protocol": "ssh"}, "mitre": {"id": ["T1190"], "tactic": ["Credential Access"]}}
{"timestamp": "2026-09-27T23:06:42.402+0000", "rule": {"level": 8, "description": "Windows Defender: Malware detected.", "id": "60122", "firedtimes": 8, "mail": false, "groups": ["windows", "windows_defender", "malware"]}, "agent": {"id": "005", "name": "DB-SERVER-01", "ip": "10.0.0.51"}, "manager": {"name": "wazuh.manager"}, "decoder": {"name": "sshd"}, "location": "suricata", "id": "1790550402.000474", "full_log": "{\"win\":{\"system\":{\"eventID\":1116},\"win_defender\":{\"threatName\":\"Trojan:Win32/TestThreat\",\"action\":\"Quarantine\"}}}", "data": {"win": {"system": {"eventID": 1116}, "win_defender": {"threatName": "Trojan:Win32/TestThreat", "action": "Quarantine"}}}, "mitre": {"id": ["T1110", "T1110.001"], "tactic": ["Persistence"]}}
{"timestamp": "2026-09-27T08:25:42.402+0000", "rule": {"level": 7, "description": "Windows PowerShell execution detected.", "id": "92032", "firedtimes": 3, "mail": false, "groups": ["windows", "powershell"]}, "agent": {"id": "001", "name": "WIN-CLIENT-01", "ip": "10.0.0.21"}, "manager": {"name": "wazuh.manager"}, "decoder": {"name": "sshd"}, "location": "syscheck", "id": "1790497542.000475", "full_log": "{\"win\":{\"system\":{\"eventID\":4688},\"eventdata\":{\"commandLine\":\"powershell.exe -ExecutionPolicy Bypass -Command Get-Process\",\"user\":\"john\"}}}", "data": {"win": {"system": {"eventID": 4688}, "eventdata": {"commandLine": "powershell.exe -ExecutionPolicy Bypass -Command Get-Process", "user": "john"}}}, "mitre": {"id": ["T1203"], "tactic": ["Persistence"]}}
{"timestamp": "2026-09-27T19:14:42.402+0000", "rule": {"level": 7, "description": "Web application attack detected.", "id": "61603", "firedtimes": 8, "mail": false, "groups": ["web", "attack", "ids"]}, "agent": {"id": "002", "name": "WIN-CLIENT-02", "ip": "10.0.0.22"}, "manager": {"name": "wazuh.manager"}, "decoder": {"name": "windows"}, "location": "syscheck", "id": "1790536482.000476", "full_log": "{\"srcip\":\"172.16.0.25\",\"dstport\":\"443\",\"url\":\"/search?q=%27%20OR%201%3D1--\",\"http_method\":\"GET\"}", "data": {"srcip": "172.16.0.25", "dstport": "443", "url": "/search?q=%27%20OR%201%3D1--", "http_method": "GET"}, "mitre": {"id": ["T1203"], "tactic": ["Credential Access"]}}
{"timestamp": "2026-09-21T09:02:42.402+0000", "rule": {"level": 5, "description": "File integrity monitoring: file modified.", "id": "554", "firedtimes": 3, "mail": false, "groups": ["syscheck", "file_integrity"]}, "agent": {"id": "003", "name": "LINUX-SERVER-01", "ip": "10.0.0.31"}, "manager": {"name": "wazuh.manager"}, "decoder": {"name": "suricata"}, "location": "syscheck", "id": "1789981362.000477", "full_log": "{\"path\":\"/etc/ssh/sshd_config\",\"action\":\"modified\"}", "data": {"path": "/etc/ssh/sshd_config", "action": "modified"}, "mitre": {"id": ["T1190"], "tactic": ["Credential Access"]}}
{"timestamp": "2026-09-22T19:05:42.402+0000", "rule": {"level": 12, "description": "Possible exploitation attempt detected.", "id": "80700", "firedtimes": 7, "mail": true, "groups": ["exploit", "attack"]}, "agent": {"id": "004", "name": "WEB-SERVER-01", "ip": "10.0.0.41"}, "manager": {"name": "wazuh.manager"}, "decoder": {"name": "syscheck"}, "location": "EventChannel", "id": "1790103942.000478", "full_log": "{\"srcip\":\"192.168.1.55\",\"dstip\":\"10.0.0.41\",\"dstport\":\"8080\"}", "data": {"srcip": "192.168.1.55", "dstip": "10.0.0.41", "dstport": "8080"}, "mitre": {"id": ["T1190"], "tactic": ["Persistence"]}}
{"timestamp": "2026-09-21T09:01:42.402+0000", "rule": {"level": 9, "description": "Suricata: IDS alert detected.", "id": "86601", "firedtimes": 1, "mail": false, "groups": ["ids", "suricata"]}, "agent": {"id": "005", "name": "DB-SERVER-01", "ip": "10.0.0.51"}, "manager": {"name": "wazuh.manager"}, "decoder": {"name": "windows"}, "location": "suricata", "id": "1789981302.000479", "full_log": "{\"srcip\":\"10.0.0.10\",\"dstip\":\"10.0.0.51\",\"srcport\":14092,\"dstport\":8080,\"protocol\":\"UDP\"}", "data": {"srcip": "10.0.0.10", "dstip": "10.0.0.51", "srcport": 14092, "dstport": 8080, "protocol": "UDP"}, "mitre": {"id": ["T1059.001"], "tactic": ["Credential Access"]}}
{"timestamp": "2026-09-21T08:52:42.402+0000", "rule": {"level": 10, "description": "sshd: Attempt to login using a non-existent user.", "id": "5710", "firedtimes": 12, "mail": false, "groups": ["authentication_failed", "sshd"]}, "agent": {"id": "001", "name": "WIN-CLIENT-01", "ip": "10.0.0.21"}, "manager": {"name": "wazuh.manager"}, "decoder": {"name": "windows"}, "location": "sshd", "id": "1789980762.000480", "full_log": "{\"srcip\":\"10.0.0.15\",\"srcuser\":\"admin\",\"dstuser\":\"admin\",\"dstport\":\"22\",\"protocol\":\"ssh\"}", "data": {"srcip": "10.0.0.15", "srcuser": "admin", "dstuser": "admin", "dstport": "22", "protocol": "ssh"}, "mitre": {"id": ["T1059.001"], "tactic": ["Credential Access"]}}
{"timestamp": "2026-09-25T16:29:42.402+0000", "rule": {"level": 10, "description": "sshd: brute force trying to get access to the system.", "id": "5763", "firedtimes": 5, "mail": false, "groups": ["authentication_failed", "sshd", "brute_force"]}, "agent": {"id": "002", "name": "WIN-CLIENT-02", "ip": "10.0.0.22"}, "manager": {"name": "wazuh.manager"}, "decoder": {"name": "sshd"}, "location": "Security", "id": "1790353782.000481", "full_log": "{\"srcip\":\"192.168.1.55\",\"srcuser\":\"alice\",\"dstuser\":\"alice\",\"dstport\":\"22\",\"protocol\":\"ssh\"}", "data": {"srcip": "192.168.1.55", "srcuser": "alice", "dstuser": "alice", "dstport": "22", "protocol": "ssh"}, "mitre": {"id": ["T1547.001"], "tactic": ["Credential Access"]}}
{"timestamp": "2026-09-24T17:10:42.402+0000", "rule": {"level": 8, "description": "Windows Defender: Malware detected.", "id": "60122", "firedtimes": 9, "mail": false, "groups": ["windows", "windows_defender", "malware"]}, "agent": {"id": "003", "name": "LINUX-SERVER-01", "ip": "10.0.0.31"}, "manager": {"name": "wazuh.manager"}, "decoder": {"name": "suricata"}, "location": "suricata", "id": "1790269842.000482", "full_log": "{\"win\":{\"system\":{\"eventID\":1116},\"win_defender\":{\"threatName\":\"PUA:Win32/Example\",\"action\":\"Quarantine\"}}}", "data": {"win": {"system": {"eventID": 1116}, "win_defender": {"threatName": "PUA:Win32/Example", "action": "Quarantine"}}}, "mitre": {"id": ["T1203"], "tactic": ["Persistence"]}}
{"timestamp": "2026-09-22T20:17:42.402+0000", "rule": {"level": 7, "description": "Windows PowerShell execution detected.", "id": "92032", "firedtimes": 4, "mail": false, "groups": ["windows", "powershell"]}, "agent": {"id": "004", "name": "WEB-SERVER-01", "ip": "10.0.0.41"}, "manager": {"name": "wazuh.manager"}, "decoder": {"name": "sshd"}, "location": "EventChannel", "id": "1790108262.000483", "full_log": "{\"win\":{\"system\":{\"eventID\":4688},\"eventdata\":{\"commandLine\":\"powershell.exe -Command Get-Service\",\"user\":\"john\"}}}", "data": {"win": {"system": {"eventID": 4688}, "eventdata": {"commandLine": "powershell.exe -Command Get-Service", "user": "john"}}}, "mitre": {"id": ["T1110", "T1110.001"], "tactic": ["Execution"]}}
{"timestamp": "2026-09-23T21:00:42.402+0000", "rule": {"level": 7, "description": "Web application attack detected.", "id": "61603", "firedtimes": 2, "mail": false, "groups": ["web", "attack", "ids"]}, "agent": {"id": "005", "name": "DB-SERVER-01", "ip": "10.0.0.51"}, "manager": {"name": "wazuh.manager"}, "decoder": {"name": "windows"}, "location": "Security", "id": "1790197242.000484", "full_log": "{\"srcip\":\"10.0.0.15\",\"dstport\":\"8080\",\"url\":\"/login?user=admin\",\"http_method\":\"GET\"}", "data": {"srcip": "10.0.0.15", "dstport": "8080", "url": "/login?user=admin", "http_method": "GET"}, "mitre": {"id": ["T1190"], "tactic": ["Initial Access"]}}
{"timestamp": "2026-09-27T09:46:42.402+0000", "rule": {"level": 5, "description": "File integrity monitoring: file modified.", "id": "554", "firedtimes": 11, "mail": false, "groups": ["syscheck", "file_integrity"]}, "agent": {"id": "001", "name": "WIN-CLIENT-01", "ip": "10.0.0.21"}, "manager": {"name": "wazuh.manager"}, "decoder": {"name": "json"}, "location": "Security", "id": "1790502402.000485", "full_log": "{\"path\":\"/etc/passwd\",\"action\":\"modified\"}", "data": {"path": "/etc/passwd", "action": "modified"}, "mitre": {"id": ["T1110", "T1110.001"], "tactic": ["Credential Access"]}}
{"timestamp": "2026-09-26T01:33:42.402+0000", "rule": {"level": 12, "description": "Possible exploitation attempt detected.", "id": "80700", "firedtimes": 9, "mail": true, "groups": ["exploit", "attack"]}, "agent": {"id": "002", "name": "WIN-CLIENT-02", "ip": "10.0.0.22"}, "manager": {"name": "wazuh.manager"}, "decoder": {"name": "windows"}, "location": "EventChannel", "id": "1790386422.000486", "full_log": "{\"srcip\":\"172.16.0.25\",\"dstip\":\"10.0.0.22\",\"dstport\":\"22\"}", "data": {"srcip": "172.16.0.25", "dstip": "10.0.0.22", "dstport": "22"}, "mitre": {"id": ["T1071.001"], "tactic": ["Execution"]}}
{"timestamp": "2026-09-23T15:51:42.402+0000", "rule": {"level": 9, "description": "Suricata: IDS alert detected.", "id": "86601", "firedtimes": 11, "mail": false, "groups": ["ids", "suricata"]}, "agent": {"id": "003", "name": "LINUX-SERVER-01", "ip": "10.0.0.31"}, "manager": {"name": "wazuh.manager"}, "decoder": {"name": "suricata"}, "location": "sshd", "id": "1790178702.000487", "full_log": "{\"srcip\":\"10.0.0.10\",\"dstip\":\"10.0.0.31\",\"srcport\":28606,\"dstport\":8080,\"protocol\":\"TCP\"}", "data": {"srcip": "10.0.0.10", "dstip": "10.0.0.31", "srcport": 28606, "dstport": 8080, "protocol": "TCP"}, "mitre": {"id": ["T1566.001"], "tactic": ["Command and Control"]}}
{"timestamp": "2026-09-22T21:12:42.402+0000", "rule": {"level": 10, "description": "sshd: Attempt to login using a non-existent user.", "id": "5710", "firedtimes": 9, "mail": false, "groups": ["authentication_failed", "sshd"]}, "agent": {"id": "004", "name": "WEB-SERVER-01", "ip": "10.0.0.41"}, "manager": {"name": "wazuh.manager"}, "decoder": {"name": "suricata"}, "location": "Security", "id": "1790111562.000488", "full_log": "{\"srcip\":\"172.16.0.25\",\"srcuser\":\"administrator\",\"dstuser\":\"administrator\",\"dstport\":\"22\",\"protocol\":\"ssh\"}", "data": {"srcip": "172.16.0.25", "srcuser": "administrator", "dstuser": "administrator", "dstport": "22", "protocol": "ssh"}, "mitre": {"id": ["T1203"], "tactic": ["Credential Access"]}}
{"timestamp": "2026-09-22T12:46:42.402+0000", "rule": {"level": 10, "description": "sshd: brute force trying to get access to the system.", "id": "5763", "firedtimes": 10, "mail": false, "groups": ["authentication_failed", "sshd", "brute_force"]}, "agent": {"id": "005", "name": "DB-SERVER-01", "ip": "10.0.0.51"}, "manager": {"name": "wazuh.manager"}, "decoder": {"name": "sshd"}, "location": "sshd", "id": "1790081202.000489", "full_log": "{\"srcip\":\"172.16.0.25\",\"srcuser\":\"admin\",\"dstuser\":\"admin\",\"dstport\":\"22\",\"protocol\":\"ssh\"}", "data": {"srcip": "172.16.0.25", "srcuser": "admin", "dstuser": "admin", "dstport": "22", "protocol": "ssh"}, "mitre": {"id": ["T1547.001"], "tactic": ["Command and Control"]}}
{"timestamp": "2026-09-23T14:49:42.402+0000", "rule": {"level": 8, "description": "Windows Defender: Malware detected.", "id": "60122", "firedtimes": 5, "mail": false, "groups": ["windows", "windows_defender", "malware"]}, "agent": {"id": "001", "name": "WIN-CLIENT-01", "ip": "10.0.0.21"}, "manager": {"name": "wazuh.manager"}, "decoder": {"name": "sshd"}, "location": "Security", "id": "1790174982.000490", "full_log": "{\"win\":{\"system\":{\"eventID\":1116},\"win_defender\":{\"threatName\":\"Backdoor:Win32/Sample\",\"action\":\"Quarantine\"}}}", "data": {"win": {"system": {"eventID": 1116}, "win_defender": {"threatName": "Backdoor:Win32/Sample", "action": "Quarantine"}}}, "mitre": {"id": ["T1566.001"], "tactic": ["Persistence"]}}
{"timestamp": "2026-09-23T16:27:42.402+0000", "rule": {"level": 7, "description": "Windows PowerShell execution detected.", "id": "92032", "firedtimes": 1, "mail": false, "groups": ["windows", "powershell"]}, "agent": {"id": "002", "name": "WIN-CLIENT-02", "ip": "10.0.0.22"}, "manager": {"name": "wazuh.manager"}, "decoder": {"name": "json"}, "location": "Security", "id": "1790180862.000491", "full_log": "{\"win\":{\"system\":{\"eventID\":4688},\"eventdata\":{\"commandLine\":\"powershell.exe -Command whoami\",\"user\":\"svc-backup\"}}}", "data": {"win": {"system": {"eventID": 4688}, "eventdata": {"commandLine": "powershell.exe -Command whoami", "user": "svc-backup"}}}, "mitre": {"id": ["T1110", "T1110.001"], "tactic": ["Command and Control"]}}
{"timestamp": "2026-09-26T22:40:42.402+0000", "rule": {"level": 7, "description": "Web application attack detected.", "id": "61603", "firedtimes": 5, "mail": false, "groups": ["web", "attack", "ids"]}, "agent": {"id": "003", "name": "LINUX-SERVER-01", "ip": "10.0.0.31"}, "manager": {"name": "wazuh.manager"}, "decoder": {"name": "sshd"}, "location": "EventChannel", "id": "1790462442.000492", "full_log": "{\"srcip\":\"10.0.0.15\",\"dstport\":\"8080\",\"url\":\"/login?user=admin\",\"http_method\":\"GET\"}", "data": {"srcip": "10.0.0.15", "dstport": "8080", "url": "/login?user=admin", "http_method": "GET"}, "mitre": {"id": ["T1203"], "tactic": ["Initial Access"]}}
{"timestamp": "2026-09-26T14:31:42.402+0000", "rule": {"level": 5, "description": "File integrity monitoring: file modified.", "id": "554", "firedtimes": 1, "mail": false, "groups": ["syscheck", "file_integrity"]}, "agent": {"id": "004", "name": "WEB-SERVER-01", "ip": "10.0.0.41"}, "manager": {"name": "wazuh.manager"}, "decoder": {"name": "windows"}, "location": "sshd", "id": "1790433102.000493", "full_log": "{\"path\":\"/etc/ssh/sshd_config\",\"action\":\"modified\"}", "data": {"path": "/etc/ssh/sshd_config", "action": "modified"}, "mitre": {"id": ["T1547.001"], "tactic": ["Initial Access"]}}
{"timestamp": "2026-09-26T04:04:42.402+0000", "rule": {"level": 12, "description": "Possible exploitation attempt detected.", "id": "80700", "firedtimes": 1, "mail": true, "groups": ["exploit", "attack"]}, "agent": {"id": "005", "name": "DB-SERVER-01", "ip": "10.0.0.51"}, "manager": {"name": "wazuh.manager"}, "decoder": {"name": "sshd"}, "location": "syscheck", "id": "1790395482.000494", "full_log": "{\"srcip\":\"10.0.0.10\",\"dstip\":\"10.0.0.51\",\"dstport\":\"22\"}", "data": {"srcip": "10.0.0.10", "dstip": "10.0.0.51", "dstport": "22"}, "mitre": {"id": ["T1203"], "tactic": ["Initial Access"]}}
{"timestamp": "2026-09-26T07:16:42.402+0000", "rule": {"level": 9, "description": "Suricata: IDS alert detected.", "id": "86601", "firedtimes": 6, "mail": false, "groups": ["ids", "suricata"]}, "agent": {"id": "001", "name": "WIN-CLIENT-01", "ip": "10.0.0.21"}, "manager": {"name": "wazuh.manager"}, "decoder": {"name": "windows"}, "location": "syscheck", "id": "1790407002.000495", "full_log": "{\"srcip\":\"192.168.1.55\",\"dstip\":\"10.0.0.21\",\"srcport\":58595,\"dstport\":8080,\"protocol\":\"TCP\"}", "data": {"srcip": "192.168.1.55", "dstip": "10.0.0.21", "srcport": 58595, "dstport": 8080, "protocol": "TCP"}, "mitre": {"id": ["T1110", "T1110.001"], "tactic": ["Persistence"]}}
{"timestamp": "2026-09-25T21:02:42.402+0000", "rule": {"level": 10, "description": "sshd: Attempt to login using a non-existent user.", "id": "5710", "firedtimes": 7, "mail": false, "groups": ["authentication_failed", "sshd"]}, "agent": {"id": "002", "name": "WIN-CLIENT-02", "ip": "10.0.0.22"}, "manager": {"name": "wazuh.manager"}, "decoder": {"name": "syscheck"}, "location": "EventChannel", "id": "1790370162.000496", "full_log": "{\"srcip\":\"172.16.0.25\",\"srcuser\":\"svc-backup\",\"dstuser\":\"svc-backup\",\"dstport\":\"22\",\"protocol\":\"ssh\"}", "data": {"srcip": "172.16.0.25", "srcuser": "svc-backup", "dstuser": "svc-backup", "dstport": "22", "protocol": "ssh"}, "mitre": {"id": ["T1071.001"], "tactic": ["Execution"]}}
{"timestamp": "2026-09-22T14:37:42.402+0000", "rule": {"level": 10, "description": "sshd: brute force trying to get access to the system.", "id": "5763", "firedtimes": 12, "mail": false, "groups": ["authentication_failed", "sshd", "brute_force"]}, "agent": {"id": "003", "name": "LINUX-SERVER-01", "ip": "10.0.0.31"}, "manager": {"name": "wazuh.manager"}, "decoder": {"name": "json"}, "location": "syscheck", "id": "1790087862.000497", "full_log": "{\"srcip\":\"10.0.0.15\",\"srcuser\":\"root\",\"dstuser\":\"root\",\"dstport\":\"22\",\"protocol\":\"ssh\"}", "data": {"srcip": "10.0.0.15", "srcuser": "root", "dstuser": "root", "dstport": "22", "protocol": "ssh"}, "mitre": {"id": ["T1110", "T1110.001"], "tactic": ["Persistence"]}}
{"timestamp": "2026-09-28T01:03:42.402+0000", "rule": {"level": 8, "description": "Windows Defender: Malware detected.", "id": "60122", "firedtimes": 8, "mail": false, "groups": ["windows", "windows_defender", "malware"]}, "agent": {"id": "004", "name": "WEB-SERVER-01", "ip": "10.0.0.41"}, "manager": {"name": "wazuh.manager"}, "decoder": {"name": "sshd"}, "location": "suricata", "id": "1790557422.000498", "full_log": "{\"win\":{\"system\":{\"eventID\":1116},\"win_defender\":{\"threatName\":\"PUA:Win32/Example\",\"action\":\"Quarantine\"}}}", "data": {"win": {"system": {"eventID": 1116}, "win_defender": {"threatName": "PUA:Win32/Example", "action": "Quarantine"}}}, "mitre": {"id": ["T1190"], "tactic": ["Initial Access"]}}
{"timestamp": "2026-09-28T06:41:42.402+0000", "rule": {"level": 7, "description": "Windows PowerShell execution detected.", "id": "92032", "firedtimes": 8, "mail": false, "groups": ["windows", "powershell"]}, "agent": {"id": "005", "name": "DB-SERVER-01", "ip": "10.0.0.51"}, "manager": {"name": "wazuh.manager"}, "decoder": {"name": "syscheck"}, "location": "Security", "id": "1790577702.000499", "full_log": "{\"win\":{\"system\":{\"eventID\":4688},\"eventdata\":{\"commandLine\":\"powershell.exe -Command whoami\",\"user\":\"root\"}}}", "data": {"win": {"system": {"eventID": 4688}, "eventdata": {"commandLine": "powershell.exe -Command whoami", "user": "root"}}}, "mitre": {"id": ["T1190"], "tactic": ["Persistence"]}}
