{"timestamp": "2026-09-21T08:41:42.402+0000", "rule": {"level": 7, "description": "Web application attack detected.", "id": "61603", "firedtimes": 4, "mail": false, "groups": ["web", "attack", "ids"]}, "agent": {"id": "005", "name": "DB-SERVER-01", "ip": "10.0.0.51"}, "manager": {"name": "wazuh.manager"}, "decoder": {"name": "sshd"}, "location": "EventChannel", "id": "1789980102.000284", "full_log": "{\"srcip\":\"10.0.0.10\",\"dstport\":\"443\",\"url\":\"/../../etc/passwd\",\"http_method\":\"POST\"}", "data": {"srcip": "10.0.0.10", "dstport": "443", "url": "/../../etc/passwd", "http_method": "POST"}, "mitre": {"id": ["T1203"], "tactic": ["Execution"]}}
{"timestamp": "2026-09-24T11:01:42.402+0000", "rule": {"level": 5, "description": "File integrity monitoring: file modified.", "id": "554", "firedtimes": 1, "mail": false, "groups": ["syscheck", "file_integrity"]}, "agent": {"id": "001", "name": "WIN-CLIENT-01", "ip": "10.0.0.21"}, "manager": {"name": "wazuh.manager"}, "decoder": {"name": "syscheck"}, "location": "suricata", "id": "1790247702.000285", "full_log": "{\"path\":\"/etc/passwd\",\"action\":\"modified\"}", "data": {"path": "/etc/passwd", "action": "modified"}, "mitre": {"id": ["T1547.001"], "tactic": ["Credential Access"]}}
{"timestamp": "2026-09-24T01:28:42.402+0000", "rule": {"level": 12, "description": "Possible exploitation attempt detected.", "id": "80700", "firedtimes": 10, "mail": true, "groups": ["exploit", "attack"]}, "agent": {"id": "002", "name": "WIN-CLIENT-02", "ip": "10.0.0.22"}, "manager": {"name": "wazuh.manager"}, "decoder": {"name": "json"}, "location": "EventChannel", "id": "1790213322.000286", "full_log": "{\"srcip\":\"10.0.0.15\",\"dstip\":\"10.0.0.22\",\"dstport\":\"22\"}", "data": {"srcip": "10.0.0.15", "dstip": "10.0.0.22", "dstport": "22"}, "mitre": {"id": ["T1566.001"], "tactic": ["Credential Access"]}}
{"timestamp": "2026-09-24T02:34:42.402+0000", "rule": {"level": 9, "description": "Suricata: IDS alert detected.", "id": "86601", "firedtimes": 1, "mail": false, "groups": ["ids", "suricata"]}, "agent": {"id": "003", "name": "LINUX-SERVER-01", "ip": "10.0.0.31"}, "manager": {"name": "wazuh.manager"}, "decoder": {"name": "sshd"}, "location": "suricata", "id": "1790217282.000287", "full_log": "{\"srcip\":\"10.0.0.10\",\"dstip\":\"10.0.0.31\",\"srcport\":29791,\"dstport\":80,\"protocol\":\"TCP\"}", "data": {"srcip": "10.0.0.10", "dstip": "10.0.0.31", "srcport": 29791, "dstport": 80, "protocol": "TCP"}, "mitre": {"id": ["T1203"], "tactic": ["Execution"]}}
{"timestamp": "2026-09-27T21:03:42.402+0000", "rule": {"level": 10, "description": "sshd: Attempt to login using a non-existent user.", "id": "5710", "firedtimes": 10, "mail": false, "groups": ["authentication_failed", "sshd"]}, "agent": {"id": "004", "name": "WEB-SERVER-01", "ip": "10.0.0.41"}, "manager": {"name": "wazuh.manager"}, "decoder": {"name": "windows"}, "location": "syscheck", "id": "1790543022.000288", "full_log": "{\"srcip\":\"10.0.0.99\",\"srcuser\":\"alice\",\"dstuser\":\"alice\",\"dstport\":\"22\",\"protocol\":\"ssh\"}", "data": {"srcip": "10.0.0.99", "srcuser": "alice", "dstuser": "alice", "dstport": "22", "protocol": "ssh"}, "mitre": {"id": ["T1203"], "tactic": ["Execution"]}}
{"timestamp": "2026-09-27T06:05:42.402+0000", "rule": {"level": 10, "description": "sshd: brute force trying to get access to the system.", "id": "5763", "firedtimes": 5, "mail": false, "groups": ["authentication_failed", "sshd", "brute_force"]}, "agent": {"id": "005", "name": "DB-SERVER-01", "ip": "10.0.0.51"}, "manager": {"name": "wazuh.manager"}, "decoder": {"name": "windows"}, "location": "Security", "id": "1790489142.000289", "full_log": "{\"srcip\":\"10.0.0.15\",\"srcuser\":\"john\",\"dstuser\":\"john\",\"dstport\":\"22\",\"protocol\":\"ssh\"}", "data": {"srcip": "10.0.0.15", "srcuser": "john", "dstuser": "john", "dstport": "22", "protocol": "ssh"}, "mitre": {"id": ["T1566.001"], "tactic": ["Command and Control"]}}
{"timestamp": "2026-09-23T07:34:42.402+0000", "rule": {"level": 8, "description": "Windows Defender: Malware detected.", "id": "60122", "firedtimes": 1, "mail": false, "groups": ["windows", "windows_defender", "malware"]}, "agent": {"id": "001", "name": "WIN-CLIENT-01", "ip": "10.0.0.21"}, "manager": {"name": "wazuh.manager"}, "decoder": {"name": "windows"}, "location": "EventChannel", "id": "1790148882.000290", "full_log": "{\"win\":{\"system\":{\"eventID\":1116},\"win_defender\":{\"threatName\":\"Backdoor:Win32/Sample\",\"action\":\"Quarantine\"}}}", "data": {"win": {"system": {"eventID": 1116}, "win_defender": {"threatName": "Backdoor:Win32/Sample", "action": "Quarantine"}}}, "mitre": {"id": ["T1547.001"], "tactic": ["Command and Control"]}}
{"timestamp": "2026-09-24T22:47:42.402+0000", "rule": {"level": 7, "description": "Windows PowerShell execution detected.", "id": "92032", "firedtimes": 5, "mail": false, "groups": ["windows", "powershell"]}, "agent": {"id": "002", "name": "WIN-CLIENT-02", "ip": "10.0.0.22"}, "manager": {"name": "wazuh.manager"}, "decoder": {"name": "syscheck"}, "location": "syscheck", "id": "1790290062.000291", "full_log": "{\"win\":{\"system\":{\"eventID\":4688},\"eventdata\":{\"commandLine\":\"powershell.exe -Command whoami\",\"user\":\"john\"}}}", "data": {"win": {"system": {"eventID": 4688}, "eventdata": {"commandLine": "powershell.exe -Command whoami", "user": "john"}}}, "mitre": {"id": ["T1547.001"], "tactic": ["Command and Control"]}}
{"timestamp": "2026-09-26T17:03:42.402+0000", "rule": {"level": 7, "description": "Web application attack detected.", "id": "61603", "firedtimes": 1, "mail": false, "groups": ["web", "attack", "ids"]}, "agent": {"id": "003", "name": "LINUX-SERVER-01", "ip": "10.0.0.31"}, "manager": {"name": "wazuh.manager"}, "decoder": {"name": "suricata"}, "location": "EventChannel", "id": "1790442222.000292", "full_log": "{\"srcip\":\"10.0.0.15\",\"dstport\":\"443\",\"url\":\"/search?q=%27%20OR%201%3D1--\",\"http_method\":\"POST\"}", "data": {"srcip": "10.0.0.15", "dstport": "443", "url": "/search?q=%27%20OR%201%3D1--", "http_method": "POST"}, "mitre": {"id": ["T1190"], "tactic": ["Command and Control"]}}
{"timestamp": "2026-09-27T08:28:42.402+0000", "rule": {"level": 5, "description": "File integrity monitoring: file modified.", "id": "554", "firedtimes": 5, "mail": false, "groups": ["syscheck", "file_integrity"]}, "agent": {"id": "004", "name": "WEB-SERVER-01", "ip": "10.0.0.41"}, "manager": {"name": "wazuh.manager"}, "decoder": {"name": "sshd"}, "location": "sshd", "id": "1790497722.000293", "full_log": "{\"path\":\"/etc/ssh/sshd_config\",\"action\":\"modified\"}", "data": {"path": "/etc/ssh/sshd_config", "action": "modified"}, "mitre": {"id": ["T1071.001"], "tactic": ["Credential Access"]}}
{"timestamp": "2026-09-26T10:34:42.402+0000", "rule": {"level": 12, "description": "Possible exploitation attempt detected.", "id": "80700", "firedtimes": 12, "mail": true, "groups": ["exploit", "attack"]}, "agent": {"id": "005", "name": "DB-SERVER-01", "ip": "10.0.0.51"}, "manager": {"name": "wazuh.manager"}, "decoder": {"name": "sshd"}, "location": "Security", "id": "1790418882.000294", "full_log": "{\"srcip\":\"10.0.0.99\",\"dstip\":\"10.0.0.51\",\"dstport\":\"3389\"}", "data": {"srcip": "10.0.0.99", "dstip": "10.0.0.51", "dstport": "3389"}, "mitre": {"id": ["T1203"], "tactic": ["Persistence"]}}
{"timestamp": "2026-09-28T04:56:42.402+0000", "rule": {"level": 9, "description": "Suricata: IDS alert detected.", "id": "86601", "firedtimes": 10, "mail": false, "groups": ["ids", "suricata"]}, "agent": {"id": "001", "name": "WIN-CLIENT-01", "ip": "10.0.0.21"}, "manager": {"name": "wazuh.manager"}, "decoder": {"name": "suricata"}, "location": "syscheck", "id": "1790571402.000295", "full_log": "{\"srcip\":\"192.168.1.55\",\"dstip\":\"10.0.0.21\",\"srcport\":58277,\"dstport\":22,\"protocol\":\"TCP\"}", "data": {"srcip": "192.168.1.55", "dstip": "10.0.0.21", "srcport": 58277, "dstport": 22, "protocol": "TCP"}, "mitre": {"id": ["T1190"], "tactic": ["Execution"]}}
{"timestamp": "2026-09-25T02:40:42.402+0000", "rule": {"level": 10, "description": "sshd: Attempt to login using a non-existent user.", "id": "5710", "firedtimes": 4, "mail": false, "groups": ["authentication_failed", "sshd"]}, "agent": {"id": "002", "name": "WIN-CLIENT-02", "ip": "10.0.0.22"}, "manager": {"name": "wazuh.manager"}, "decoder": {"name": "sshd"}, "location": "Security", "id": "1790304042.000296", "full_log": "{\"srcip\":\"10.0.0.99\",\"srcuser\":\"administrator\",\"dstuser\":\"administrator\",\"dstport\":\"22\",\"protocol\":\"ssh\"}", "data": {"srcip": "10.0.0.99", "srcuser": "administrator", "dstuser": "administrator", "dstport": "22", "protocol": "ssh"}, "mitre": {"id": ["T1071.001"], "tactic": ["Persistence"]}}
{"timestamp": "2026-09-24T01:59:42.402+0000", "rule": {"level": 10, "description": "sshd: brute force trying to get access to the system.", "id": "5763", "firedtimes": 4, "mail": false, "groups": ["authentication_failed", "sshd", "brute_force"]}, "agent": {"id": "003", "name": "LINUX-SERVER-01", "ip": "10.0.0.31"}, "manager": {"name": "wazuh.manager"}, "decoder": {"name": "syscheck"}, "location": "syscheck", "id": "1790215182.000297", "full_log": "{\"srcip\":\"192.168.1.55\",\"srcuser\":\"root\",\"dstuser\":\"root\",\"dstport\":\"22\",\"protocol\":\"ssh\"}", "data": {"srcip": "192.168.1.55", "srcuser": "root", "dstuser": "root", "dstport": "22", "protocol": "ssh"}, "mitre": {"id": ["T1566.001"], "tactic": ["Initial Access"]}}
{"timestamp": "2026-09-24T13:02:42.402+0000", "rule": {"level": 8, "description": "Windows Defender: Malware detected.", "id": "60122", "firedtimes": 11, "mail": false, "groups": ["windows", "windows_defender", "malware"]}, "agent": {"id": "004", "name": "WEB-SERVER-01", "ip": "10.0.0.41"}, "manager": {"name": "wazuh.manager"}, "decoder": {"name": "windows"}, "location": "sshd", "id": "1790254962.000298", "full_log": "{\"win\":{\"system\":{\"eventID\":1116},\"win_defender\":{\"threatName\":\"PUA:Win32/Example\",\"action\":\"Quarantine\"}}}", "data": {"win": {"system": {"eventID": 1116}, "win_defender": {"threatName": "PUA:Win32/Example", "action": "Quarantine"}}}, "mitre": {"id": ["T1203"], "tactic": ["Initial Access"]}}
{"timestamp": "2026-09-27T03:46:42.402+0000", "rule": {"level": 7, "description": "Windows PowerShell execution detected.", "id": "92032", "firedtimes": 12, "mail": false, "groups": ["windows", "powershell"]}, "agent": {"id": "005", "name": "DB-SERVER-01", "ip": "10.0.0.51"}, "manager": {"name": "wazuh.manager"}, "decoder": {"name": "syscheck"}, "location": "sshd", "id": "1790480802.000299", "full_log": "{\"win\":{\"system\":{\"eventID\":4688},\"eventdata\":{\"commandLine\":\"powershell.exe -ExecutionPolicy Bypass -Command Get-Process\",\"user\":\"john\"}}}", "data": {"win": {"system": {"eventID": 4688}, "eventdata": {"commandLine": "powershell.exe -ExecutionPolicy Bypass -Command Get-Process", "user": "john"}}}, "mitre": {"id": ["T1059.001"], "tactic": ["Initial Access"]}}
{"timestamp": "2026-09-24T21:11:42.402+0000", "rule": {"level": 7, "description": "Web application attack detected.", "id": "61603", "firedtimes": 1, "mail": false, "groups": ["web", "attack", "ids"]}, "agent": {"id": "001", "name": "WIN-CLIENT-01", "ip": "10.0.0.21"}, "manager": {"name": "wazuh.manager"}, "decoder": {"name": "windows"}, "location": "suricata", "id": "1790284302.000300", "full_log": "{\"srcip\":\"172.16.0.25\",\"dstport\":\"8080\",\"url\":\"/search?q=%27%20OR%201%3D1--\",\"http_method\":\"GET\"}", "data": {"srcip": "172.16.0.25", "dstport": "8080", "url": "/search?q=%27%20OR%201%3D1--", "http_method": "GET"}, "mitre": {"id": ["T1566.001"], "tactic": ["Command and Control"]}}
{"timestamp": "2026-09-26T01:46:42.402+0000", "rule": {"level": 5, "description": "File integrity monitoring: file modified.", "id": "554", "firedtimes": 6, "mail": false, "groups": ["syscheck", "file_integrity"]}, "agent": {"id": "002", "name": "WIN-CLIENT-02", "ip": "10.0.0.22"}, "manager": {"name": "wazuh.manager"}, "decoder": {"name": "sshd"}, "location": "EventChannel", "id": "1790387202.000301", "full_log": "{\"path\":\"/etc/ssh/sshd_config\",\"action\":\"modified\"}", "data": {"path": "/etc/ssh/sshd_config", "action": "modified"}, "mitre": {"id": ["T1566.001"], "tactic": ["Execution"]}}
{"timestamp": "2026-09-27T00:05:42.402+0000", "rule": {"level": 12, "description": "Possible exploitation attempt detected.", "id": "80700", "firedtimes": 6, "mail": true, "groups": ["exploit", "attack"]}, "agent": {"id": "003", "name": "LINUX-SERVER-01", "ip": "10.0.0.31"}, "manager": {"name": "wazuh.manager"}, "decoder": {"name": "windows"}, "location": "EventChannel", "id": "1790467542.000302", "full_log": "{\"srcip\":\"192.168.1.55\",\"dstip\":\"10.0.0.31\",\"dstport\":\"8080\"}", "data": {"srcip": "192.168.1.55", "dstip": "10.0.0.31", "dstport": "8080"}, "mitre": {"id": ["T1071.001"], "tactic": ["Persistence"]}}
{"timestamp": "2026-09-26T13:35:42.402+0000", "rule": {"level": 9, "description": "Suricata: IDS alert detected.", "id": "86601", "firedtimes": 3, "mail": false, "groups": ["ids", "suricata"]}, "agent": {"id": "004", "name": "WEB-SERVER-01", "ip": "10.0.0.41"}, "manager": {"name": "wazuh.manager"}, "decoder": {"name": "suricata"}, "location": "EventChannel", "id": "1790429742.000303", "full_log": "{\"srcip\":\"10.0.0.15\",\"dstip\":\"10.0.0.41\",\"srcport\":53123,\"dstport\":443,\"protocol\":\"TCP\"}", "data": {"srcip": "10.0.0.15", "dstip": "10.0.0.41", "srcport": 53123, "dstport": 443, "protocol": "TCP"}, "mitre": {"id": ["T1059.001"], "tactic": ["Command and Control"]}}
{"timestamp": "2026-09-21T23:47:42.402+0000", "rule": {"level": 10, "description": "sshd: Attempt to login using a non-existent user.", "id": "5710", "firedtimes": 2, "mail": false, "groups": ["authentication_failed", "sshd"]}, "agent": {"id": "005", "name": "DB-SERVER-01", "ip": "10.0.0.51"}, "manager": {"name": "wazuh.manager"}, "decoder": {"name": "json"}, "location": "Security", "id": "1790034462.000304", "full_log": "{\"srcip\":\"192.168.1.55\",\"srcuser\":\"administrator\",\"dstuser\":\"administrator\",\"dstport\":\"22\",\"protocol\":\"ssh\"}", "data": {"srcip": "192.168.1.55", "srcuser": "administrator", "dstuser": "administrator", "dstport": "22", "protocol": "ssh"}, "mitre": {"id": ["T1190"], "tactic": ["Execution"]}}
{"timestamp": "2026-09-23T22:56:42.402+0000", "rule": {"level": 10, "description": "sshd: brute force trying to get access to the system.", "id": "5763", "firedtimes": 3, "mail": false, "groups": ["authentication_failed", "sshd", "brute_force"]}, "agent": {"id": "001", "name": "WIN-CLIENT-01", "ip": "10.0.0.21"}, "manager": {"name": "wazuh.manager"}, "decoder": {"name": "json"}, "location": "syscheck", "id": "1790204202.000305", "full_log": "{\"srcip\":\"10.0.0.10\",\"srcuser\":\"root\",\"dstuser\":\"root\",\"dstport\":\"22\",\"protocol\":\"ssh\"}", "data": {"srcip": "10.0.0.10", "srcuser": "root", "dstuser": "root", "dstport": "22", "protocol": "ssh"}, "mitre": {"id": ["T1566.001"], "tactic": ["Persistence"]}}
{"timestamp": "2026-09-25T13:39:42.402+0000", "rule": {"level": 8, "description": "Windows Defender: Malware detected.", "id": "60122", "firedtimes": 11, "mail": false, "groups": ["windows", "windows_defender", "malware"]}, "agent": {"id": "002", "name": "WIN-CLIENT-02", "ip": "10.0.0.22"}, "manager": {"name": "wazuh.manager"}, "decoder": {"name": "suricata"}, "location": "EventChannel", "id": "1790343582.000306", "full_log": "{\"win\":{\"system\":{\"eventID\":1116},\"win_defender\":{\"threatName\":\"PUA:Win32/Example\",\"action\":\"Quarantine\"}}}", "data": {"win": {"system": {"eventID": 1116}, "win_defender": {"threatName": "PUA:Win32/Example", "action": "Quarantine"}}}, "mitre": {"id": ["T1071.001"], "tactic": ["Persistence"]}}
{"timestamp": "2026-09-21T12:02:42.402+0000", "rule": {"level": 7, "description": "Windows PowerShell execution detected.", "id": "92032", "firedtimes": 1, "mail": false, "groups": ["windows", "powershell"]}, "agent": {"id": "003", "name": "LINUX-SERVER-01", "ip": "10.0.0.31"}, "manager": {"name": "wazuh.manager"}, "decoder": {"name": "json"}, "location": "suricata", "id": "1789992162.000307", "full_log": "{\"win\":{\"system\":{\"eventID\":4688},\"eventdata\":{\"commandLine\":\"powershell.exe -NoProfile -Command ipconfig\",\"user\":\"alice\"}}}", "data": {"win": {"system": {"eventID": 4688}, "eventdata": {"commandLine": "powershell.exe -NoProfile -Command ipconfig", "user": "alice"}}}, "mitre": {"id": ["T1071.001"], "tactic": ["Initial Access"]}}
{"timestamp": "2026-09-27T10:02:42.402+0000", "rule": {"level": 7, "description": "Web application attack detected.", "id": "61603", "firedtimes": 2, "mail": false, "groups": ["web", "attack", "ids"]}, "agent": {"id": "004", "name": "WEB-SERVER-01", "ip": "10.0.0.41"}, "manager": {"name": "wazuh.manager"}, "decoder": {"name": "json"}, "location": "suricata", "id": "1790503362.000308", "full_log": "{\"srcip\":\"10.0.0.99\",\"dstport\":\"8080\",\"url\":\"/../../etc/passwd\",\"http_method\":\"GET\"}", "data": {"srcip": "10.0.0.99", "dstport": "8080", "url": "/../../etc/passwd", "http_method": "GET"}, "mitre": {"id": ["T1059.001"], "tactic": ["Execution"]}}
{"timestamp": "2026-09-23T12:09:42.402+0000", "rule": {"level": 5, "description": "File integrity monitoring: file modified.", "id": "554", "firedtimes": 6, "mail": false, "groups": ["syscheck", "file_integrity"]}, "agent": {"id": "005", "name": "DB-SERVER-01", "ip": "10.0.0.51"}, "manager": {"name": "wazuh.manager"}, "decoder": {"name": "windows"}, "location": "EventChannel", "id": "1790165382.000309", "full_log": "{\"path\":\"/var/www/html/index.php\",\"action\":\"modified\"}", "data": {"path": "/var/www/html/index.php", "action": "modified"}, "mitre": {"id": ["T1110", "T1110.001"], "tactic": ["Initial Access"]}}
{"timestamp": "2026-09-25T22:37:42.402+0000", "rule": {"level": 12, "description": "Possible exploitation attempt detected.", "id": "80700", "firedtimes": 12, "mail": true, "groups": ["exploit", "attack"]}, "agent": {"id": "001", "name": "WIN-CLIENT-01", "ip": "10.0.0.21"}, "manager": {"name": "wazuh.manager"}, "decoder": {"name": "sshd"}, "location": "sshd", "id": "1790375862.000310", "full_log": "{\"srcip\":\"172.16.0.25\",\"dstip\":\"10.0.0.21\",\"dstport\":\"80\"}", "data": {"srcip": "172.16.0.25", "dstip": "10.0.0.21", "dstport": "80"}, "mitre": {"id": ["T1071.001"], "tactic": ["Credential Access"]}}
{"timestamp": "2026-09-21T16:24:42.402+0000", "rule": {"level": 9, "description": "Suricata: IDS alert detected.", "id": "86601", "firedtimes": 1, "mail": false, "groups": ["ids", "suricata"]}, "agent": {"id": "002", "name": "WIN-CLIENT-02", "ip": "10.0.0.22"}, "manager": {"name": "wazuh.manager"}, "decoder": {"name": "json"}, "location": "syscheck", "id": "1790007882.000311", "full_log": "{\"srcip\":\"10.0.0.10\",\"dstip\":\"10.0.0.22\",\"srcport\":25879,\"dstport\":445,\"protocol\":\"UDP\"}", "data": {"srcip": "10.0.0.10", "dstip": "10.0.0.22", "srcport": 25879, "dstport": 445, "protocol": "UDP"}, "mitre": {"id": ["T1110", "T1110.001"], "tactic": ["Persistence"]}}
{"timestamp": "2026-09-26T06:14:42.402+0000", "rule": {"level": 10, "description": "sshd: Attempt to login using a non-existent user.", "id": "5710", "firedtimes": 2, "mail": false, "groups": ["authentication_failed", "sshd"]}, "agent": {"id": "003", "name": "LINUX-SERVER-01", "ip": "10.0.0.31"}, "manager": {"name": "wazuh.manager"}, "decoder": {"name": "suricata"}, "location": "Security", "id": "1790403282.000312", "full_log": "{\"srcip\":\"10.0.0.99\",\"srcuser\":\"alice\",\"dstuser\":\"alice\",\"dstport\":\"22\",\"protocol\":\"ssh\"}", "data": {"srcip": "10.0.0.99", "srcuser": "alice", "dstuser": "alice", "dstport": "22", "protocol": "ssh"}, "mitre": {"id": ["T1059.001"], "tactic": ["Execution"]}}
{"timestamp": "2026-09-27T18:31:42.402+0000", "rule": {"level": 10, "description": "sshd: brute force trying to get access to the system.", "id": "5763", "firedtimes": 1, "mail": false, "groups": ["authentication_failed", "sshd", "brute_force"]}, "agent": {"id": "004", "name": "WEB-SERVER-01", "ip": "10.0.0.41"}, "manager": {"name": "wazuh.manager"}, "decoder": {"name": "json"}, "location": "sshd", "id": "1790533902.000313", "full_log": "{\"srcip\":\"172.16.0.25\",\"srcuser\":\"svc-backup\",\"dstuser\":\"svc-backup\",\"dstport\":\"22\",\"protocol\":\"ssh\"}", "data": {"srcip": "172.16.0.25", "srcuser": "svc-backup", "dstuser": "svc-backup", "dstport": "22", "protocol": "ssh"}, "mitre": {"id": ["T1566.001"], "tactic": ["Command and Control"]}}
{"timestamp": "2026-09-21T16:44:42.402+0000", "rule": {"level": 8, "description": "Windows Defender: Malware detected.", "id": "60122", "firedtimes": 4, "mail": false, "groups": ["windows", "windows_defender", "malware"]}, "agent": {"id": "005", "name": "DB-SERVER-01", "ip": "10.0.0.51"}, "manager": {"name": "wazuh.manager"}, "decoder": {"name": "suricata"}, "location": "syscheck", "id": "1790009082.000314", "full_log": "{\"win\":{\"system\":{\"eventID\":1116},\"win_defender\":{\"threatName\":\"Trojan:Win32/TestThreat\",\"action\":\"Quarantine\"}}}", "data": {"win": {"system": {"eventID": 1116}, "win_defender": {"threatName": "Trojan:Win32/TestThreat", "action": "Quarantine"}}}, "mitre": {"id": ["T1547.001"], "tactic": ["Persistence"]}}
{"timestamp": "2026-09-22T04:45:42.402+0000", "rule": {"level": 7, "description": "Windows PowerShell execution detected.", "id": "92032", "firedtimes": 10, "mail": false, "groups": ["windows", "powershell"]}, "agent": {"id": "001", "name": "WIN-CLIENT-01", "ip": "10.0.0.21"}, "manager": {"name": "wazuh.manager"}, "decoder": {"name": "syscheck"}, "location": "suricata", "id": "1790052342.000315", "full_log": "{\"win\":{\"system\":{\"eventID\":4688},\"eventdata\":{\"commandLine\":\"powershell.exe -Command whoami\",\"user\":\"admin\"}}}", "data": {"win": {"system": {"eventID": 4688}, "eventdata": {"commandLine": "powershell.exe -Command whoami", "user": "admin"}}}, "mitre": {"id": ["T1203"], "tactic": ["Persistence"]}}
{"timestamp": "2026-09-22T21:57:42.402+0000", "rule": {"level": 7, "description": "Web application attack detected.", "id": "61603", "firedtimes": 2, "mail": false, "groups": ["web", "attack", "ids"]}, "agent": {"id": "002", "name": "WIN-CLIENT-02", "ip": "10.0.0.22"}, "manager": {"name": "wazuh.manager"}, "decoder": {"name": "syscheck"}, "location": "syscheck", "id": "1790114262.000316", "full_log": "{\"srcip\":\"10.0.0.10\",\"dstport\":\"8080\",\"url\":\"/api/users/1\",\"http_method\":\"GET\"}", "data": {"srcip": "10.0.0.10", "dstport": "8080", "url": "/api/users/1", "http_method": "GET"}, "mitre": {"id": ["T1547.001"], "tactic": ["Credential Access"]}}
{"timestamp": "2026-09-25T04:45:42.402+0000", "rule": {"level": 5, "description": "File integrity monitoring: file modified.", "id": "554", "firedtimes": 6, "mail": false, "groups": ["syscheck", "file_integrity"]}, "agent": {"id": "003", "name": "LINUX-SERVER-01", "ip": "10.0.0.31"}, "manager": {"name": "wazuh.manager"}, "decoder": {"name": "json"}, "location": "sshd", "id": "1790311542.000317", "full_log": "{\"path\":\"/opt/app/config.yml\",\"action\":\"modified\"}", "data": {"path": "/opt/app/config.yml", "action": "modified"}, "mitre": {"id": ["T1547.001"], "tactic": ["Persistence"]}}
{"timestamp": "2026-09-26T21:43:42.402+0000", "rule": {"level": 12, "description": "Possible exploitation attempt detected.", "id": "80700", "firedtimes": 7, "mail": true, "groups": ["exploit", "attack"]}, "agent": {"id": "004", "name": "WEB-SERVER-01", "ip": "10.0.0.41"}, "manager": {"name": "wazuh.manager"}, "decoder": {"name": "syscheck"}, "location": "syscheck", "id": "1790459022.000318", "full_log": "{\"srcip\":\"10.0.0.15\",\"dstip\":\"10.0.0.41\",\"dstport\":\"3389\"}", "data": {"srcip": "10.0.0.15", "dstip": "10.0.0.41", "dstport": "3389"}, "mitre": {"id": ["T1071.001"], "tactic": ["Command and Control"]}}
{"timestamp": "2026-09-25T15:32:42.402+0000", "rule": {"level": 9, "description": "Suricata: IDS alert detected.", "id": "86601", "firedtimes": 2, "mail": false, "groups": ["ids", "suricata"]}, "agent": {"id": "005", "name": "DB-SERVER-01", "ip": "10.0.0.51"}, "manager": {"name": "wazuh.manager"}, "decoder": {"name": "windows"}, "location": "syscheck", "id": "1790350362.000319", "full_log": "{\"srcip\":\"10.0.0.10\",\"dstip\":\"10.0.0.51\",\"srcport\":20381,\"dstport\":80,\"protocol\":\"TCP\"}", "data": {"srcip": "10.0.0.10", "dstip": "10.0.0.51", "srcport": 20381, "dstport": 80, "protocol": "TCP"}, "mitre": {"id": ["T1190"], "tactic": ["Execution"]}}
{"timestamp": "2026-09-25T18:08:42.402+0000", "rule": {"level": 10, "description": "sshd: Attempt to login using a non-existent user.", "id": "5710", "firedtimes": 2, "mail": false, "groups": ["authentication_failed", "sshd"]}, "agent": {"id": "001", "name": "WIN-CLIENT-01", "ip": "10.0.0.21"}, "manager": {"name": "wazuh.manager"}, "decoder": {"name": "json"}, "location": "Security", "id": "1790359722.000320", "full_log": "{\"srcip\":\"10.0.0.99\",\"srcuser\":\"svc-backup\",\"dstuser\":\"svc-backup\",\"dstport\":\"22\",\"protocol\":\"ssh\"}", "data": {"srcip": "10.0.0.99", "srcuser": "svc-backup", "dstuser": "svc-backup", "dstport": "22", "protocol": "ssh"}, "mitre": {"id": ["T1203"], "tactic": ["Persistence"]}}
{"timestamp": "2026-09-25T10:01:42.402+0000", "rule": {"level": 10, "description": "sshd: brute force trying to get access to the system.", "id": "5763", "firedtimes": 3, "mail": false, "groups": ["authentication_failed", "sshd", "brute_force"]}, "agent": {"id": "002", "name": "WIN-CLIENT-02", "ip": "10.0.0.22"}, "manager": {"name": "wazuh.manager"}, "decoder": {"name": "json"}, "location": "syscheck", "id": "1790330502.000321", "full_log": "{\"srcip\":\"10.0.0.99\",\"srcuser\":\"administrator\",\"dstuser\":\"administrator\",\"dstport\":\"22\",\"protocol\":\"ssh\"}", "data": {"srcip": "10.0.0.99", "srcuser": "administrator", "dstuser": "administrator", "dstport": "22", "protocol": "ssh"}, "mitre": {"id": ["T1190"], "tactic": ["Persistence"]}}
{"timestamp": "2026-09-27T15:50:42.402+0000", "rule": {"level": 8, "description": "Windows Defender: Malware detected.", "id": "60122", "firedtimes": 2, "mail": false, "groups": ["windows", "windows_defender", "malware"]}, "agent": {"id": "003", "name": "LINUX-SERVER-01", "ip": "10.0.0.31"}, "manager": {"name": "wazuh.manager"}, "decoder": {"name": "json"}, "location": "Security", "id": "1790524242.000322", "full_log": "{\"win\":{\"system\":{\"eventID\":1116},\"win_defender\":{\"threatName\":\"Backdoor:Win32/Sample\",\"action\":\"Quarantine\"}}}", "data": {"win": {"system": {"eventID": 1116}, "win_defender": {"threatName": "Backdoor:Win32/Sample", "action": "Quarantine"}}}, "mitre": {"id": ["T1203"], "tactic": ["Command and Control"]}}
{"timestamp": "2026-09-22T09:09:42.402+0000", "rule": {"level": 7, "description": "Windows PowerShell execution detected.", "id": "92032", "firedtimes": 7, "mail": false, "groups": ["windows", "powershell"]}, "agent": {"id": "004", "name": "WEB-SERVER-01", "ip": "10.0.0.41"}, "manager": {"name": "wazuh.manager"}, "decoder": {"name": "json"}, "location": "sshd", "id": "1790068182.000323", "full_log": "{\"win\":{\"system\":{\"eventID\":4688},\"eventdata\":{\"commandLine\":\"powershell.exe -Command Get-Service\",\"user\":\"alice\"}}}", "data": {"win": {"system": {"eventID": 4688}, "eventdata": {"commandLine": "powershell.exe -Command Get-Service", "user": "alice"}}}, "mitre": {"id": ["T1190"], "tactic": ["Persistence"]}}
{"timestamp": "2026-09-22T06:52:42.402+0000", "rule": {"level": 7, "description": "Web application attack detected.", "id": "61603", "firedtimes": 3, "mail": false, "groups": ["web", "attack", "ids"]}, "agent": {"id": "005", "name": "DB-SERVER-01", "ip": "10.0.0.51"}, "manager": {"name": "wazuh.manager"}, "decoder": {"name": "sshd"}, "location": "sshd", "id": "1790059962.000324", "full_log": "{\"srcip\":\"192.168.1.55\",\"dstport\":\"8080\",\"url\":\"/search?q=%27%20OR%201%3D1--\",\"http_method\":\"POST\"}", "data": {"srcip": "192.168.1.55", "dstport": "8080", "url": "/search?q=%27%20OR%201%3D1--", "http_method": "POST"}, "mitre": {"id": ["T1203"], "tactic": ["Initial Access"]}}
{"timestamp": "2026-09-26T22:24:42.402+0000", "rule": {"level": 5, "description": "File integrity monitoring: file modified.", "id": "554", "firedtimes": 7, "mail": false, "groups": ["syscheck", "file_integrity"]}, "agent": {"id": "001", "name": "WIN-CLIENT-01", "ip": "10.0.0.21"}, "manager": {"name": "wazuh.manager"}, "decoder": {"name": "windows"}, "location": "EventChannel", "id": "1790461482.000325", "full_log": "{\"path\":\"/etc/ssh/sshd_config\",\"action\":\"modified\"}", "data": {"path": "/etc/ssh/sshd_config", "action": "modified"}, "mitre": {"id": ["T1203"], "tactic": ["Persistence"]}}
{"timestamp": "2026-09-22T04:45:42.402+0000", "rule": {"level": 12, "description": "Possible exploitation attempt detected.", "id": "80700", "firedtimes": 12, "mail": true, "groups": ["exploit", "attack"]}, "agent": {"id": "002", "name": "WIN-CLIENT-02", "ip": "10.0.0.22"}, "manager": {"name": "wazuh.manager"}, "decoder": {"name": "syscheck"}, "location": "suricata", "id": "1790052342.000326", "full_log": "{\"srcip\":\"10.0.0.99\",\"dstip\":\"10.0.0.22\",\"dstport\":\"80\"}", "data": {"srcip": "10.0.0.99", "dstip": "10.0.0.22", "dstport": "80"}, "mitre": {"id": ["T1566.001"], "tactic": ["Execution"]}}
{"timestamp": "2026-09-26T12:46:42.402+0000", "rule": {"level": 9, "description": "Suricata: IDS alert detected.", "id": "86601", "firedtimes": 6, "mail": false, "groups": ["ids", "suricata"]}, "agent": {"id": "003", "name": "LINUX-SERVER-01", "ip": "10.0.0.31"}, "manager": {"name": "wazuh.manager"}, "decoder": {"name": "suricata"}, "location": "EventChannel", "id": "1790426802.000327", "full_log": "{\"srcip\":\"10.0.0.10\",\"dstip\":\"10.0.0.31\",\"srcport\":20990,\"dstport\":22,\"protocol\":\"UDP\"}", "data": {"srcip": "10.0.0.10", "dstip": "10.0.0.31", "srcport": 20990, "dstport": 22, "protocol": "UDP"}, "mitre": {"id": ["T1547.001"], "tactic": ["Initial Access"]}}
{"timestamp": "2026-09-26T07:57:42.402+0000", "rule": {"level": 10, "description": "sshd: Attempt to login using a non-existent user.", "id": "5710", "firedtimes": 11, "mail": false, "groups": ["authentication_failed", "sshd"]}, "agent": {"id": "004", "name": "WEB-SERVER-01", "ip": "10.0.0.41"}, "manager": {"name": "wazuh.manager"}, "decoder": {"name": "suricata"}, "location": "syscheck", "id": "1790409462.000328", "full_log": "{\"srcip\":\"10.0.0.99\",\"srcuser\":\"john\",\"dstuser\":\"john\",\"dstport\":\"22\",\"protocol\":\"ssh\"}", "data": {"srcip": "10.0.0.99", "srcuser": "john", "dstuser": "john", "dstport": "22", "protocol": "ssh"}, "mitre": {"id": ["T1203"], "tactic": ["Initial Access"]}}
{"timestamp": "2026-09-28T04:28:42.402+0000", "rule": {"level": 10, "description": "sshd: brute force trying to get access to the system.", "id": "5763", "firedtimes": 6, "mail": false, "groups": ["authentication_failed", "sshd", "brute_force"]}, "agent": {"id": "005", "name": "DB-SERVER-01", "ip": "10.0.0.51"}, "manager": {"name": "wazuh.manager"}, "decoder": {"name": "sshd"}, "location": "EventChannel", "id": "1790569722.000329", "full_log": "{\"srcip\":\"10.0.0.15\",\"srcuser\":\"john\",\"dstuser\":\"john\",\"dstport\":\"22\",\"protocol\":\"ssh\"}", "data": {"srcip": "10.0.0.15", "srcuser": "john", "dstuser": "john", "dstport": "22", "protocol": "ssh"}, "mitre": {"id": ["T1203"], "tactic": ["Initial Access"]}}
{"timestamp": "2026-09-26T21:49:42.402+0000", "rule": {"level": 8, "description": "Windows Defender: Malware detected.", "id": "60122", "firedtimes": 7, "mail": false, "groups": ["windows", "windows_defender", "malware"]}, "agent": {"id": "001", "name": "WIN-CLIENT-01", "ip": "10.0.0.21"}, "manager": {"name": "wazuh.manager"}, "decoder": {"name": "windows"}, "location": "EventChannel", "id": "1790459382.000330", "full_log": "{\"win\":{\"system\":{\"eventID\":1116},\"win_defender\":{\"threatName\":\"Backdoor:Win32/Sample\",\"action\":\"Quarantine\"}}}", "data": {"win": {"system": {"eventID": 1116}, "win_defender": {"threatName": "Backdoor:Win32/Sample", "action": "Quarantine"}}}, "mitre": {"id": ["T1203"], "tactic": ["Credential Access"]}}
{"timestamp": "2026-09-27T17:43:42.402+0000", "rule": {"level": 7, "description": "Windows PowerShell execution detected.", "id": "92032", "firedtimes": 11, "mail": false, "groups": ["windows", "powershell"]}, "agent": {"id": "002", "name": "WIN-CLIENT-02", "ip": "10.0.0.22"}, "manager": {"name": "wazuh.manager"}, "decoder": {"name": "suricata"}, "location": "Security", "id": "1790531022.000331", "full_log": "{\"win\":{\"system\":{\"eventID\":4688},\"eventdata\":{\"commandLine\":\"powershell.exe -Command whoami\",\"user\":\"alice\"}}}", "data": {"win": {"system": {"eventID": 4688}, "eventdata": {"commandLine": "powershell.exe -Command whoami", "user": "alice"}}}, "mitre": {"id": ["T1071.001"], "tactic": ["Persistence"]}}
{"timestamp": "2026-09-23T16:59:42.402+0000", "rule": {"level": 7, "description": "Web application attack detected.", "id": "61603", "firedtimes": 11, "mail": false, "groups": ["web", "attack", "ids"]}, "agent": {"id": "003", "name": "LINUX-SERVER-01", "ip": "10.0.0.31"}, "manager": {"name": "wazuh.manager"}, "decoder": {"name": "syscheck"}, "location": "syscheck", "id": "1790182782.000332", "full_log": "{\"srcip\":\"172.16.0.25\",\"dstport\":\"8080\",\"url\":\"/login?user=admin\",\"http_method\":\"POST\"}", "data": {"srcip": "172.16.0.25", "dstport": "8080", "url": "/login?user=admin", "http_method": "POST"}, "mitre": {"id": ["T1071.001"], "tactic": ["Initial Access"]}}
{"timestamp": "2026-09-24T01:50:42.402+0000", "rule": {"level": 5, "description": "File integrity monitoring: file modified.", "id": "554", "firedtimes": 12, "mail": false, "groups": ["syscheck", "file_integrity"]}, "agent": {"id": "004", "name": "WEB-SERVER-01", "ip": "10.0.0.41"}, "manager": {"name": "wazuh.manager"}, "decoder": {"name": "syscheck"}, "location": "EventChannel", "id": "1790214642.000333", "full_log": "{\"path\":\"/etc/ssh/sshd_config\",\"action\":\"modified\"}", "data": {"path": "/etc/ssh/sshd_config", "action": "modified"}, "mitre": {"id": ["T1110", "T1110.001"], "tactic": ["Persistence"]}}
{"timestamp": "2026-09-28T03:01:42.402+0000", "rule": {"level": 12, "description": "Possible exploitation attempt detected.", "id": "80700", "firedtimes": 9, "mail": true, "groups": ["exploit", "attack"]}, "agent": {"id": "005", "name": "DB-SERVER-01", "ip": "10.0.0.51"}, "manager": {"name": "wazuh.manager"}, "decoder": {"name": "suricata"}, "location": "EventChannel", "id": "1790564502.000334", "full_log": "{\"srcip\":\"172.16.0.25\",\"dstip\":\"10.0.0.51\",\"dstport\":\"445\"}", "data": {"srcip": "172.16.0.25", "dstip": "10.0.0.51", "dstport": "445"}, "mitre": {"id": ["T1566.001"], "tactic": ["Credential Access"]}}
{"timestamp": "2026-09-25T09:55:42.402+0000", "rule": {"level": 9, "description": "Suricata: IDS alert detected.", "id": "86601", "firedtimes": 4, "mail": false, "groups": ["ids", "suricata"]}, "agent": {"id": "001", "name": "WIN-CLIENT-01", "ip": "10.0.0.21"}, "manager": {"name": "wazuh.manager"}, "decoder": {"name": "windows"}, "location": "syscheck", "id": "1790330142.000335", "full_log": "{\"srcip\":\"192.168.1.55\",\"dstip\":\"10.0.0.21\",\"srcport\":42847,\"dstport\":22,\"protocol\":\"TCP\"}", "data": {"srcip": "192.168.1.55", "dstip": "10.0.0.21", "srcport": 42847, "dstport": 22, "protocol": "TCP"}, "mitre": {"id": ["T1071.001"], "tactic": ["Command and Control"]}}
{"timestamp": "2026-09-21T19:50:42.402+0000", "rule": {"level": 10, "description": "sshd: Attempt to login using a non-existent user.", "id": "5710", "firedtimes": 11, "mail": false, "groups": ["authentication_failed", "sshd"]}, "agent": {"id": "002", "name": "WIN-CLIENT-02", "ip": "10.0.0.22"}, "manager": {"name": "wazuh.manager"}, "decoder": {"name": "syscheck"}, "location": "sshd", "id": "1790020242.000336", "full_log": "{\"srcip\":\"192.168.1.55\",\"srcuser\":\"root\",\"dstuser\":\"root\",\"dstport\":\"22\",\"protocol\":\"ssh\"}", "data": {"srcip": "192.168.1.55", "srcuser": "root", "dstuser": "root", "dstport": "22", "protocol": "ssh"}, "mitre": {"id": ["T1547.001"], "tactic": ["Persistence"]}}
{"timestamp": "2026-09-22T12:40:42.402+0000", "rule": {"level": 10, "description": "sshd: brute force trying to get access to the system.", "id": "5763", "firedtimes": 5, "mail": false, "groups": ["authentication_failed", "sshd", "brute_force"]}, "agent": {"id": "003", "name": "LINUX-SERVER-01", "ip": "10.0.0.31"}, "manager": {"name": "wazuh.manager"}, "decoder": {"name": "sshd"}, "location": "suricata", "id": "1790080842.000337", "full_log": "{\"srcip\":\"10.0.0.10\",\"srcuser\":\"administrator\",\"dstuser\":\"administrator\",\"dstport\":\"22\",\"protocol\":\"ssh\"}", "data": {"srcip": "10.0.0.10", "srcuser": "administrator", "dstuser": "administrator", "dstport": "22", "protocol": "ssh"}, "mitre": {"id": ["T1071.001"], "tactic": ["Command and Control"]}}
{"timestamp": "2026-09-27T16:07:42.402+0000", "rule": {"level": 8, "description": "Windows Defender: Malware detected.", "id": "60122", "firedtimes": 4, "mail": false, "groups": ["windows", "windows_defender", "malware"]}, "agent": {"id": "004", "name": "WEB-SERVER-01", "ip": "10.0.0.41"}, "manager": {"name": "wazuh.manager"}, "decoder": {"name": "syscheck"}, "location": "sshd", "id": "1790525262.000338", "full_log": "{\"win\":{\"system\":{\"eventID\":1116},\"win_defender\":{\"threatName\":\"PUA:Win32/Example\",\"action\":\"Quarantine\"}}}", "data": {"win": {"system": {"eventID": 1116}, "win_defender": {"threatName": "PUA:Win32/Example", "action": "Quarantine"}}}, "mitre": {"id": ["T1190"], "tactic": ["Persistence"]}}
{"timestamp": "2026-09-28T00:28:42.402+0000", "rule": {"level": 7, "description": "Windows PowerShell execution detected.", "id": "92032", "firedtimes": 1, "mail": false, "groups": ["windows", "powershell"]}, "agent": {"id": "005", "name": "DB-SERVER-01", "ip": "10.0.0.51"}, "manager": {"name": "wazuh.manager"}, "decoder": {"name": "syscheck"}, "location": "Security", "id": "1790555322.000339", "full_log": "{\"win\":{\"system\":{\"eventID\":4688},\"eventdata\":{\"commandLine\":\"powershell.exe -Command Get-Service\",\"user\":\"admin\"}}}", "data": {"win": {"system": {"eventID": 4688}, "eventdata": {"commandLine": "powershell.exe -Command Get-Service", "user": "admin"}}}, "mitre": {"id": ["T1203"], "tactic": ["Persistence"]}}
{"timestamp": "2026-09-22T07:11:42.402+0000", "rule": {"level": 7, "description": "Web application attack detected.", "id": "61603", "firedtimes": 6, "mail": false, "groups": ["web", "attack", "ids"]}, "agent": {"id": "001", "name": "WIN-CLIENT-01", "ip": "10.0.0.21"}, "manager": {"name": "wazuh.manager"}, "decoder": {"name": "syscheck"}, "location": "syscheck", "id": "1790061102.000340", "full_log": "{\"srcip\":\"10.0.0.10\",\"dstport\":\"80\",\"url\":\"/api/users/1\",\"http_method\":\"POST\"}", "data": {"srcip": "10.0.0.10", "dstport": "80", "url": "/api/users/1", "http_method": "POST"}, "mitre": {"id": ["T1566.001"], "tactic": ["Persistence"]}}
{"timestamp": "2026-09-25T06:51:42.402+0000", "rule": {"level": 5, "description": "File integrity monitoring: file modified.", "id": "554", "firedtimes": 12, "mail": false, "groups": ["syscheck", "file_integrity"]}, "agent": {"id": "002", "name": "WIN-CLIENT-02", "ip": "10.0.0.22"}, "manager": {"name": "wazuh.manager"}, "decoder": {"name": "syscheck"}, "location": "sshd", "id": "1790319102.000341", "full_log": "{\"path\":\"/opt/app/config.yml\",\"action\":\"modified\"}", "data": {"path": "/opt/app/config.yml", "action": "modified"}, "mitre": {"id": ["T1110", "T1110.001"], "tactic": ["Initial Access"]}}
{"timestamp": "2026-09-21T19:57:42.402+0000", "rule": {"level": 12, "description": "Possible exploitation attempt detected.", "id": "80700", "firedtimes": 11, "mail": true, "groups": ["exploit", "attack"]}, "agent": {"id": "003", "name": "LINUX-SERVER-01", "ip": "10.0.0.31"}, "manager": {"name": "wazuh.manager"}, "decoder": {"name": "json"}, "location": "syscheck", "id": "1790020662.000342", "full_log": "{\"srcip\":\"10.0.0.10\",\"dstip\":\"10.0.0.31\",\"dstport\":\"443\"}", "data": {"srcip": "10.0.0.10", "dstip": "10.0.0.31", "dstport": "443"}, "mitre": {"id": ["T1071.001"], "tactic": ["Execution"]}}
{"timestamp": "2026-09-27T04:39:42.402+0000", "rule": {"level": 9, "description": "Suricata: IDS alert detected.", "id": "86601", "firedtimes": 8, "mail": false, "groups": ["ids", "suricata"]}, "agent": {"id": "004", "name": "WEB-SERVER-01", "ip": "10.0.0.41"}, "manager": {"name": "wazuh.manager"}, "decoder": {"name": "sshd"}, "location": "EventChannel", "id": "1790483982.000343", "full_log": "{\"srcip\":\"10.0.0.15\",\"dstip\":\"10.0.0.41\",\"srcport\":11518,\"dstport\":443,\"protocol\":\"UDP\"}", "data": {"srcip": "10.0.0.15", "dstip": "10.0.0.41", "srcport": 11518, "dstport": 443, "protocol": "UDP"}, "mitre": {"id": ["T1071.001"], "tactic": ["Execution"]}}
{"timestamp": "2026-09-23T10:38:42.402+0000", "rule": {"level": 10, "description": "sshd: Attempt to login using a non-existent user.", "id": "5710", "firedtimes": 1, "mail": false, "groups": ["authentication_failed", "sshd"]}, "agent": {"id": "005", "name": "DB-SERVER-01", "ip": "10.0.0.51"}, "manager": {"name": "wazuh.manager"}, "decoder": {"name": "suricata"}, "location": "syscheck", "id": "1790159922.000344", "full_log": "{\"srcip\":\"172.16.0.25\",\"srcuser\":\"john\",\"dstuser\":\"john\",\"dstport\":\"22\",\"protocol\":\"ssh\"}", "data": {"srcip": "172.16.0.25", "srcuser": "john", "dstuser": "john", "dstport": "22", "protocol": "ssh"}, "mitre": {"id": ["T1190"], "tactic": ["Command and Control"]}}
{"timestamp": "2026-09-26T05:02:42.402+0000", "rule": {"level": 10, "description": "sshd: brute force trying to get access to the system.", "id": "5763", "firedtimes": 12, "mail": false, "groups": ["authentication_failed", "sshd", "brute_force"]}, "agent": {"id": "001", "name": "WIN-CLIENT-01", "ip": "10.0.0.21"}, "manager": {"name": "wazuh.manager"}, "decoder": {"name": "sshd"}, "location": "syscheck", "id": "1790398962.000345", "full_log": "{\"srcip\":\"172.16.0.25\",\"srcuser\":\"administrator\",\"dstuser\":\"administrator\",\"dstport\":\"22\",\"protocol\":\"ssh\"}", "data": {"srcip": "172.16.0.25", "srcuser": "administrator", "dstuser": "administrator", "dstport": "22", "protocol": "ssh"}, "mitre": {"id": ["T1203"], "tactic": ["Credential Access"]}}
{"timestamp": "2026-09-27T21:24:42.402+0000", "rule": {"level": 8, "description": "Windows Defender: Malware detected.", "id": "60122", "firedtimes": 6, "mail": false, "groups": ["windows", "windows_defender", "malware"]}, "agent": {"id": "002", "name": "WIN-CLIENT-02", "ip": "10.0.0.22"}, "manager": {"name": "wazuh.manager"}, "decoder": {"name": "windows"}, "location": "syscheck", "id": "1790544282.000346", "full_log": "{\"win\":{\"system\":{\"eventID\":1116},\"win_defender\":{\"threatName\":\"Trojan:Win32/TestThreat\",\"action\":\"Quarantine\"}}}", "data": {"win": {"system": {"eventID": 1116}, "win_defender": {"threatName": "Trojan:Win32/TestThreat", "action": "Quarantine"}}}, "mitre": {"id": ["T1190"], "tactic": ["Credential Access"]}}
{"timestamp": "2026-09-24T07:23:42.402+0000", "rule": {"level": 7, "description": "Windows PowerShell execution detected.", "id": "92032", "firedtimes": 10, "mail": false, "groups": ["windows", "powershell"]}, "agent": {"id": "003", "name": "LINUX-SERVER-01", "ip": "10.0.0.31"}, "manager": {"name": "wazuh.manager"}, "decoder": {"name": "syscheck"}, "location": "suricata", "id": "1790234622.000347", "full_log": "{\"win\":{\"system\":{\"eventID\":4688},\"eventdata\":{\"commandLine\":\"powershell.exe -Command Get-Service\",\"user\":\"alice\"}}}", "data": {"win": {"system": {"eventID": 4688}, "eventdata": {"commandLine": "powershell.exe -Command Get-Service", "user": "alice"}}}, "mitre": {"id": ["T1190"], "tactic": ["Command and Control"]}}
{"timestamp": "2026-09-22T14:56:42.402+0000", "rule": {"level": 7, "description": "Web application attack detected.", "id": "61603", "firedtimes": 10, "mail": false, "groups": ["web", "attack", "ids"]}, "agent": {"id": "004", "name": "WEB-SERVER-01", "ip": "10.0.0.41"}, "manager": {"name": "wazuh.manager"}, "decoder": {"name": "suricata"}, "location": "Security", "id": "1790089002.000348", "full_log": "{\"srcip\":\"10.0.0.99\",\"dstport\":\"443\",\"url\":\"/search?q=%27%20OR%201%3D1--\",\"http_method\":\"POST\"}", "data": {"srcip": "10.0.0.99", "dstport": "443", "url": "/search?q=%27%20OR%201%3D1--", "http_method": "POST"}, "mitre": {"id": ["T1071.001"], "tactic": ["Execution"]}}
{"timestamp": "2026-09-24T21:16:42.402+0000", "rule": {"level": 5, "description": "File integrity monitoring: file modified.", "id": "554", "firedtimes": 2, "mail": false, "groups": ["syscheck", "file_integrity"]}, "agent": {"id": "005", "name": "DB-SERVER-01", "ip": "10.0.0.51"}, "manager": {"name": "wazuh.manager"}, "decoder": {"name": "sshd"}, "location": "sshd", "id": "1790284602.000349", "full_log": "{\"path\":\"/var/www/html/index.php\",\"action\":\"modified\"}", "data": {"path": "/var/www/html/index.php", "action": "modified"}, "mitre": {"id": ["T1071.001"], "tactic": ["Execution"]}}
{"timestamp": "2026-09-27T03:14:42.402+0000", "rule": {"level": 12, "description": "Possible exploitation attempt detected.", "id": "80700", "firedtimes": 3, "mail": true, "groups": ["exploit", "attack"]}, "agent": {"id": "001", "name": "WIN-CLIENT-01", "ip": "10.0.0.21"}, "manager": {"name": "wazuh.manager"}, "decoder": {"name": "suricata"}, "location": "EventChannel", "id": "1790478882.000350", "full_log": "{\"srcip\":\"172.16.0.25\",\"dstip\":\"10.0.0.21\",\"dstport\":\"3389\"}", "data": {"srcip": "172.16.0.25", "dstip": "10.0.0.21", "dstport": "3389"}, "mitre": {"id": ["T1190"], "tactic": ["Execution"]}}
{"timestamp": "2026-09-26T20:38:42.402+0000", "rule": {"level": 9, "description": "Suricata: IDS alert detected.", "id": "86601", "firedtimes": 9, "mail": false, "groups": ["ids", "suricata"]}, "agent": {"id": "002", "name": "WIN-CLIENT-02", "ip": "10.0.0.22"}, "manager": {"name": "wazuh.manager"}, "decoder": {"name": "sshd"}, "location": "EventChannel", "id": "1790455122.000351", "full_log": "{\"srcip\":\"192.168.1.55\",\"dstip\":\"10.0.0.22\",\"srcport\":61262,\"dstport\":8080,\"protocol\":\"TCP\"}", "data": {"srcip": "192.168.1.55", "dstip": "10.0.0.22", "srcport": 61262, "dstport": 8080, "protocol": "TCP"}, "mitre": {"id": ["T1203"], "tactic": ["Execution"]}}
{"timestamp": "2026-09-23T10:50:42.402+0000", "rule": {"level": 10, "description": "sshd: Attempt to login using a non-existent user.", "id": "5710", "firedtimes": 10, "mail": false, "groups": ["authentication_failed", "sshd"]}, "agent": {"id": "003", "name": "LINUX-SERVER-01", "ip": "10.0.0.31"}, "manager": {"name": "wazuh.manager"}, "decoder": {"name": "json"}, "location": "sshd", "id": "1790160642.000352", "full_log": "{\"srcip\":\"10.0.0.99\",\"srcuser\":\"john\",\"dstuser\":\"john\",\"dstport\":\"22\",\"protocol\":\"ssh\"}", "data": {"srcip": "10.0.0.99", "srcuser": "john", "dstuser": "john", "dstport": "22", "protocol": "ssh"}, "mitre": {"id": ["T1110", "T1110.001"], "tactic": ["Persistence"]}}
{"timestamp": "2026-09-22T21:01:42.402+0000", "rule": {"level": 10, "description": "sshd: brute force trying to get access to the system.", "id": "5763", "firedtimes": 9, "mail": false, "groups": ["authentication_failed", "sshd", "brute_force"]}, "agent": {"id": "004", "name": "WEB-SERVER-01", "ip": "10.0.0.41"}, "manager": {"name": "wazuh.manager"}, "decoder": {"name": "suricata"}, "location": "EventChannel", "id": "1790110902.000353", "full_log": "{\"srcip\":\"10.0.0.15\",\"srcuser\":\"john\",\"dstuser\":\"john\",\"dstport\":\"22\",\"protocol\":\"ssh\"}", "data": {"srcip": "10.0.0.15", "srcuser": "john", "dstuser": "john", "dstport": "22", "protocol": "ssh"}, "mitre": {"id": ["T1190"], "tactic": ["Persistence"]}}
{"timestamp": "2026-09-26T01:14:42.402+0000", "rule": {"level": 8, "description": "Windows Defender: Malware detected.", "id": "60122", "firedtimes": 2, "mail": false, "groups": ["windows", "windows_defender", "malware"]}, "agent": {"id": "005", "name": "DB-SERVER-01", "ip": "10.0.0.51"}, "manager": {"name": "wazuh.manager"}, "decoder": {"name": "suricata"}, "location": "Security", "id": "1790385282.000354", "full_log": "{\"win\":{\"system\":{\"eventID\":1116},\"win_defender\":{\"threatName\":\"Trojan:Win32/TestThreat\",\"action\":\"Quarantine\"}}}", "data": {"win": {"system": {"eventID": 1116}, "win_defender": {"threatName": "Trojan:Win32/TestThreat", "action": "Quarantine"}}}, "mitre": {"id": ["T1547.001"], "tactic": ["Execution"]}}
{"timestamp": "2026-09-24T15:30:42.402+0000", "rule": {"level": 7, "description": "Windows PowerShell execution detected.", "id": "92032", "firedtimes": 9, "mail": false, "groups": ["windows", "powershell"]}, "agent": {"id": "001", "name": "WIN-CLIENT-01", "ip": "10.0.0.21"}, "manager": {"name": "wazuh.manager"}, "decoder": {"name": "windows"}, "location": "syscheck", "id": "1790263842.000355", "full_log": "{\"win\":{\"system\":{\"eventID\":4688},\"eventdata\":{\"commandLine\":\"powershell.exe -Command whoami\",\"user\":\"svc-backup\"}}}", "data": {"win": {"system": {"eventID": 4688}, "eventdata": {"commandLine": "powershell.exe -Command whoami", "user": "svc-backup"}}}, "mitre": {"id": ["T1547.001"], "tactic": ["Persistence"]}}
