{"timestamp": "2026-09-22T13:21:42.402+0000", "rule": {"level": 7, "description": "Web application attack detected.", "id": "61603", "firedtimes": 8, "mail": false, "groups": ["web", "attack", "ids"]}, "agent": {"id": "004", "name": "WEB-SERVER-01", "ip": "10.0.0.41"}, "manager": {"name": "wazuh.manager"}, "decoder": {"name": "windows"}, "location": "Security", "id": "1790083302.000788", "full_log": "{\"srcip\":\"10.0.0.15\",\"dstport\":\"443\",\"url\":\"/search?q=%27%20OR%201%3D1--\",\"http_method\":\"GET\"}", "data": {"srcip": "10.0.0.15", "dstport": "443", "url": "/search?q=%27%20OR%201%3D1--", "http_method": "GET"}, "mitre": {"id": ["T1110", "T1110.001"], "tactic": ["Credential Access"]}}
{"timestamp": "2026-09-22T02:58:42.402+0000", "rule": {"level": 5, "description": "File integrity monitoring: file modified.", "id": "554", "firedtimes": 8, "mail": false, "groups": ["syscheck", "file_integrity"]}, "agent": {"id": "005", "name": "DB-SERVER-01", "ip": "10.0.0.51"}, "manager": {"name": "wazuh.manager"}, "decoder": {"name": "json"}, "location": "EventChannel", "id": "1790045922.000789", "full_log": "{\"path\":\"/var/www/html/index.php\",\"action\":\"modified\"}", "data": {"path": "/var/www/html/index.php", "action": "modified"}, "mitre": {"id": ["T1059.001"], "tactic": ["Credential Access"]}}
{"timestamp": "2026-09-21T18:04:42.402+0000", "rule": {"level": 12, "description": "Possible exploitation attempt detected.", "id": "80700", "firedtimes": 12, "mail": true, "groups": ["exploit", "attack"]}, "agent": {"id": "001", "name": "WIN-CLIENT-01", "ip": "10.0.0.21"}, "manager": {"name": "wazuh.manager"}, "decoder": {"name": "windows"}, "location": "EventChannel", "id": "1790013882.000790", "full_log": "{\"srcip\":\"172.16.0.25\",\"dstip\":\"10.0.0.21\",\"dstport\":\"80\"}", "data": {"srcip": "172.16.0.25", "dstip": "10.0.0.21", "dstport": "80"}, "mitre": {"id": ["T1566.001"], "tactic": ["Credential Access"]}}
{"timestamp": "2026-09-27T04:29:42.402+0000", "rule": {"level": 9, "description": "Suricata: IDS alert detected.", "id": "86601", "firedtimes": 9, "mail": false, "groups": ["ids", "suricata"]}, "agent": {"id": "002", "name": "WIN-CLIENT-02", "ip": "10.0.0.22"}, "manager": {"name": "wazuh.manager"}, "decoder": {"name": "sshd"}, "location": "Security", "id": "1790483382.000791", "full_log": "{\"srcip\":\"172.16.0.25\",\"dstip\":\"10.0.0.22\",\"srcport\":29601,\"dstport\":445,\"protocol\":\"TCP\"}", "data": {"srcip": "172.16.0.25", "dstip": "10.0.0.22", "srcport": 29601, "dstport": 445, "protocol": "TCP"}, "mitre": {"id": ["T1190"], "tactic": ["Persistence"]}}
{"timestamp": "2026-09-22T16:50:42.402+0000", "rule": {"level": 10, "description": "sshd: Attempt to login using a non-existent user.", "id": "5710", "firedtimes": 6, "mail": false, "groups": ["authentication_failed", "sshd"]}, "agent": {"id": "003", "name": "LINUX-SERVER-01", "ip": "10.0.0.31"}, "manager": {"name": "wazuh.manager"}, "decoder": {"name": "windows"}, "location": "sshd", "id": "1790095842.000792", "full_log": "{\"srcip\":\"192.168.1.55\",\"srcuser\":\"alice\",\"dstuser\":\"alice\",\"dstport\":\"22\",\"protocol\":\"ssh\"}", "data": {"srcip": "192.168.1.55", "srcuser": "alice", "dstuser": "alice", "dstport": "22", "protocol": "ssh"}, "mitre": {"id": ["T1190"], "tactic": ["Credential Access"]}}
{"timestamp": "2026-09-22T08:30:42.402+0000", "rule": {"level": 10, "description": "sshd: brute force trying to get access to the system.", "id": "5763", "firedtimes": 6, "mail": false, "groups": ["authentication_failed", "sshd", "brute_force"]}, "agent": {"id": "004", "name": "WEB-SERVER-01", "ip": "10.0.0.41"}, "manager": {"name": "wazuh.manager"}, "decoder": {"name": "json"}, "location": "EventChannel", "id": "1790065842.000793", "full_log": "{\"srcip\":\"10.0.0.99\",\"srcuser\":\"alice\",\"dstuser\":\"alice\",\"dstport\":\"22\",\"protocol\":\"ssh\"}", "data": {"srcip": "10.0.0.99", "srcuser": "alice", "dstuser": "alice", "dstport": "22", "protocol": "ssh"}, "mitre": {"id": ["T1547.001"], "tactic": ["Initial Access"]}}
{"timestamp": "2026-09-23T15:12:42.402+0000", "rule": {"level": 8, "description": "Windows Defender: Malware detected.", "id": "60122", "firedtimes": 7, "mail": false, "groups": ["windows", "windows_defender", "malware"]}, "agent": {"id": "005", "name": "DB-SERVER-01", "ip": "10.0.0.51"}, "manager": {"name": "wazuh.manager"}, "decoder": {"name": "sshd"}, "location": "sshd", "id": "1790176362.000794", "full_log": "{\"win\":{\"system\":{\"eventID\":1116},\"win_defender\":{\"threatName\":\"Trojan:Win32/TestThreat\",\"action\":\"Quarantine\"}}}", "data": {"win": {"system": {"eventID": 1116}, "win_defender": {"threatName": "Trojan:Win32/TestThreat", "action": "Quarantine"}}}, "mitre": {"id": ["T1071.001"], "tactic": ["Persistence"]}}
{"timestamp": "2026-09-22T12:54:42.402+0000", "rule": {"level": 7, "description": "Windows PowerShell execution detected.", "id": "92032", "firedtimes": 11, "mail": false, "groups": ["windows", "powershell"]}, "agent": {"id": "001", "name": "WIN-CLIENT-01", "ip": "10.0.0.21"}, "manager": {"name": "wazuh.manager"}, "decoder": {"name": "syscheck"}, "location": "syscheck", "id": "1790081682.000795", "full_log": "{\"win\":{\"system\":{\"eventID\":4688},\"eventdata\":{\"commandLine\":\"powershell.exe -ExecutionPolicy Bypass -Command Get-Process\",\"user\":\"john\"}}}", "data": {"win": {"system": {"eventID": 4688}, "eventdata": {"commandLine": "powershell.exe -ExecutionPolicy Bypass -Command Get-Process", "user": "john"}}}, "mitre": {"id": ["T1059.001"], "tactic": ["Credential Access"]}}
{"timestamp": "2026-09-23T12:28:42.402+0000", "rule": {"level": 7, "description": "Web application attack detected.", "id": "61603", "firedtimes": 7, "mail": false, "groups": ["web", "attack", "ids"]}, "agent": {"id": "002", "name": "WIN-CLIENT-02", "ip": "10.0.0.22"}, "manager": {"name": "wazuh.manager"}, "decoder": {"name": "json"}, "location": "suricata", "id": "1790166522.000796", "full_log": "{\"srcip\":\"10.0.0.10\",\"dstport\":\"8080\",\"url\":\"/search?q=%27%20OR%201%3D1--\",\"http_method\":\"POST\"}", "data": {"srcip": "10.0.0.10", "dstport": "8080", "url": "/search?q=%27%20OR%201%3D1--", "http_method": "POST"}, "mitre": {"id": ["T1071.001"], "tactic": ["Initial Access"]}}
{"timestamp": "2026-09-27T00:11:42.402+0000", "rule": {"level": 5, "description": "File integrity monitoring: file modified.", "id": "554", "firedtimes": 1, "mail": false, "groups": ["syscheck", "file_integrity"]}, "agent": {"id": "003", "name": "LINUX-SERVER-01", "ip": "10.0.0.31"}, "manager": {"name": "wazuh.manager"}, "decoder": {"name": "windows"}, "location": "Security", "id": "1790467902.000797", "full_log": "{\"path\":\"/etc/passwd\",\"action\":\"modified\"}", "data": {"path": "/etc/passwd", "action": "modified"}, "mitre": {"id": ["T1203"], "tactic": ["Credential Access"]}}
{"timestamp": "2026-09-25T22:28:42.402+0000", "rule": {"level": 12, "description": "Possible exploitation attempt detected.", "id": "80700", "firedtimes": 11, "mail": true, "groups": ["exploit", "attack"]}, "agent": {"id": "004", "name": "WEB-SERVER-01", "ip": "10.0.0.41"}, "manager": {"name": "wazuh.manager"}, "decoder": {"name": "suricata"}, "location": "EventChannel", "id": "1790375322.000798", "full_log": "{\"srcip\":\"10.0.0.10\",\"dstip\":\"10.0.0.41\",\"dstport\":\"8080\"}", "data": {"srcip": "10.0.0.10", "dstip": "10.0.0.41", "dstport": "8080"}, "mitre": {"id": ["T1071.001"], "tactic": ["Command and Control"]}}
{"timestamp": "2026-09-23T00:25:42.402+0000", "rule": {"level": 9, "description": "Suricata: IDS alert detected.", "id": "86601", "firedtimes": 12, "mail": false, "groups": ["ids", "suricata"]}, "agent": {"id": "005", "name": "DB-SERVER-01", "ip": "10.0.0.51"}, "manager": {"name": "wazuh.manager"}, "decoder": {"name": "sshd"}, "location": "EventChannel", "id": "1790123142.000799", "full_log": "{\"srcip\":\"192.168.1.55\",\"dstip\":\"10.0.0.51\",\"srcport\":61632,\"dstport\":22,\"protocol\":\"TCP\"}", "data": {"srcip": "192.168.1.55", "dstip": "10.0.0.51", "srcport": 61632, "dstport": 22, "protocol": "TCP"}, "mitre": {"id": ["T1071.001"], "tactic": ["Credential Access"]}}
{"timestamp": "2026-09-26T16:25:42.402+0000", "rule": {"level": 10, "description": "sshd: Attempt to login using a non-existent user.", "id": "5710", "firedtimes": 4, "mail": false, "groups": ["authentication_failed", "sshd"]}, "agent": {"id": "001", "name": "WIN-CLIENT-01", "ip": "10.0.0.21"}, "manager": {"name": "wazuh.manager"}, "decoder": {"name": "sshd"}, "location": "Security", "id": "1790439942.000800", "full_log": "{\"srcip\":\"192.168.1.55\",\"srcuser\":\"administrator\",\"dstuser\":\"administrator\",\"dstport\":\"22\",\"protocol\":\"ssh\"}", "data": {"srcip": "192.168.1.55", "srcuser": "administrator", "dstuser": "administrator", "dstport": "22", "protocol": "ssh"}, "mitre": {"id": ["T1059.001"], "tactic": ["Credential Access"]}}
{"timestamp": "2026-09-24T19:40:42.402+0000", "rule": {"level": 10, "description": "sshd: brute force trying to get access to the system.", "id": "5763", "firedtimes": 10, "mail": false, "groups": ["authentication_failed", "sshd", "brute_force"]}, "agent": {"id": "002", "name": "WIN-CLIENT-02", "ip": "10.0.0.22"}, "manager": {"name": "wazuh.manager"}, "decoder": {"name": "sshd"}, "location": "suricata", "id": "1790278842.000801", "full_log": "{\"srcip\":\"10.0.0.10\",\"srcuser\":\"john\",\"dstuser\":\"john\",\"dstport\":\"22\",\"protocol\":\"ssh\"}", "data": {"srcip": "10.0.0.10", "srcuser": "john", "dstuser": "john", "dstport": "22", "protocol": "ssh"}, "mitre": {"id": ["T1110", "T1110.001"], "tactic": ["Credential Access"]}}
{"timestamp": "2026-09-22T14:55:42.402+0000", "rule": {"level": 8, "description": "Windows Defender: Malware detected.", "id": "60122", "firedtimes": 4, "mail": false, "groups": ["windows", "windows_defender", "malware"]}, "agent": {"id": "003", "name": "LINUX-SERVER-01", "ip": "10.0.0.31"}, "manager": {"name": "wazuh.manager"}, "decoder": {"name": "json"}, "location": "syscheck", "id": "1790088942.000802", "full_log": "{\"win\":{\"system\":{\"eventID\":1116},\"win_defender\":{\"threatName\":\"PUA:Win32/Example\",\"action\":\"Quarantine\"}}}", "data": {"win": {"system": {"eventID": 1116}, "win_defender": {"threatName": "PUA:Win32/Example", "action": "Quarantine"}}}, "mitre": {"id": ["T1190"], "tactic": ["Initial Access"]}}
{"timestamp": "2026-09-25T21:31:42.402+0000", "rule": {"level": 7, "description": "Windows PowerShell execution detected.", "id": "92032", "firedtimes": 6, "mail": false, "groups": ["windows", "powershell"]}, "agent": {"id": "004", "name": "WEB-SERVER-01", "ip": "10.0.0.41"}, "manager": {"name": "wazuh.manager"}, "decoder": {"name": "sshd"}, "location": "Security", "id": "1790371902.000803", "full_log": "{\"win\":{\"system\":{\"eventID\":4688},\"eventdata\":{\"commandLine\":\"powershell.exe -Command whoami\",\"user\":\"administrator\"}}}", "data": {"win": {"system": {"eventID": 4688}, "eventdata": {"commandLine": "powershell.exe -Command whoami", "user": "administrator"}}}, "mitre": {"id": ["T1566.001"], "tactic": ["Execution"]}}
{"timestamp": "2026-09-25T03:21:42.402+0000", "rule": {"level": 7, "description": "Web application attack detected.", "id": "61603", "firedtimes": 3, "mail": false, "groups": ["web", "attack", "ids"]}, "agent": {"id": "005", "name": "DB-SERVER-01", "ip": "10.0.0.51"}, "manager": {"name": "wazuh.manager"}, "decoder": {"name": "windows"}, "location": "suricata", "id": "1790306502.000804", "full_log": "{\"srcip\":\"10.0.0.10\",\"dstport\":\"443\",\"url\":\"/search?q=%27%20OR%201%3D1--\",\"http_method\":\"POST\"}", "data": {"srcip": "10.0.0.10", "dstport": "443", "url": "/search?q=%27%20OR%201%3D1--", "http_method": "POST"}, "mitre": {"id": ["T1059.001"], "tactic": ["Persistence"]}}
{"timestamp": "2026-09-24T02:16:42.402+0000", "rule": {"level": 5, "description": "File integrity monitoring: file modified.", "id": "554", "firedtimes": 2, "mail": false, "groups": ["syscheck", "file_integrity"]}, "agent": {"id": "001", "name": "WIN-CLIENT-01", "ip": "10.0.0.21"}, "manager": {"name": "wazuh.manager"}, "decoder": {"name": "suricata"}, "location": "EventChannel", "id": "1790216202.000805", "full_log": "{\"path\":\"/etc/ssh/sshd_config\",\"action\":\"modified\"}", "data": {"path": "/etc/ssh/sshd_config", "action": "modified"}, "mitre": {"id": ["T1547.001"], "tactic": ["Execution"]}}
{"timestamp": "2026-09-21T12:01:42.402+0000", "rule": {"level": 12, "description": "Possible exploitation attempt detected.", "id": "80700", "firedtimes": 1, "mail": true, "groups": ["exploit", "attack"]}, "agent": {"id": "002", "name": "WIN-CLIENT-02", "ip": "10.0.0.22"}, "manager": {"name": "wazuh.manager"}, "decoder": {"name": "sshd"}, "location": "Security", "id": "1789992102.000806", "full_log": "{\"srcip\":\"172.16.0.25\",\"dstip\":\"10.0.0.22\",\"dstport\":\"22\"}", "data": {"srcip": "172.16.0.25", "dstip": "10.0.0.22", "dstport": "22"}, "mitre": {"id": ["T1071.001"], "tactic": ["Command and Control"]}}
{"timestamp": "2026-09-24T13:13:42.402+0000", "rule": {"level": 9, "description": "Suricata: IDS alert detected.", "id": "86601", "firedtimes": 4, "mail": false, "groups": ["ids", "suricata"]}, "agent": {"id": "003", "name": "LINUX-SERVER-01", "ip": "10.0.0.31"}, "manager": {"name": "wazuh.manager"}, "decoder": {"name": "sshd"}, "location": "sshd", "id": "1790255622.000807", "full_log": "{\"srcip\":\"172.16.0.25\",\"dstip\":\"10.0.0.31\",\"srcport\":53938,\"dstport\":445,\"protocol\":\"TCP\"}", "data": {"srcip": "172.16.0.25", "dstip": "10.0.0.31", "srcport": 53938, "dstport": 445, "protocol": "TCP"}, "mitre": {"id": ["T1566.001"], "tactic": ["Persistence"]}}
{"timestamp": "2026-09-26T00:15:42.402+0000", "rule": {"level": 10, "description": "sshd: Attempt to login using a non-existent user.", "id": "5710", "firedtimes": 10, "mail": false, "groups": ["authentication_failed", "sshd"]}, "agent": {"id": "004", "name": "WEB-SERVER-01", "ip": "10.0.0.41"}, "manager": {"name": "wazuh.manager"}, "decoder": {"name": "json"}, "location": "suricata", "id": "1790381742.000808", "full_log": "{\"srcip\":\"10.0.0.15\",\"srcuser\":\"admin\",\"dstuser\":\"admin\",\"dstport\":\"22\",\"protocol\":\"ssh\"}", "data": {"srcip": "10.0.0.15", "srcuser": "admin", "dstuser": "admin", "dstport": "22", "protocol": "ssh"}, "mitre": {"id": ["T1059.001"], "tactic": ["Persistence"]}}
{"timestamp": "2026-09-28T06:52:42.402+0000", "rule": {"level": 10, "description": "sshd: brute force trying to get access to the system.", "id": "5763", "firedtimes": 5, "mail": false, "groups": ["authentication_failed", "sshd", "brute_force"]}, "agent": {"id": "005", "name": "DB-SERVER-01", "ip": "10.0.0.51"}, "manager": {"name": "wazuh.manager"}, "decoder": {"name": "windows"}, "location": "EventChannel", "id": "1790578362.000809", "full_log": "{\"srcip\":\"10.0.0.10\",\"srcuser\":\"root\",\"dstuser\":\"root\",\"dstport\":\"22\",\"protocol\":\"ssh\"}", "data": {"srcip": "10.0.0.10", "srcuser": "root", "dstuser": "root", "dstport": "22", "protocol": "ssh"}, "mitre": {"id": ["T1110", "T1110.001"], "tactic": ["Command and Control"]}}
{"timestamp": "2026-09-24T00:05:42.402+0000", "rule": {"level": 8, "description": "Windows Defender: Malware detected.", "id": "60122", "firedtimes": 2, "mail": false, "groups": ["windows", "windows_defender", "malware"]}, "agent": {"id": "001", "name": "WIN-CLIENT-01", "ip": "10.0.0.21"}, "manager": {"name": "wazuh.manager"}, "decoder": {"name": "suricata"}, "location": "sshd", "id": "1790208342.000810", "full_log": "{\"win\":{\"system\":{\"eventID\":1116},\"win_defender\":{\"threatName\":\"PUA:Win32/Example\",\"action\":\"Quarantine\"}}}", "data": {"win": {"system": {"eventID": 1116}, "win_defender": {"threatName": "PUA:Win32/Example", "action": "Quarantine"}}}, "mitre": {"id": ["T1547.001"], "tactic": ["Command and Control"]}}
{"timestamp": "2026-09-27T02:20:42.402+0000", "rule": {"level": 7, "description": "Windows PowerShell execution detected.", "id": "92032", "firedtimes": 5, "mail": false, "groups": ["windows", "powershell"]}, "agent": {"id": "002", "name": "WIN-CLIENT-02", "ip": "10.0.0.22"}, "manager": {"name": "wazuh.manager"}, "decoder": {"name": "json"}, "location": "syscheck", "id": "1790475642.000811", "full_log": "{\"win\":{\"system\":{\"eventID\":4688},\"eventdata\":{\"commandLine\":\"powershell.exe -Command whoami\",\"user\":\"john\"}}}", "data": {"win": {"system": {"eventID": 4688}, "eventdata": {"commandLine": "powershell.exe -Command whoami", "user": "john"}}}, "mitre": {"id": ["T1110", "T1110.001"], "tactic": ["Execution"]}}
{"timestamp": "2026-09-26T17:17:42.402+0000", "rule": {"level": 7, "description": "Web application attack detected.", "id": "61603", "firedtimes": 11, "mail": false, "groups": ["web", "attack", "ids"]}, "agent": {"id": "003", "name": "LINUX-SERVER-01", "ip": "10.0.0.31"}, "manager": {"name": "wazuh.manager"}, "decoder": {"name": "windows"}, "location": "sshd", "id": "1790443062.000812", "full_log": "{\"srcip\":\"172.16.0.25\",\"dstport\":\"80\",\"url\":\"/login?user=admin\",\"http_method\":\"GET\"}", "data": {"srcip": "172.16.0.25", "dstport": "80", "url": "/login?user=admin", "http_method": "GET"}, "mitre": {"id": ["T1059.001"], "tactic": ["Persistence"]}}
{"timestamp": "2026-09-24T04:23:42.402+0000", "rule": {"level": 5, "description": "File integrity monitoring: file modified.", "id": "554", "firedtimes": 1, "mail": false, "groups": ["syscheck", "file_integrity"]}, "agent": {"id": "004", "name": "WEB-SERVER-01", "ip": "10.0.0.41"}, "manager": {"name": "wazuh.manager"}, "decoder": {"name": "json"}, "location": "Security", "id": "1790223822.000813", "full_log": "{\"path\":\"/opt/app/config.yml\",\"action\":\"modified\"}", "data": {"path": "/opt/app/config.yml", "action": "modified"}, "mitre": {"id": ["T1566.001"], "tactic": ["Execution"]}}
{"timestamp": "2026-09-23T02:54:42.402+0000", "rule": {"level": 12, "description": "Possible exploitation attempt detected.", "id": "80700", "firedtimes": 2, "mail": true, "groups": ["exploit", "attack"]}, "agent": {"id": "005", "name": "DB-SERVER-01", "ip": "10.0.0.51"}, "manager": {"name": "wazuh.manager"}, "decoder": {"name": "json"}, "location": "syscheck", "id": "1790132082.000814", "full_log": "{\"srcip\":\"10.0.0.10\",\"dstip\":\"10.0.0.51\",\"dstport\":\"3389\"}", "data": {"srcip": "10.0.0.10", "dstip": "10.0.0.51", "dstport": "3389"}, "mitre": {"id": ["T1071.001"], "tactic": ["Persistence"]}}
{"timestamp": "2026-09-28T01:35:42.402+0000", "rule": {"level": 9, "description": "Suricata: IDS alert detected.", "id": "86601", "firedtimes": 4, "mail": false, "groups": ["ids", "suricata"]}, "agent": {"id": "001", "name": "WIN-CLIENT-01", "ip": "10.0.0.21"}, "manager": {"name": "wazuh.manager"}, "decoder": {"name": "json"}, "location": "sshd", "id": "1790559342.000815", "full_log": "{\"srcip\":\"192.168.1.55\",\"dstip\":\"10.0.0.21\",\"srcport\":28487,\"dstport\":80,\"protocol\":\"UDP\"}", "data": {"srcip": "192.168.1.55", "dstip": "10.0.0.21", "srcport": 28487, "dstport": 80, "protocol": "UDP"}, "mitre": {"id": ["T1059.001"], "tactic": ["Credential Access"]}}
{"timestamp": "2026-09-24T00:29:42.402+0000", "rule": {"level": 10, "description": "sshd: Attempt to login using a non-existent user.", "id": "5710", "firedtimes": 7, "mail": false, "groups": ["authentication_failed", "sshd"]}, "agent": {"id": "002", "name": "WIN-CLIENT-02", "ip": "10.0.0.22"}, "manager": {"name": "wazuh.manager"}, "decoder": {"name": "sshd"}, "location": "Security", "id": "1790209782.000816", "full_log": "{\"srcip\":\"172.16.0.25\",\"srcuser\":\"admin\",\"dstuser\":\"admin\",\"dstport\":\"22\",\"protocol\":\"ssh\"}", "data": {"srcip": "172.16.0.25", "srcuser": "admin", "dstuser": "admin", "dstport": "22", "protocol": "ssh"}, "mitre": {"id": ["T1190"], "tactic": ["Command and Control"]}}
{"timestamp": "2026-09-26T20:01:42.402+0000", "rule": {"level": 10, "description": "sshd: brute force trying to get access to the system.", "id": "5763", "firedtimes": 3, "mail": false, "groups": ["authentication_failed", "sshd", "brute_force"]}, "agent": {"id": "003", "name": "LINUX-SERVER-01", "ip": "10.0.0.31"}, "manager": {"name": "wazuh.manager"}, "decoder": {"name": "sshd"}, "location": "suricata", "id": "1790452902.000817", "full_log": "{\"srcip\":\"10.0.0.10\",\"srcuser\":\"john\",\"dstuser\":\"john\",\"dstport\":\"22\",\"protocol\":\"ssh\"}", "data": {"srcip": "10.0.0.10", "srcuser": "john", "dstuser": "john", "dstport": "22", "protocol": "ssh"}, "mitre": {"id": ["T1190"], "tactic": ["Execution"]}}
{"timestamp": "2026-09-25T17:31:42.402+0000", "rule": {"level": 8, "description": "Windows Defender: Malware detected.", "id": "60122", "firedtimes": 12, "mail": false, "groups": ["windows", "windows_defender", "malware"]}, "agent": {"id": "004", "name": "WEB-SERVER-01", "ip": "10.0.0.41"}, "manager": {"name": "wazuh.manager"}, "decoder": {"name": "sshd"}, "location": "sshd", "id": "1790357502.000818", "full_log": "{\"win\":{\"system\":{\"eventID\":1116},\"win_defender\":{\"threatName\":\"Backdoor:Win32/Sample\",\"action\":\"Quarantine\"}}}", "data": {"win": {"system": {"eventID": 1116}, "win_defender": {"threatName": "Backdoor:Win32/Sample", "action": "Quarantine"}}}, "mitre": {"id": ["T1203"], "tactic": ["Execution"]}}
{"timestamp": "2026-09-25T03:28:42.402+0000", "rule": {"level": 7, "description": "Windows PowerShell execution detected.", "id": "92032", "firedtimes": 5, "mail": false, "groups": ["windows", "powershell"]}, "agent": {"id": "005", "name": "DB-SERVER-01", "ip": "10.0.0.51"}, "manager": {"name": "wazuh.manager"}, "decoder": {"name": "sshd"}, "location": "Security", "id": "1790306922.000819", "full_log": "{\"win\":{\"system\":{\"eventID\":4688},\"eventdata\":{\"commandLine\":\"powershell.exe -ExecutionPolicy Bypass -Command Get-Process\",\"user\":\"administrator\"}}}", "data": {"win": {"system": {"eventID": 4688}, "eventdata": {"commandLine": "powershell.exe -ExecutionPolicy Bypass -Command Get-Process", "user": "administrator"}}}, "mitre": {"id": ["T1547.001"], "tactic": ["Persistence"]}}
{"timestamp": "2026-09-26T12:58:42.402+0000", "rule": {"level": 7, "description": "Web application attack detected.", "id": "61603", "firedtimes": 10, "mail": false, "groups": ["web", "attack", "ids"]}, "agent": {"id": "001", "name": "WIN-CLIENT-01", "ip": "10.0.0.21"}, "manager": {"name": "wazuh.manager"}, "decoder": {"name": "sshd"}, "location": "suricata", "id": "1790427522.000820", "full_log": "{\"srcip\":\"172.16.0.25\",\"dstport\":\"443\",\"url\":\"/search?q=%27%20OR%201%3D1--\",\"http_method\":\"POST\"}", "data": {"srcip": "172.16.0.25", "dstport": "443", "url": "/search?q=%27%20OR%201%3D1--", "http_method": "POST"}, "mitre": {"id": ["T1059.001"], "tactic": ["Command and Control"]}}
{"timestamp": "2026-09-27T14:41:42.402+0000", "rule": {"level": 5, "description": "File integrity monitoring: file modified.", "id": "554", "firedtimes": 9, "mail": false, "groups": ["syscheck", "file_integrity"]}, "agent": {"id": "002", "name": "WIN-CLIENT-02", "ip": "10.0.0.22"}, "manager": {"name": "wazuh.manager"}, "decoder": {"name": "syscheck"}, "location": "syscheck", "id": "1790520102.000821", "full_log": "{\"path\":\"/opt/app/config.yml\",\"action\":\"modified\"}", "data": {"path": "/opt/app/config.yml", "action": "modified"}, "mitre": {"id": ["T1566.001"], "tactic": ["Persistence"]}}
{"timestamp": "2026-09-26T14:06:42.402+0000", "rule": {"level": 12, "description": "Possible exploitation attempt detected.", "id": "80700", "firedtimes": 7, "mail": true, "groups": ["exploit", "attack"]}, "agent": {"id": "003", "name": "LINUX-SERVER-01", "ip": "10.0.0.31"}, "manager": {"name": "wazuh.manager"}, "decoder": {"name": "sshd"}, "location": "syscheck", "id": "1790431602.000822", "full_log": "{\"srcip\":\"10.0.0.99\",\"dstip\":\"10.0.0.31\",\"dstport\":\"8080\"}", "data": {"srcip": "10.0.0.99", "dstip": "10.0.0.31", "dstport": "8080"}, "mitre": {"id": ["T1203"], "tactic": ["Persistence"]}}
{"timestamp": "2026-09-27T21:58:42.402+0000", "rule": {"level": 9, "description": "Suricata: IDS alert detected.", "id": "86601", "firedtimes": 7, "mail": false, "groups": ["ids", "suricata"]}, "agent": {"id": "004", "name": "WEB-SERVER-01", "ip": "10.0.0.41"}, "manager": {"name": "wazuh.manager"}, "decoder": {"name": "json"}, "location": "Security", "id": "1790546322.000823", "full_log": "{\"srcip\":\"10.0.0.15\",\"dstip\":\"10.0.0.41\",\"srcport\":63037,\"dstport\":80,\"protocol\":\"TCP\"}", "data": {"srcip": "10.0.0.15", "dstip": "10.0.0.41", "srcport": 63037, "dstport": 80, "protocol": "TCP"}, "mitre": {"id": ["T1190"], "tactic": ["Command and Control"]}}
{"timestamp": "2026-09-21T16:55:42.402+0000", "rule": {"level": 10, "description": "sshd: Attempt to login using a non-existent user.", "id": "5710", "firedtimes": 7, "mail": false, "groups": ["authentication_failed", "sshd"]}, "agent": {"id": "005", "name": "DB-SERVER-01", "ip": "10.0.0.51"}, "manager": {"name": "wazuh.manager"}, "decoder": {"name": "syscheck"}, "location": "Security", "id": "1790009742.000824", "full_log": "{\"srcip\":\"172.16.0.25\",\"srcuser\":\"alice\",\"dstuser\":\"alice\",\"dstport\":\"22\",\"protocol\":\"ssh\"}", "data": {"srcip": "172.16.0.25", "srcuser": "alice", "dstuser": "alice", "dstport": "22", "protocol": "ssh"}, "mitre": {"id": ["T1190"], "tactic": ["Persistence"]}}
{"timestamp": "2026-09-24T01:25:42.402+0000", "rule": {"level": 10, "description": "sshd: brute force trying to get access to the system.", "id": "5763", "firedtimes": 1, "mail": false, "groups": ["authentication_failed", "sshd", "brute_force"]}, "agent": {"id": "001", "name": "WIN-CLIENT-01", "ip": "10.0.0.21"}, "manager": {"name": "wazuh.manager"}, "decoder": {"name": "syscheck"}, "location": "syscheck", "id": "1790213142.000825", "full_log": "{\"srcip\":\"10.0.0.10\",\"srcuser\":\"alice\",\"dstuser\":\"alice\",\"dstport\":\"22\",\"protocol\":\"ssh\"}", "data": {"srcip": "10.0.0.10", "srcuser": "alice", "dstuser": "alice", "dstport": "22", "protocol": "ssh"}, "mitre": {"id": ["T1059.001"], "tactic": ["Initial Access"]}}
{"timestamp": "2026-09-24T16:31:42.402+0000", "rule": {"level": 8, "description": "Windows Defender: Malware detected.", "id": "60122", "firedtimes": 1, "mail": false, "groups": ["windows", "windows_defender", "malware"]}, "agent": {"id": "002", "name": "WIN-CLIENT-02", "ip": "10.0.0.22"}, "manager": {"name": "wazuh.manager"}, "decoder": {"name": "syscheck"}, "location": "sshd", "id": "1790267502.000826", "full_log": "{\"win\":{\"system\":{\"eventID\":1116},\"win_defender\":{\"threatName\":\"Trojan:Win32/TestThreat\",\"action\":\"Quarantine\"}}}", "data": {"win": {"system": {"eventID": 1116}, "win_defender": {"threatName": "Trojan:Win32/TestThreat", "action": "Quarantine"}}}, "mitre": {"id": ["T1059.001"], "tactic": ["Persistence"]}}
{"timestamp": "2026-09-27T19:30:42.402+0000", "rule": {"level": 7, "description": "Windows PowerShell execution detected.", "id": "92032", "firedtimes": 8, "mail": false, "groups": ["windows", "powershell"]}, "agent": {"id": "003", "name": "LINUX-SERVER-01", "ip": "10.0.0.31"}, "manager": {"name": "wazuh.manager"}, "decoder": {"name": "sshd"}, "location": "EventChannel", "id": "1790537442.000827", "full_log": "{\"win\":{\"system\":{\"eventID\":4688},\"eventdata\":{\"commandLine\":\"powershell.exe -NoProfile -Command ipconfig\",\"user\":\"administrator\"}}}", "data": {"win": {"system": {"eventID": 4688}, "eventdata": {"commandLine": "powershell.exe -NoProfile -Command ipconfig", "user": "administrator"}}}, "mitre": {"id": ["T1059.001"], "tactic": ["Initial Access"]}}
{"timestamp": "2026-09-26T14:32:42.402+0000", "rule": {"level": 7, "description": "Web application attack detected.", "id": "61603", "firedtimes": 9, "mail": false, "groups": ["web", "attack", "ids"]}, "agent": {"id": "004", "name": "WEB-SERVER-01", "ip": "10.0.0.41"}, "manager": {"name": "wazuh.manager"}, "decoder": {"name": "json"}, "location": "sshd", "id": "1790433162.000828", "full_log": "{\"srcip\":\"10.0.0.10\",\"dstport\":\"80\",\"url\":\"/../../etc/passwd\",\"http_method\":\"POST\"}", "data": {"srcip": "10.0.0.10", "dstport": "80", "url": "/../../etc/passwd", "http_method": "POST"}, "mitre": {"id": ["T1190"], "tactic": ["Initial Access"]}}
{"timestamp": "2026-09-28T07:00:42.402+0000", "rule": {"level": 5, "description": "File integrity monitoring: file modified.", "id": "554", "firedtimes": 11, "mail": false, "groups": ["syscheck", "file_integrity"]}, "agent": {"id": "005", "name": "DB-SERVER-01", "ip": "10.0.0.51"}, "manager": {"name": "wazuh.manager"}, "decoder": {"name": "json"}, "location": "suricata", "id": "1790578842.000829", "full_log": "{\"path\":\"/etc/ssh/sshd_config\",\"action\":\"modified\"}", "data": {"path": "/etc/ssh/sshd_config", "action": "modified"}, "mitre": {"id": ["T1203"], "tactic": ["Credential Access"]}}
{"timestamp": "2026-09-27T04:18:42.402+0000", "rule": {"level": 12, "description": "Possible exploitation attempt detected.", "id": "80700", "firedtimes": 7, "mail": true, "groups": ["exploit", "attack"]}, "agent": {"id": "001", "name": "WIN-CLIENT-01", "ip": "10.0.0.21"}, "manager": {"name": "wazuh.manager"}, "decoder": {"name": "windows"}, "location": "EventChannel", "id": "1790482722.000830", "full_log": "{\"srcip\":\"10.0.0.99\",\"dstip\":\"10.0.0.21\",\"dstport\":\"22\"}", "data": {"srcip": "10.0.0.99", "dstip": "10.0.0.21", "dstport": "22"}, "mitre": {"id": ["T1566.001"], "tactic": ["Credential Access"]}}
{"timestamp": "2026-09-25T11:34:42.402+0000", "rule": {"level": 9, "description": "Suricata: IDS alert detected.", "id": "86601", "firedtimes": 9, "mail": false, "groups": ["ids", "suricata"]}, "agent": {"id": "002", "name": "WIN-CLIENT-02", "ip": "10.0.0.22"}, "manager": {"name": "wazuh.manager"}, "decoder": {"name": "sshd"}, "location": "syscheck", "id": "1790336082.000831", "full_log": "{\"srcip\":\"10.0.0.99\",\"dstip\":\"10.0.0.22\",\"srcport\":43502,\"dstport\":3389,\"protocol\":\"TCP\"}", "data": {"srcip": "10.0.0.99", "dstip": "10.0.0.22", "srcport": 43502, "dstport": 3389, "protocol": "TCP"}, "mitre": {"id": ["T1203"], "tactic": ["Execution"]}}
{"timestamp": "2026-09-27T11:06:42.402+0000", "rule": {"level": 10, "description": "sshd: Attempt to login using a non-existent user.", "id": "5710", "firedtimes": 8, "mail": false, "groups": ["authentication_failed", "sshd"]}, "agent": {"id": "003", "name": "LINUX-SERVER-01", "ip": "10.0.0.31"}, "manager": {"name": "wazuh.manager"}, "decoder": {"name": "suricata"}, "location": "syscheck", "id": "1790507202.000832", "full_log": "{\"srcip\":\"10.0.0.10\",\"srcuser\":\"root\",\"dstuser\":\"root\",\"dstport\":\"22\",\"protocol\":\"ssh\"}", "data": {"srcip": "10.0.0.10", "srcuser": "root", "dstuser": "root", "dstport": "22", "protocol": "ssh"}, "mitre": {"id": ["T1547.001"], "tactic": ["Execution"]}}
{"timestamp": "2026-09-24T23:15:42.402+0000", "rule": {"level": 10, "description": "sshd: brute force trying to get access to the system.", "id": "5763", "firedtimes": 9, "mail": false, "groups": ["authentication_failed", "sshd", "brute_force"]}, "agent": {"id": "004", "name": "WEB-SERVER-01", "ip": "10.0.0.41"}, "manager": {"name": "wazuh.manager"}, "decoder": {"name": "syscheck"}, "location": "sshd", "id": "1790291742.000833", "full_log": "{\"srcip\":\"10.0.0.99\",\"srcuser\":\"svc-backup\",\"dstuser\":\"svc-backup\",\"dstport\":\"22\",\"protocol\":\"ssh\"}", "data": {"srcip": "10.0.0.99", "srcuser": "svc-backup", "dstuser": "svc-backup", "dstport": "22", "protocol": "ssh"}, "mitre": {"id": ["T1110", "T1110.001"], "tactic": ["Credential Access"]}}
{"timestamp": "2026-09-25T13:33:42.402+0000", "rule": {"level": 8, "description": "Windows Defender: Malware detected.", "id": "60122", "firedtimes": 9, "mail": false, "groups": ["windows", "windows_defender", "malware"]}, "agent": {"id": "005", "name": "DB-SERVER-01", "ip": "10.0.0.51"}, "manager": {"name": "wazuh.manager"}, "decoder": {"name": "suricata"}, "location": "Security", "id": "1790343222.000834", "full_log": "{\"win\":{\"system\":{\"eventID\":1116},\"win_defender\":{\"threatName\":\"Backdoor:Win32/Sample\",\"action\":\"Quarantine\"}}}", "data": {"win": {"system": {"eventID": 1116}, "win_defender": {"threatName": "Backdoor:Win32/Sample", "action": "Quarantine"}}}, "mitre": {"id": ["T1190"], "tactic": ["Command and Control"]}}
{"timestamp": "2026-09-27T09:15:42.402+0000", "rule": {"level": 7, "description": "Windows PowerShell execution detected.", "id": "92032", "firedtimes": 11, "mail": false, "groups": ["windows", "powershell"]}, "agent": {"id": "001", "name": "WIN-CLIENT-01", "ip": "10.0.0.21"}, "manager": {"name": "wazuh.manager"}, "decoder": {"name": "json"}, "location": "syscheck", "id": "1790500542.000835", "full_log": "{\"win\":{\"system\":{\"eventID\":4688},\"eventdata\":{\"commandLine\":\"powershell.exe -Command Get-Service\",\"user\":\"john\"}}}", "data": {"win": {"system": {"eventID": 4688}, "eventdata": {"commandLine": "powershell.exe -Command Get-Service", "user": "john"}}}, "mitre": {"id": ["T1190"], "tactic": ["Credential Access"]}}
{"timestamp": "2026-09-22T05:38:42.402+0000", "rule": {"level": 7, "description": "Web application attack detected.", "id": "61603", "firedtimes": 3, "mail": false, "groups": ["web", "attack", "ids"]}, "agent": {"id": "002", "name": "WIN-CLIENT-02", "ip": "10.0.0.22"}, "manager": {"name": "wazuh.manager"}, "decoder": {"name": "windows"}, "location": "Security", "id": "1790055522.000836", "full_log": "{\"srcip\":\"172.16.0.25\",\"dstport\":\"443\",\"url\":\"/login?user=admin\",\"http_method\":\"GET\"}", "data": {"srcip": "172.16.0.25", "dstport": "443", "url": "/login?user=admin", "http_method": "GET"}, "mitre": {"id": ["T1071.001"], "tactic": ["Execution"]}}
{"timestamp": "2026-09-26T23:16:42.402+0000", "rule": {"level": 5, "description": "File integrity monitoring: file modified.", "id": "554", "firedtimes": 5, "mail": false, "groups": ["syscheck", "file_integrity"]}, "agent": {"id": "003", "name": "LINUX-SERVER-01", "ip": "10.0.0.31"}, "manager": {"name": "wazuh.manager"}, "decoder": {"name": "syscheck"}, "location": "suricata", "id": "1790464602.000837", "full_log": "{\"path\":\"/etc/passwd\",\"action\":\"modified\"}", "data": {"path": "/etc/passwd", "action": "modified"}, "mitre": {"id": ["T1059.001"], "tactic": ["Persistence"]}}
{"timestamp": "2026-09-25T06:25:42.402+0000", "rule": {"level": 12, "description": "Possible exploitation attempt detected.", "id": "80700", "firedtimes": 11, "mail": true, "groups": ["exploit", "attack"]}, "agent": {"id": "004", "name": "WEB-SERVER-01", "ip": "10.0.0.41"}, "manager": {"name": "wazuh.manager"}, "decoder": {"name": "json"}, "location": "sshd", "id": "1790317542.000838", "full_log": "{\"srcip\":\"172.16.0.25\",\"dstip\":\"10.0.0.41\",\"dstport\":\"8080\"}", "data": {"srcip": "172.16.0.25", "dstip": "10.0.0.41", "dstport": "8080"}, "mitre": {"id": ["T1059.001"], "tactic": ["Credential Access"]}}
{"timestamp": "2026-09-21T13:46:42.402+0000", "rule": {"level": 9, "description": "Suricata: IDS alert detected.", "id": "86601", "firedtimes": 10, "mail": false, "groups": ["ids", "suricata"]}, "agent": {"id": "005", "name": "DB-SERVER-01", "ip": "10.0.0.51"}, "manager": {"name": "wazuh.manager"}, "decoder": {"name": "windows"}, "location": "sshd", "id": "1789998402.000839", "full_log": "{\"srcip\":\"10.0.0.15\",\"dstip\":\"10.0.0.51\",\"srcport\":43273,\"dstport\":443,\"protocol\":\"UDP\"}", "data": {"srcip": "10.0.0.15", "dstip": "10.0.0.51", "srcport": 43273, "dstport": 443, "protocol": "UDP"}, "mitre": {"id": ["T1190"], "tactic": ["Command and Control"]}}
{"timestamp": "2026-09-27T08:31:42.402+0000", "rule": {"level": 10, "description": "sshd: Attempt to login using a non-existent user.", "id": "5710", "firedtimes": 8, "mail": false, "groups": ["authentication_failed", "sshd"]}, "agent": {"id": "001", "name": "WIN-CLIENT-01", "ip": "10.0.0.21"}, "manager": {"name": "wazuh.manager"}, "decoder": {"name": "windows"}, "location": "suricata", "id": "1790497902.000840", "full_log": "{\"srcip\":\"192.168.1.55\",\"srcuser\":\"john\",\"dstuser\":\"john\",\"dstport\":\"22\",\"protocol\":\"ssh\"}", "data": {"srcip": "192.168.1.55", "srcuser": "john", "dstuser": "john", "dstport": "22", "protocol": "ssh"}, "mitre": {"id": ["T1059.001"], "tactic": ["Initial Access"]}}
{"timestamp": "2026-09-23T06:38:42.402+0000", "rule": {"level": 10, "description": "sshd: brute force trying to get access to the system.", "id": "5763", "firedtimes": 8, "mail": false, "groups": ["authentication_failed", "sshd", "brute_force"]}, "agent": {"id": "002", "name": "WIN-CLIENT-02", "ip": "10.0.0.22"}, "manager": {"name": "wazuh.manager"}, "decoder": {"name": "windows"}, "location": "sshd", "id": "1790145522.000841", "full_log": "{\"srcip\":\"10.0.0.99\",\"srcuser\":\"admin\",\"dstuser\":\"admin\",\"dstport\":\"22\",\"protocol\":\"ssh\"}", "data": {"srcip": "10.0.0.99", "srcuser": "admin", "dstuser": "admin", "dstport": "22", "protocol": "ssh"}, "mitre": {"id": ["T1547.001"], "tactic": ["Credential Access"]}}
{"timestamp": "2026-09-23T00:15:42.402+0000", "rule": {"level": 8, "description": "Windows Defender: Malware detected.", "id": "60122", "firedtimes": 3, "mail": false, "groups": ["windows", "windows_defender", "malware"]}, "agent": {"id": "003", "name": "LINUX-SERVER-01", "ip": "10.0.0.31"}, "manager": {"name": "wazuh.manager"}, "decoder": {"name": "suricata"}, "location": "syscheck", "id": "1790122542.000842", "full_log": "{\"win\":{\"system\":{\"eventID\":1116},\"win_defender\":{\"threatName\":\"Backdoor:Win32/Sample\",\"action\":\"Quarantine\"}}}", "data": {"win": {"system": {"eventID": 1116}, "win_defender": {"threatName": "Backdoor:Win32/Sample", "action": "Quarantine"}}}, "mitre": {"id": ["T1071.001"], "tactic": ["Command and Control"]}}
{"timestamp": "2026-09-24T13:38:42.402+0000", "rule": {"level": 7, "description": "Windows PowerShell execution detected.", "id": "92032", "firedtimes": 3, "mail": false, "groups": ["windows", "powershell"]}, "agent": {"id": "004", "name": "WEB-SERVER-01", "ip": "10.0.0.41"}, "manager": {"name": "wazuh.manager"}, "decoder": {"name": "sshd"}, "location": "Security", "id": "1790257122.000843", "full_log": "{\"win\":{\"system\":{\"eventID\":4688},\"eventdata\":{\"commandLine\":\"powershell.exe -Command whoami\",\"user\":\"admin\"}}}", "data": {"win": {"system": {"eventID": 4688}, "eventdata": {"commandLine": "powershell.exe -Command whoami", "user": "admin"}}}, "mitre": {"id": ["T1110", "T1110.001"], "tactic": ["Initial Access"]}}
{"timestamp": "2026-09-27T20:38:42.402+0000", "rule": {"level": 7, "description": "Web application attack detected.", "id": "61603", "firedtimes": 4, "mail": false, "groups": ["web", "attack", "ids"]}, "agent": {"id": "005", "name": "DB-SERVER-01", "ip": "10.0.0.51"}, "manager": {"name": "wazuh.manager"}, "decoder": {"name": "suricata"}, "location": "Security", "id": "1790541522.000844", "full_log": "{\"srcip\":\"10.0.0.15\",\"dstport\":\"443\",\"url\":\"/api/users/1\",\"http_method\":\"GET\"}", "data": {"srcip": "10.0.0.15", "dstport": "443", "url": "/api/users/1", "http_method": "GET"}, "mitre": {"id": ["T1071.001"], "tactic": ["Initial Access"]}}
{"timestamp": "2026-09-25T05:38:42.402+0000", "rule": {"level": 5, "description": "File integrity monitoring: file modified.", "id": "554", "firedtimes": 9, "mail": false, "groups": ["syscheck", "file_integrity"]}, "agent": {"id": "001", "name": "WIN-CLIENT-01", "ip": "10.0.0.21"}, "manager": {"name": "wazuh.manager"}, "decoder": {"name": "sshd"}, "location": "suricata", "id": "1790314722.000845", "full_log": "{\"path\":\"/opt/app/config.yml\",\"action\":\"modified\"}", "data": {"path": "/opt/app/config.yml", "action": "modified"}, "mitre": {"id": ["T1203"], "tactic": ["Credential Access"]}}
{"timestamp": "2026-09-21T14:33:42.402+0000", "rule": {"level": 12, "description": "Possible exploitation attempt detected.", "id": "80700", "firedtimes": 8, "mail": true, "groups": ["exploit", "attack"]}, "agent": {"id": "002", "name": "WIN-CLIENT-02", "ip": "10.0.0.22"}, "manager": {"name": "wazuh.manager"}, "decoder": {"name": "windows"}, "location": "syscheck", "id": "1790001222.000846", "full_log": "{\"srcip\":\"172.16.0.25\",\"dstip\":\"10.0.0.22\",\"dstport\":\"80\"}", "data": {"srcip": "172.16.0.25", "dstip": "10.0.0.22", "dstport": "80"}, "mitre": {"id": ["T1110", "T1110.001"], "tactic": ["Command and Control"]}}
{"timestamp": "2026-09-27T02:18:42.402+0000", "rule": {"level": 9, "description": "Suricata: IDS alert detected.", "id": "86601", "firedtimes": 5, "mail": false, "groups": ["ids", "suricata"]}, "agent": {"id": "003", "name": "LINUX-SERVER-01", "ip": "10.0.0.31"}, "manager": {"name": "wazuh.manager"}, "decoder": {"name": "suricata"}, "location": "syscheck", "id": "1790475522.000847", "full_log": "{\"srcip\":\"10.0.0.99\",\"dstip\":\"10.0.0.31\",\"srcport\":47256,\"dstport\":443,\"protocol\":\"UDP\"}", "data": {"srcip": "10.0.0.99", "dstip": "10.0.0.31", "srcport": 47256, "dstport": 443, "protocol": "UDP"}, "mitre": {"id": ["T1547.001"], "tactic": ["Command and Control"]}}
{"timestamp": "2026-09-26T08:28:42.402+0000", "rule": {"level": 10, "description": "sshd: Attempt to login using a non-existent user.", "id": "5710", "firedtimes": 2, "mail": false, "groups": ["authentication_failed", "sshd"]}, "agent": {"id": "004", "name": "WEB-SERVER-01", "ip": "10.0.0.41"}, "manager": {"name": "wazuh.manager"}, "decoder": {"name": "syscheck"}, "location": "Security", "id": "1790411322.000848", "full_log": "{\"srcip\":\"10.0.0.99\",\"srcuser\":\"root\",\"dstuser\":\"root\",\"dstport\":\"22\",\"protocol\":\"ssh\"}", "data": {"srcip": "10.0.0.99", "srcuser": "root", "dstuser": "root", "dstport": "22", "protocol": "ssh"}, "mitre": {"id": ["T1059.001"], "tactic": ["Command and Control"]}}
{"timestamp": "2026-09-22T15:39:42.402+0000", "rule": {"level": 10, "description": "sshd: brute force trying to get access to the system.", "id": "5763", "firedtimes": 7, "mail": false, "groups": ["authentication_failed", "sshd", "brute_force"]}, "agent": {"id": "005", "name": "DB-SERVER-01", "ip": "10.0.0.51"}, "manager": {"name": "wazuh.manager"}, "decoder": {"name": "suricata"}, "location": "syscheck", "id": "1790091582.000849", "full_log": "{\"srcip\":\"10.0.0.99\",\"srcuser\":\"administrator\",\"dstuser\":\"administrator\",\"dstport\":\"22\",\"protocol\":\"ssh\"}", "data": {"srcip": "10.0.0.99", "srcuser": "administrator", "dstuser": "administrator", "dstport": "22", "protocol": "ssh"}, "mitre": {"id": ["T1190"], "tactic": ["Initial Access"]}}
{"timestamp": "2026-09-22T09:00:42.402+0000", "rule": {"level": 8, "description": "Windows Defender: Malware detected.", "id": "60122", "firedtimes": 11, "mail": false, "groups": ["windows", "windows_defender", "malware"]}, "agent": {"id": "001", "name": "WIN-CLIENT-01", "ip": "10.0.0.21"}, "manager": {"name": "wazuh.manager"}, "decoder": {"name": "sshd"}, "location": "suricata", "id": "1790067642.000850", "full_log": "{\"win\":{\"system\":{\"eventID\":1116},\"win_defender\":{\"threatName\":\"PUA:Win32/Example\",\"action\":\"Quarantine\"}}}", "data": {"win": {"system": {"eventID": 1116}, "win_defender": {"threatName": "PUA:Win32/Example", "action": "Quarantine"}}}, "mitre": {"id": ["T1566.001"], "tactic": ["Execution"]}}
{"timestamp": "2026-09-24T11:38:42.402+0000", "rule": {"level": 7, "description": "Windows PowerShell execution detected.", "id": "92032", "firedtimes": 9, "mail": false, "groups": ["windows", "powershell"]}, "agent": {"id": "002", "name": "WIN-CLIENT-02", "ip": "10.0.0.22"}, "manager": {"name": "wazuh.manager"}, "decoder": {"name": "syscheck"}, "location": "Security", "id": "1790249922.000851", "full_log": "{\"win\":{\"system\":{\"eventID\":4688},\"eventdata\":{\"commandLine\":\"powershell.exe -ExecutionPolicy Bypass -Command Get-Process\",\"user\":\"administrator\"}}}", "data": {"win": {"system": {"eventID": 4688}, "eventdata": {"commandLine": "powershell.exe -ExecutionPolicy Bypass -Command Get-Process", "user": "administrator"}}}, "mitre": {"id": ["T1566.001"], "tactic": ["Persistence"]}}
{"timestamp": "2026-09-23T12:50:42.402+0000", "rule": {"level": 7, "description": "Web application attack detected.", "id": "61603", "firedtimes": 7, "mail": false, "groups": ["web", "attack", "ids"]}, "agent": {"id": "003", "name": "LINUX-SERVER-01", "ip": "10.0.0.31"}, "manager": {"name": "wazuh.manager"}, "decoder": {"name": "sshd"}, "location": "EventChannel", "id": "1790167842.000852", "full_log": "{\"srcip\":\"172.16.0.25\",\"dstport\":\"8080\",\"url\":\"/login?user=admin\",\"http_method\":\"POST\"}", "data": {"srcip": "172.16.0.25", "dstport": "8080", "url": "/login?user=admin", "http_method": "POST"}, "mitre": {"id": ["T1203"], "tactic": ["Persistence"]}}
{"timestamp": "2026-09-25T13:33:42.402+0000", "rule": {"level": 5, "description": "File integrity monitoring: file modified.", "id": "554", "firedtimes": 6, "mail": false, "groups": ["syscheck", "file_integrity"]}, "agent": {"id": "004", "name": "WEB-SERVER-01", "ip": "10.0.0.41"}, "manager": {"name": "wazuh.manager"}, "decoder": {"name": "windows"}, "location": "EventChannel", "id": "1790343222.000853", "full_log": "{\"path\":\"/var/www/html/index.php\",\"action\":\"modified\"}", "data": {"path": "/var/www/html/index.php", "action": "modified"}, "mitre": {"id": ["T1547.001"], "tactic": ["Command and Control"]}}
{"timestamp": "2026-09-22T07:40:42.402+0000", "rule": {"level": 12, "description": "Possible exploitation attempt detected.", "id": "80700", "firedtimes": 12, "mail": true, "groups": ["exploit", "attack"]}, "agent": {"id": "005", "name": "DB-SERVER-01", "ip": "10.0.0.51"}, "manager": {"name": "wazuh.manager"}, "decoder": {"name": "syscheck"}, "location": "EventChannel", "id": "1790062842.000854", "full_log": "{\"srcip\":\"10.0.0.15\",\"dstip\":\"10.0.0.51\",\"dstport\":\"445\"}", "data": {"srcip": "10.0.0.15", "dstip": "10.0.0.51", "dstport": "445"}, "mitre": {"id": ["T1203"], "tactic": ["Execution"]}}
{"timestamp": "2026-09-26T03:29:42.402+0000", "rule": {"level": 9, "description": "Suricata: IDS alert detected.", "id": "86601", "firedtimes": 3, "mail": false, "groups": ["ids", "suricata"]}, "agent": {"id": "001", "name": "WIN-CLIENT-01", "ip": "10.0.0.21"}, "manager": {"name": "wazuh.manager"}, "decoder": {"name": "sshd"}, "location": "sshd", "id": "1790393382.000855", "full_log": "{\"srcip\":\"172.16.0.25\",\"dstip\":\"10.0.0.21\",\"srcport\":55780,\"dstport\":3389,\"protocol\":\"TCP\"}", "data": {"srcip": "172.16.0.25", "dstip": "10.0.0.21", "srcport": 55780, "dstport": 3389, "protocol": "TCP"}, "mitre": {"id": ["T1190"], "tactic": ["Command and Control"]}}
{"timestamp": "2026-09-25T03:20:42.402+0000", "rule": {"level": 10, "description": "sshd: Attempt to login using a non-existent user.", "id": "5710", "firedtimes": 7, "mail": false, "groups": ["authentication_failed", "sshd"]}, "agent": {"id": "002", "name": "WIN-CLIENT-02", "ip": "10.0.0.22"}, "manager": {"name": "wazuh.manager"}, "decoder": {"name": "json"}, "location": "Security", "id": "1790306442.000856", "full_log": "{\"srcip\":\"10.0.0.10\",\"srcuser\":\"alice\",\"dstuser\":\"alice\",\"dstport\":\"22\",\"protocol\":\"ssh\"}", "data": {"srcip": "10.0.0.10", "srcuser": "alice", "dstuser": "alice", "dstport": "22", "protocol": "ssh"}, "mitre": {"id": ["T1190"], "tactic": ["Initial Access"]}}
{"timestamp": "2026-09-26T00:56:42.402+0000", "rule": {"level": 10, "description": "sshd: brute force trying to get access to the system.", "id": "5763", "firedtimes": 8, "mail": false, "groups": ["authentication_failed", "sshd", "brute_force"]}, "agent": {"id": "003", "name": "LINUX-SERVER-01", "ip": "10.0.0.31"}, "manager": {"name": "wazuh.manager"}, "decoder": {"name": "suricata"}, "location": "syscheck", "id": "1790384202.000857", "full_log": "{\"srcip\":\"10.0.0.15\",\"srcuser\":\"alice\",\"dstuser\":\"alice\",\"dstport\":\"22\",\"protocol\":\"ssh\"}", "data": {"srcip": "10.0.0.15", "srcuser": "alice", "dstuser": "alice", "dstport": "22", "protocol": "ssh"}, "mitre": {"id": ["T1059.001"], "tactic": ["Execution"]}}
{"timestamp": "2026-09-25T15:59:42.402+0000", "rule": {"level": 8, "description": "Windows Defender: Malware detected.", "id": "60122", "firedtimes": 1, "mail": false, "groups": ["windows", "windows_defender", "malware"]}, "agent": {"id": "004", "name": "WEB-SERVER-01", "ip": "10.0.0.41"}, "manager": {"name": "wazuh.manager"}, "decoder": {"name": "windows"}, "location": "suricata", "id": "1790351982.000858", "full_log": "{\"win\":{\"system\":{\"eventID\":1116},\"win_defender\":{\"threatName\":\"Backdoor:Win32/Sample\",\"action\":\"Quarantine\"}}}", "data": {"win": {"system": {"eventID": 1116}, "win_defender": {"threatName": "Backdoor:Win32/Sample", "action": "Quarantine"}}}, "mitre": {"id": ["T1203"], "tactic": ["Persistence"]}}
{"timestamp": "2026-09-27T16:28:42.402+0000", "rule": {"level": 7, "description": "Windows PowerShell execution detected.", "id": "92032", "firedtimes": 1, "mail": false, "groups": ["windows", "powershell"]}, "agent": {"id": "005", "name": "DB-SERVER-01", "ip": "10.0.0.51"}, "manager": {"name": "wazuh.manager"}, "decoder": {"name": "sshd"}, "location": "sshd", "id": "1790526522.000859", "full_log": "{\"win\":{\"system\":{\"eventID\":4688},\"eventdata\":{\"commandLine\":\"powershell.exe -ExecutionPolicy Bypass -Command Get-Process\",\"user\":\"admin\"}}}", "data": {"win": {"system": {"eventID": 4688}, "eventdata": {"commandLine": "powershell.exe -ExecutionPolicy Bypass -Command Get-Process", "user": "admin"}}}, "mitre": {"id": ["T1203"], "tactic": ["Persistence"]}}
